#**********************************************************************************
#                               BRAKER CONFIGURATION                               
#**********************************************************************************
# BRAKER CALL: /opt/BRAKER/scripts/braker.pl --workingdir=BRAKER1 --genome=/opt/BRAKER/example/genome.fa --bam=/opt/BRAKER/example/RNAseq.bam --softmasking --busco_lineage eukaryota_odb10 --threads 8 --AUGUSTUS_CONFIG_PATH=/data/classes/ibe_genann2025/users/ibe_hoff/.augustus --gm_max_intergenic 10000 --skipOptimize
# Wed Apr 30 17:57:29 2025: braker.pl version 3.0.8
# Wed Apr 30 17:57:29 2025: Creating directory /data/classes/ibe_genann2025/users/ibe_hoff/GenomeAnnotation_Workshop_Barcelona/BRAKER1.
# Wed Apr 30 17:57:29 2025: Only RNA-Seq input detected, BRAKER will be executed in ET mode (BRAKER1).
# Wed Apr 30 17:57:29 2025: Configuring of BRAKER for using external tools...
# Wed Apr 30 17:57:29 2025: Trying to set $AUGUSTUS_CONFIG_PATH...
# Wed Apr 30 17:57:29 2025: Found command line argument $AUGUSTUS_CONFIG_PATH.
# Wed Apr 30 17:57:29 2025: Checking /data/classes/ibe_genann2025/users/ibe_hoff/.augustus as potential path for $AUGUSTUS_CONFIG_PATH.
# Wed Apr 30 17:57:29 2025: Success! Setting $AUGUSTUS_CONFIG_PATH to /data/classes/ibe_genann2025/users/ibe_hoff/.augustus!
# Wed Apr 30 17:57:29 2025: Trying to set $AUGUSTUS_BIN_PATH...
# Wed Apr 30 17:57:29 2025: Found environment variable $AUGUSTUS_BIN_PATH.
# Wed Apr 30 17:57:29 2025: Checking /usr/bin/ as potential path for $AUGUSTUS_BIN_PATH.
# Wed Apr 30 17:57:29 2025: Success! Setting $AUGUSTUS_BIN_PATH to /usr/bin/!
# Wed Apr 30 17:57:29 2025: Trying to set $AUGUSTUS_SCRIPTS_PATH...
# Wed Apr 30 17:57:29 2025: Found environment variable $AUGUSTUS_SCRIPTS_PATH.
# Wed Apr 30 17:57:29 2025: Checking /usr/share/augustus/scripts/ as potential path for $AUGUSTUS_SCRIPTS_PATH.
# Wed Apr 30 17:57:29 2025: Success! Setting $AUGUSTUS_SCRIPTS_PATH to /usr/share/augustus/scripts/!
# Wed Apr 30 17:57:29 2025: Trying to set $PYTHON3_PATH...
# Wed Apr 30 17:57:29 2025: Did not find environment variable $PYTHON3_PATH.
# Wed Apr 30 17:57:29 2025: Trying to guess PYTHON3_PATH from location of python3 executable that is available in your $PATH
# Wed Apr 30 17:57:29 2025: Checking /opt/conda/bin as potential path for $PYTHON3_PATH.
# Wed Apr 30 17:57:29 2025: Success! Setting $PYTHON3_PATH to /opt/conda/bin!
# Wed Apr 30 17:57:29 2025: Trying to set $COMPLEASM_PATH...
# Wed Apr 30 17:57:29 2025: Did not find environment variable $COMPLEASM_PATH.
# Wed Apr 30 17:57:29 2025: Trying to guess COMPLEASM_PATH from location of compleasm.py executable that is available in your $PATH
# Wed Apr 30 17:57:29 2025: Checking /opt/compleasm_kit as potential path for $COMPLEASM_PATH.
# Wed Apr 30 17:57:29 2025: Success! Setting $COMPLEASM_PATH to /opt/compleasm_kit!
# Wed Apr 30 17:57:29 2025: Trying to set $GENEMARK_PATH...
# Wed Apr 30 17:57:29 2025: Found environment variable $GENEMARK_PATH.
# Wed Apr 30 17:57:29 2025: Checking /opt/ETP/bin as potential path for $GENEMARK_PATH.
#*********
# WARNING: Couldn't find gmes_petap.pl in /opt/ETP/bin. Will not set $GENEMARK_PATH to /opt/ETP/bin!
#*********
# Wed Apr 30 17:57:29 2025: Trying to guess GENEMARK_PATH from location of gmes_petap.pl executable that is available in your $PATH
# Wed Apr 30 17:57:29 2025: Checking /opt/ETP/bin/gmes as potential path for $GENEMARK_PATH.
# Wed Apr 30 17:57:29 2025: Success! Setting $GENEMARK_PATH to /opt/ETP/bin/gmes!
# Wed Apr 30 17:57:29 2025: Trying to set $BAMTOOLS_PATH...
# Wed Apr 30 17:57:29 2025: Did not find environment variable $BAMTOOLS_PATH.
# Wed Apr 30 17:57:29 2025: Trying to guess BAMTOOLS_PATH from location of bamtools executable that is available in your $PATH
# Wed Apr 30 17:57:29 2025: Checking /usr/bin as potential path for $BAMTOOLS_PATH.
# Wed Apr 30 17:57:29 2025: Success! Setting $BAMTOOLS_PATH to /usr/bin!
# Wed Apr 30 17:57:29 2025: Trying to set $SAMTOOLS_PATH...
# Wed Apr 30 17:57:29 2025: Did not find environment variable $SAMTOOLS_PATH.
# Wed Apr 30 17:57:29 2025: Trying to guess SAMTOOLS_PATH from location of samtools executable that is available in your $PATH
# Wed Apr 30 17:57:29 2025: Checking /usr/bin as potential path for $SAMTOOLS_PATH.
# Wed Apr 30 17:57:29 2025: Success! Setting $SAMTOOLS_PATH to /usr/bin!
# Wed Apr 30 17:57:29 2025: Trying to set $DIAMOND_PATH...
# Wed Apr 30 17:57:29 2025: Did not find environment variable $DIAMOND_PATH.
# Wed Apr 30 17:57:29 2025: Trying to guess DIAMOND_PATH from location of diamond executable that is available in your $PATH
# Wed Apr 30 17:57:29 2025: Checking /opt/ETP/tools as potential path for $DIAMOND_PATH.
# Wed Apr 30 17:57:29 2025: Success! Setting $DIAMOND_PATH to /opt/ETP/tools!
# Wed Apr 30 17:57:29 2025: Trying to set $TSEBRA_PATH...
# Wed Apr 30 17:57:29 2025: Did not find environment variable $TSEBRA_PATH.
# Wed Apr 30 17:57:29 2025: Trying to guess TSEBRA_PATH from location of tsebra.py executable that is available in your $PATH
# Wed Apr 30 17:57:29 2025: Checking /opt/TSEBRA/bin as potential path for $TSEBRA_PATH.
# Wed Apr 30 17:57:29 2025: Success! Setting $TSEBRA_PATH to /opt/TSEBRA/bin!
# Wed Apr 30 17:57:29 2025: Trying to set $CDBTOOLS_PATH...
# Wed Apr 30 17:57:29 2025: Did not find environment variable $CDBTOOLS_PATH.
# Wed Apr 30 17:57:29 2025: Trying to guess CDBTOOLS_PATH from location of cdbfasta executable that is available in your $PATH
# Wed Apr 30 17:57:29 2025: Checking /opt/cdbfasta as potential path for $CDBTOOLS_PATH.
# Wed Apr 30 17:57:29 2025: Success! Setting $CDBTOOLS_PATH to /opt/cdbfasta!
#*********
# IMPORTANT INFORMATION: no species for identifying the AUGUSTUS  parameter set that will arise from this BRAKER run was set. BRAKER will create an AUGUSTUS parameter set with name Sp_3. This parameter set can be used for future BRAKER/AUGUSTUS prediction runs for the same species. It is usually not necessary to retrain AUGUSTUS with novel extrinsic data if a high quality parameter set already exists.
#*********
#**********************************************************************************
#                               CREATING DIRECTORY STRUCTURE                       
#**********************************************************************************
# Wed Apr 30 17:57:30 2025: creating file that contains citations for this BRAKER run at /data/classes/ibe_genann2025/users/ibe_hoff/GenomeAnnotation_Workshop_Barcelona/BRAKER1/what-to-cite.txt...
# Wed Apr 30 17:57:30 2025: create working directory /data/classes/ibe_genann2025/users/ibe_hoff/GenomeAnnotation_Workshop_Barcelona/BRAKER1/GeneMark-ET.
mkdir /data/classes/ibe_genann2025/users/ibe_hoff/GenomeAnnotation_Workshop_Barcelona/BRAKER1/GeneMark-ET
# Wed Apr 30 17:57:30 2025: create working directory /data/classes/ibe_genann2025/users/ibe_hoff/GenomeAnnotation_Workshop_Barcelona/BRAKER1/species
mkdir /data/classes/ibe_genann2025/users/ibe_hoff/GenomeAnnotation_Workshop_Barcelona/BRAKER1/species
# Wed Apr 30 17:57:30 2025: create working directory /data/classes/ibe_genann2025/users/ibe_hoff/GenomeAnnotation_Workshop_Barcelona/BRAKER1/errors
mkdir /data/classes/ibe_genann2025/users/ibe_hoff/GenomeAnnotation_Workshop_Barcelona/BRAKER1/errors
# Wed Apr 30 17:57:30 2025: changing into working directory /data/classes/ibe_genann2025/users/ibe_hoff/GenomeAnnotation_Workshop_Barcelona/BRAKER1
cd /data/classes/ibe_genann2025/users/ibe_hoff/GenomeAnnotation_Workshop_Barcelona/BRAKER1
# Wed Apr 30 17:57:30 2025: getting GC content of the genome
/opt/BRAKER/scripts/get_gc_content.py --sequences /opt/BRAKER/example/genome.fa --print_sequence_length 1> /data/classes/ibe_genann2025/users/ibe_hoff/GenomeAnnotation_Workshop_Barcelona/BRAKER1/gc_content.out 2> /data/classes/ibe_genann2025/users/ibe_hoff/GenomeAnnotation_Workshop_Barcelona/BRAKER1/errors/gc_content.stderr
# Wed Apr 30 17:57:30 2025: Creating parameter template files for AUGUSTUS with new_species.pl
# Wed Apr 30 17:57:30 2025: new_species.pl will create parameter files for species Sp_3 in /data/classes/ibe_genann2025/users/ibe_hoff/.augustus/species/Sp_3
/usr/bin/perl /usr/share/augustus/scripts/new_species.pl --species=Sp_3 --AUGUSTUS_CONFIG_PATH=/data/classes/ibe_genann2025/users/ibe_hoff/.augustus 1> /dev/null 2>/data/classes/ibe_genann2025/users/ibe_hoff/GenomeAnnotation_Workshop_Barcelona/BRAKER1/errors/new_species.stderr
# Wed Apr 30 17:57:30 2025: check_fasta_headers(): Checking fasta headers of file /opt/BRAKER/example/genome.fa
#**********************************************************************************
#                               PROCESSING HINTS                                   
#**********************************************************************************
# Wed Apr 30 17:57:30 2025: Running compleasm and converting the output to hints
/opt/conda/bin/python3 /usr/share/augustus/scripts/compleasm_to_hints.py -p /opt/compleasm_kit/compleasm.py -g /data/classes/ibe_genann2025/users/ibe_hoff/GenomeAnnotation_Workshop_Barcelona/BRAKER1/genome.fa -d eukaryota_odb10 -t 8 -o /data/classes/ibe_genann2025/users/ibe_hoff/GenomeAnnotation_Workshop_Barcelona/BRAKER1/compleasm_hints.gff 1> /data/classes/ibe_genann2025/users/ibe_hoff/GenomeAnnotation_Workshop_Barcelona/BRAKER1/errors/compleasm_to_hints.stderr 2>&1
# Wed Apr 30 17:59:45 2025: Generating hints from compleasm (genome level) finished.
# Wed Apr 30 17:59:45 2025: Converting bam files to hints
# Wed Apr 30 17:59:45 2025: Checking bam headers
# Wed Apr 30 17:59:45 2025: create header file /data/classes/ibe_genann2025/users/ibe_hoff/GenomeAnnotation_Workshop_Barcelona/BRAKER1/RNAseq_header.sam
/usr/bin/bamtools header -in /opt/BRAKER/example/RNAseq.bam > /data/classes/ibe_genann2025/users/ibe_hoff/GenomeAnnotation_Workshop_Barcelona/BRAKER1/RNAseq_header.sam
# Wed Apr 30 17:59:45 2025: Deleting SAM header file /data/classes/ibe_genann2025/users/ibe_hoff/GenomeAnnotation_Workshop_Barcelona/BRAKER1/RNAseq_header.sam (will not be needed from here on)
# Wed Apr 30 17:59:45 2025: Deleting /data/classes/ibe_genann2025/users/ibe_hoff/GenomeAnnotation_Workshop_Barcelona/BRAKER1/RNAseq_new_header.sam
# Wed Apr 30 17:59:45 2025: make hints from BAM file /opt/BRAKER/example/RNAseq.bam
/usr/bin//bam2hints --intronsonly --in=/opt/BRAKER/example/RNAseq.bam --out=/data/classes/ibe_genann2025/users/ibe_hoff/GenomeAnnotation_Workshop_Barcelona/BRAKER1/bam2hints.temp.0.gff 1> /data/classes/ibe_genann2025/users/ibe_hoff/GenomeAnnotation_Workshop_Barcelona/BRAKER1/errors/bam2hints.0.stdout 2>/data/classes/ibe_genann2025/users/ibe_hoff/GenomeAnnotation_Workshop_Barcelona/BRAKER1/errors/bam2hints.0.stderr
# Wed Apr 30 18:00:03 2025: add hints from BAM file /opt/BRAKER/example/RNAseq.bam to hints file
cat /data/classes/ibe_genann2025/users/ibe_hoff/GenomeAnnotation_Workshop_Barcelona/BRAKER1/bam2hints.temp.0.gff >>/data/classes/ibe_genann2025/users/ibe_hoff/GenomeAnnotation_Workshop_Barcelona/BRAKER1/hintsfile.temp.gff
# Wed Apr 30 18:00:03 2025: Checking for hints of src=C and with grp tags that should not be joined according to multiplicity
# Wed Apr 30 18:00:03 2025: Joining hints that are identical (& from the same source) into multiplicity hints (input file /data/classes/ibe_genann2025/users/ibe_hoff/GenomeAnnotation_Workshop_Barcelona/BRAKER1/tmp_merge_hints.gff)
# Wed Apr 30 18:00:03 2025: sort hints of type rnaseq
cat /data/classes/ibe_genann2025/users/ibe_hoff/GenomeAnnotation_Workshop_Barcelona/BRAKER1/tmp_merge_hints.gff | sort -n -k 4,4 | sort -s -n -k 5,5 | sort -s -n -k 3,3 | sort -s -k 1,1 >/data/classes/ibe_genann2025/users/ibe_hoff/GenomeAnnotation_Workshop_Barcelona/BRAKER1/hints.rnaseq.temp.sort.gff
# Wed Apr 30 18:00:03 2025: join multiple hints
/usr/bin/perl /usr/share/augustus/scripts/join_mult_hints.pl </data/classes/ibe_genann2025/users/ibe_hoff/GenomeAnnotation_Workshop_Barcelona/BRAKER1/hints.rnaseq.temp.sort.gff >/data/classes/ibe_genann2025/users/ibe_hoff/GenomeAnnotation_Workshop_Barcelona/BRAKER1/tmp_merge_hints.gff 2>/data/classes/ibe_genann2025/users/ibe_hoff/GenomeAnnotation_Workshop_Barcelona/BRAKER1/errors/join_mult_hints.rnaseq.stderr
mv /data/classes/ibe_genann2025/users/ibe_hoff/GenomeAnnotation_Workshop_Barcelona/BRAKER1/tmp_merge_hints.gff /data/classes/ibe_genann2025/users/ibe_hoff/GenomeAnnotation_Workshop_Barcelona/BRAKER1/hintsfile.temp.gff
# Wed Apr 30 18:00:03 2025: filter introns, find strand and change score to 'mult' entry
/usr/bin/perl /opt/BRAKER/scripts/filterIntronsFindStrand.pl /data/classes/ibe_genann2025/users/ibe_hoff/GenomeAnnotation_Workshop_Barcelona/BRAKER1/genome.fa /data/classes/ibe_genann2025/users/ibe_hoff/GenomeAnnotation_Workshop_Barcelona/BRAKER1/hintsfile.temp.gff --score 1>>/data/classes/ibe_genann2025/users/ibe_hoff/GenomeAnnotation_Workshop_Barcelona/BRAKER1/hintsfile.gff 2>/data/classes/ibe_genann2025/users/ibe_hoff/GenomeAnnotation_Workshop_Barcelona/BRAKER1/errors/filterIntronsFindStrand.stderr
# Wed Apr 30 18:00:03 2025: rm /data/classes/ibe_genann2025/users/ibe_hoff/GenomeAnnotation_Workshop_Barcelona/BRAKER1/hintsfile.temp.gff
# Wed Apr 30 18:00:03 2025: Preparing hints for running GeneMark
# Wed Apr 30 18:00:03 2025: Filtering intron hints for GeneMark from /data/classes/ibe_genann2025/users/ibe_hoff/GenomeAnnotation_Workshop_Barcelona/BRAKER1/hintsfile.gff...
cat /data/classes/ibe_genann2025/users/ibe_hoff/GenomeAnnotation_Workshop_Barcelona/BRAKER1/genemark_hintsfile.gff.rnaseq | sort -n -k 4,4 | sort -s -n -k 5,5 | sort -s -k 3,3 | sort -s -k 1,1 | /usr/share/augustus/scripts/join_mult_hints.pl > /data/classes/ibe_genann2025/users/ibe_hoff/GenomeAnnotation_Workshop_Barcelona/BRAKER1/genemark_hintsfile.gff.rnaseq.tmp
mv /data/classes/ibe_genann2025/users/ibe_hoff/GenomeAnnotation_Workshop_Barcelona/BRAKER1/genemark_hintsfile.gff.rnaseq.tmp /data/classes/ibe_genann2025/users/ibe_hoff/GenomeAnnotation_Workshop_Barcelona/BRAKER1/genemark_hintsfile.gff
#**********************************************************************************
#                              RUNNING GENEMARK-EX                                 
#**********************************************************************************
# Wed Apr 30 18:00:03 2025: Checking whether file /data/classes/ibe_genann2025/users/ibe_hoff/GenomeAnnotation_Workshop_Barcelona/BRAKER1/genemark_hintsfile.gff contains enough hints and sufficient multiplicity information...
# Wed Apr 30 18:00:03 2025: Executing GeneMark-ET
# Wed Apr 30 18:00:03 2025: changing into GeneMark-ET directory /data/classes/ibe_genann2025/users/ibe_hoff/GenomeAnnotation_Workshop_Barcelona/BRAKER1/GeneMark-ET
cd /data/classes/ibe_genann2025/users/ibe_hoff/GenomeAnnotation_Workshop_Barcelona/BRAKER1/GeneMark-ET
# Wed Apr 30 18:00:03 2025: Executing gmes_petap.pl
/usr/bin/perl /opt/ETP/bin/gmes/gmes_petap.pl --verbose --sequence=/data/classes/ibe_genann2025/users/ibe_hoff/GenomeAnnotation_Workshop_Barcelona/BRAKER1/genome.fa --ET=/data/classes/ibe_genann2025/users/ibe_hoff/GenomeAnnotation_Workshop_Barcelona/BRAKER1/genemark_hintsfile.gff --cores=8 --gc_donor 0.001 --max_intergenic=10000 1>/data/classes/ibe_genann2025/users/ibe_hoff/GenomeAnnotation_Workshop_Barcelona/BRAKER1/GeneMark-ET.stdout 2>/data/classes/ibe_genann2025/users/ibe_hoff/GenomeAnnotation_Workshop_Barcelona/BRAKER1/errors/GeneMark-ET.stderr
# Wed Apr 30 18:01:37 2025: change to working directory /data/classes/ibe_genann2025/users/ibe_hoff/GenomeAnnotation_Workshop_Barcelona/BRAKER1
cd /data/classes/ibe_genann2025/users/ibe_hoff/GenomeAnnotation_Workshop_Barcelona/BRAKER1
# Wed Apr 30 18:01:37 2025: Filtering output of GeneMark for generating training genes for AUGUSTUS
# Wed Apr 30 18:01:37 2025: Checking whether hintsfile contains single exon CDSpart hints or start/stop hints
# Wed Apr 30 18:01:37 2025: sorting GeneMark predictions in /data/classes/ibe_genann2025/users/ibe_hoff/GenomeAnnotation_Workshop_Barcelona/BRAKER1/GeneMark-ET/genemark.gtf
/opt/conda/bin/python3 /opt/BRAKER/scripts/sortGeneMark.py /data/classes/ibe_genann2025/users/ibe_hoff/GenomeAnnotation_Workshop_Barcelona/BRAKER1/GeneMark-ET/genemark.gtf > /data/classes/ibe_genann2025/users/ibe_hoff/GenomeAnnotation_Workshop_Barcelona/BRAKER1/GeneMark-ET/genemark.gtf.sorted 2> /data/classes/ibe_genann2025/users/ibe_hoff/GenomeAnnotation_Workshop_Barcelona/BRAKER1/errors/sortGeneMark.err
mv /data/classes/ibe_genann2025/users/ibe_hoff/GenomeAnnotation_Workshop_Barcelona/BRAKER1/GeneMark-ET/genemark.gtf.sorted /data/classes/ibe_genann2025/users/ibe_hoff/GenomeAnnotation_Workshop_Barcelona/BRAKER1/GeneMark-ET/genemark.gtf
# Wed Apr 30 18:01:37 2025: filtering GeneMark genes by intron hints
/usr/bin/perl /opt/BRAKER/scripts/filterGenemark.pl --genemark=/data/classes/ibe_genann2025/users/ibe_hoff/GenomeAnnotation_Workshop_Barcelona/BRAKER1/GeneMark-ET/genemark.gtf --hints=/data/classes/ibe_genann2025/users/ibe_hoff/GenomeAnnotation_Workshop_Barcelona/BRAKER1/hintsfile.gff --randomSeed=1 --singleCDSfile=/data/classes/ibe_genann2025/users/ibe_hoff/GenomeAnnotation_Workshop_Barcelona/BRAKER1/singlecds.hints 1>/data/classes/ibe_genann2025/users/ibe_hoff/GenomeAnnotation_Workshop_Barcelona/BRAKER1/filterGenemark.stdout 2>/data/classes/ibe_genann2025/users/ibe_hoff/GenomeAnnotation_Workshop_Barcelona/BRAKER1/errors/filterGenemark.stderr
# Wed Apr 30 18:01:38 2025: Ensuring at least 4000 genes in training file 
/opt/conda/bin/python3 /opt/BRAKER/scripts/ensure_n_training_genes.py --goodGenes /data/classes/ibe_genann2025/users/ibe_hoff/GenomeAnnotation_Workshop_Barcelona/BRAKER1/GeneMark-ET/genemark.f.good.gtf --badGenes /data/classes/ibe_genann2025/users/ibe_hoff/GenomeAnnotation_Workshop_Barcelona/BRAKER1/GeneMark-ET/genemark.f.bad.gtf --N 4000 1>/data/classes/ibe_genann2025/users/ibe_hoff/GenomeAnnotation_Workshop_Barcelona/BRAKER1/ensure_min_n_training_genes.stdout 2>/data/classes/ibe_genann2025/users/ibe_hoff/GenomeAnnotation_Workshop_Barcelona/BRAKER1/errors/ensure_min_n_training_genes.stderr
#Wed Apr 30 18:01:38 2025: downsampling good genemark genes according to poisson distribution with Lambda 2:
/usr/bin/perl /opt/BRAKER/scripts/downsample_traingenes.pl --in_gtf=/data/classes/ibe_genann2025/users/ibe_hoff/GenomeAnnotation_Workshop_Barcelona/BRAKER1/GeneMark-ET/genemark.f.good.gtf --out_gtf=/data/classes/ibe_genann2025/users/ibe_hoff/GenomeAnnotation_Workshop_Barcelona/BRAKER1/GeneMark-ET/genemark.d.gtf --lambda=2 1> /data/classes/ibe_genann2025/users/ibe_hoff/GenomeAnnotation_Workshop_Barcelona/BRAKER1/downsample_traingenes.log 2> /data/classes/ibe_genann2025/users/ibe_hoff/GenomeAnnotation_Workshop_Barcelona/BRAKER1/errors/downsample_traingenes.err
#**********************************************************************************
#                               TRAIN AUGUSTUS                                     
#**********************************************************************************
# Wed Apr 30 18:01:38 2025: training AUGUSTUS
# Wed Apr 30 18:01:38 2025: creating softlink from /data/classes/ibe_genann2025/users/ibe_hoff/GenomeAnnotation_Workshop_Barcelona/BRAKER1/GeneMark-ET/genemark.gtf to /data/classes/ibe_genann2025/users/ibe_hoff/GenomeAnnotation_Workshop_Barcelona/BRAKER1/traingenes.gtf.
ln -s GeneMark-ET/genemark.gtf /data/classes/ibe_genann2025/users/ibe_hoff/GenomeAnnotation_Workshop_Barcelona/BRAKER1/traingenes.gtf
# Wed Apr 30 18:01:38 2025: Converting gtf file /data/classes/ibe_genann2025/users/ibe_hoff/GenomeAnnotation_Workshop_Barcelona/BRAKER1/traingenes.gtf to genbank file
# Wed Apr 30 18:01:38 2025: Computing flanking region size for AUGUSTUS training genes
# Wed Apr 30 18:01:38 2025: create genbank file /data/classes/ibe_genann2025/users/ibe_hoff/GenomeAnnotation_Workshop_Barcelona/BRAKER1/train.gb
/usr/bin/perl /usr/share/augustus/scripts/gff2gbSmallDNA.pl /data/classes/ibe_genann2025/users/ibe_hoff/GenomeAnnotation_Workshop_Barcelona/BRAKER1/traingenes.gtf /data/classes/ibe_genann2025/users/ibe_hoff/GenomeAnnotation_Workshop_Barcelona/BRAKER1/genome.fa 1047 /data/classes/ibe_genann2025/users/ibe_hoff/GenomeAnnotation_Workshop_Barcelona/BRAKER1/train.gb 2>/data/classes/ibe_genann2025/users/ibe_hoff/GenomeAnnotation_Workshop_Barcelona/BRAKER1/errors/traingenes.gtf_gff2gbSmallDNA.stderr
#*********
# INFORMATION: the size of flanking region used in this BRAKER run is 1047. You might need this value if you later add a UTR training on top of an already existing BRAKER run.
#*********
# Wed Apr 30 18:01:38 2025: Genbank format file /data/classes/ibe_genann2025/users/ibe_hoff/GenomeAnnotation_Workshop_Barcelona/BRAKER1/train.gb contains 264 genes.
#  Wed Apr 30 18:01:38 2025: concatenating good and downsampled GeneMark training genes to /data/classes/ibe_genann2025/users/ibe_hoff/GenomeAnnotation_Workshop_Barcelona/BRAKER1/good_genes.lst.
cat /data/classes/ibe_genann2025/users/ibe_hoff/GenomeAnnotation_Workshop_Barcelona/BRAKER1/GeneMark-ET/genemark.d.gtf > /data/classes/ibe_genann2025/users/ibe_hoff/GenomeAnnotation_Workshop_Barcelona/BRAKER1/good_genes.lst
# Wed Apr 30 18:01:38 2025: Filtering train.gb for "good" mRNAs:
/usr/bin/perl /usr/share/augustus/scripts/filterGenesIn_mRNAname.pl /data/classes/ibe_genann2025/users/ibe_hoff/GenomeAnnotation_Workshop_Barcelona/BRAKER1/good_genes.lst /data/classes/ibe_genann2025/users/ibe_hoff/GenomeAnnotation_Workshop_Barcelona/BRAKER1/train.gb > /data/classes/ibe_genann2025/users/ibe_hoff/GenomeAnnotation_Workshop_Barcelona/BRAKER1/train.f.gb 2>/data/classes/ibe_genann2025/users/ibe_hoff/GenomeAnnotation_Workshop_Barcelona/BRAKER1/errors/filterGenesIn_mRNAname.stderr
# Wed Apr 30 18:01:38 2025: Genbank format file /data/classes/ibe_genann2025/users/ibe_hoff/GenomeAnnotation_Workshop_Barcelona/BRAKER1/train.f.gb contains 200 genes.
# Wed Apr 30 18:01:38 2025: Running etraining to catch gene structure inconsistencies:
/usr/bin//etraining --species=Sp_3 --AUGUSTUS_CONFIG_PATH=/data/classes/ibe_genann2025/users/ibe_hoff/.augustus /data/classes/ibe_genann2025/users/ibe_hoff/GenomeAnnotation_Workshop_Barcelona/BRAKER1/train.f.gb 1> /data/classes/ibe_genann2025/users/ibe_hoff/GenomeAnnotation_Workshop_Barcelona/BRAKER1/gbFilterEtraining.stdout 2>/data/classes/ibe_genann2025/users/ibe_hoff/GenomeAnnotation_Workshop_Barcelona/BRAKER1/errors/gbFilterEtraining.stderr
# Wed Apr 30 18:01:39 2025: Filtering /data/classes/ibe_genann2025/users/ibe_hoff/GenomeAnnotation_Workshop_Barcelona/BRAKER1/train.f.gb file to remove inconsistent gene structures...
/usr/bin/perl /usr/share/augustus/scripts/filterGenes.pl /data/classes/ibe_genann2025/users/ibe_hoff/GenomeAnnotation_Workshop_Barcelona/BRAKER1/etrain.bad.lst /data/classes/ibe_genann2025/users/ibe_hoff/GenomeAnnotation_Workshop_Barcelona/BRAKER1/train.f.gb 1> /data/classes/ibe_genann2025/users/ibe_hoff/GenomeAnnotation_Workshop_Barcelona/BRAKER1/train.ff.gb 2>/data/classes/ibe_genann2025/users/ibe_hoff/GenomeAnnotation_Workshop_Barcelona/BRAKER1/errors/etrainFilterGenes.stderr
# Wed Apr 30 18:01:39 2025: Genbank format file /data/classes/ibe_genann2025/users/ibe_hoff/GenomeAnnotation_Workshop_Barcelona/BRAKER1/train.ff.gb contains 200 genes.
# Wed Apr 30 18:01:39 2025: BLAST or DIAMOND training gene structures against themselves:
/usr/bin/perl /usr/share/augustus/scripts/aa2nonred.pl /data/classes/ibe_genann2025/users/ibe_hoff/GenomeAnnotation_Workshop_Barcelona/BRAKER1/traingenes.good.fa /data/classes/ibe_genann2025/users/ibe_hoff/GenomeAnnotation_Workshop_Barcelona/BRAKER1/traingenes.good.nr.fa --DIAMOND_PATH=/opt/ETP/tools --cores=8 --diamond 1> /data/classes/ibe_genann2025/users/ibe_hoff/GenomeAnnotation_Workshop_Barcelona/BRAKER1/aa2nonred.stdout 2>/data/classes/ibe_genann2025/users/ibe_hoff/GenomeAnnotation_Workshop_Barcelona/BRAKER1/errors/aa2nonred.stderr
# Wed Apr 30 18:01:39 2025: Filtering nonredundant loci into /data/classes/ibe_genann2025/users/ibe_hoff/GenomeAnnotation_Workshop_Barcelona/BRAKER1/train.fff.gb:
/usr/bin/perl /usr/share/augustus/scripts/filterGenesIn.pl /data/classes/ibe_genann2025/users/ibe_hoff/GenomeAnnotation_Workshop_Barcelona/BRAKER1/nonred.loci.lst /data/classes/ibe_genann2025/users/ibe_hoff/GenomeAnnotation_Workshop_Barcelona/BRAKER1/train.ff.gb 1> /data/classes/ibe_genann2025/users/ibe_hoff/GenomeAnnotation_Workshop_Barcelona/BRAKER1/train.fff.gb 2>/data/classes/ibe_genann2025/users/ibe_hoff/GenomeAnnotation_Workshop_Barcelona/BRAKER1/errors/filterGenesIn.stderr
# Wed Apr 30 18:01:39 2025: Genbank format file /data/classes/ibe_genann2025/users/ibe_hoff/GenomeAnnotation_Workshop_Barcelona/BRAKER1/train.fff.gb contains 199 genes.
# Wed Apr 30 18:01:39 2025: Moving /data/classes/ibe_genann2025/users/ibe_hoff/GenomeAnnotation_Workshop_Barcelona/BRAKER1/train.fff.gb to /data/classes/ibe_genann2025/users/ibe_hoff/GenomeAnnotation_Workshop_Barcelona/BRAKER1/train.gb:
mv /data/classes/ibe_genann2025/users/ibe_hoff/GenomeAnnotation_Workshop_Barcelona/BRAKER1/train.fff.gb /data/classes/ibe_genann2025/users/ibe_hoff/GenomeAnnotation_Workshop_Barcelona/BRAKER1/train.gb
# Wed Apr 30 18:01:39 2025: Splitting genbank file into train and test file
#*********
# WARNING: Number of reliable training genes is low (199). Recommended are at least 600 genes
#*********
/usr/bin/perl /usr/share/augustus/scripts/randomSplit.pl /data/classes/ibe_genann2025/users/ibe_hoff/GenomeAnnotation_Workshop_Barcelona/BRAKER1/train.gb 66 2>/data/classes/ibe_genann2025/users/ibe_hoff/GenomeAnnotation_Workshop_Barcelona/BRAKER1/errors/randomSplit.stderr
# Wed Apr 30 18:01:39 2025: /data/classes/ibe_genann2025/users/ibe_hoff/GenomeAnnotation_Workshop_Barcelona/BRAKER1/train.gb.test will be used for measuring AUGUSTUS accuracy after training
# Wed Apr 30 18:01:39 2025: Genbank format file /data/classes/ibe_genann2025/users/ibe_hoff/GenomeAnnotation_Workshop_Barcelona/BRAKER1/train.gb.test contains 66 genes.
# Wed Apr 30 18:01:39 2025: Genbank format file /data/classes/ibe_genann2025/users/ibe_hoff/GenomeAnnotation_Workshop_Barcelona/BRAKER1/train.gb.train contains 133 genes.
/usr/bin/perl /usr/share/augustus/scripts/randomSplit.pl /data/classes/ibe_genann2025/users/ibe_hoff/GenomeAnnotation_Workshop_Barcelona/BRAKER1/train.gb.train 66 2>/data/classes/ibe_genann2025/users/ibe_hoff/GenomeAnnotation_Workshop_Barcelona/BRAKER1/errors/randomSplit.stderr
# Wed Apr 30 18:01:39 2025: Genbank format file /data/classes/ibe_genann2025/users/ibe_hoff/GenomeAnnotation_Workshop_Barcelona/BRAKER1/train.gb.train.train contains 67 genes.
# Wed Apr 30 18:01:39 2025: Genbank format file /data/classes/ibe_genann2025/users/ibe_hoff/GenomeAnnotation_Workshop_Barcelona/BRAKER1/train.gb.train.test contains 66 genes.
# Wed Apr 30 18:01:39 2025: /data/classes/ibe_genann2025/users/ibe_hoff/GenomeAnnotation_Workshop_Barcelona/BRAKER1/train.gb.train.test will be used or measuring AUGUSTUS accuracy during training with optimize_augustus.pl
 /data/classes/ibe_genann2025/users/ibe_hoff/GenomeAnnotation_Workshop_Barcelona/BRAKER1/train.gb.train.train will be used for running etraining in optimize_augustus.pl (together with train.gb.train.test)
 /data/classes/ibe_genann2025/users/ibe_hoff/GenomeAnnotation_Workshop_Barcelona/BRAKER1/train.gb.train will be used for running etraining (outside of optimize_augustus.pl)
# Wed Apr 30 18:01:39 2025: Setting value of "stopCodonExcludedFromCDS" in /data/classes/ibe_genann2025/users/ibe_hoff/.augustus/species/Sp_3/Sp_3_parameters.cfg to "true"
# Wed Apr 30 18:01:39 2025: first etraining
/usr/bin//etraining --species=Sp_3 --AUGUSTUS_CONFIG_PATH=/data/classes/ibe_genann2025/users/ibe_hoff/.augustus /data/classes/ibe_genann2025/users/ibe_hoff/GenomeAnnotation_Workshop_Barcelona/BRAKER1/train.gb.train 1>/data/classes/ibe_genann2025/users/ibe_hoff/GenomeAnnotation_Workshop_Barcelona/BRAKER1/firstetraining.stdout 2>/data/classes/ibe_genann2025/users/ibe_hoff/GenomeAnnotation_Workshop_Barcelona/BRAKER1/errors/firstetraining.stderr
grep -c "exon doesn't end in stop codon" /data/classes/ibe_genann2025/users/ibe_hoff/GenomeAnnotation_Workshop_Barcelona/BRAKER1/errors/firstetraining.stderr
# Wed Apr 30 18:01:40 2025: Error rate of missing stop codon is 0.947368421052632
# Wed Apr 30 18:01:40 2025: The appropriate value for "stopCodonExcludedFromCDS" seems to be "false".
# Wed Apr 30 18:01:40 2025: Setting value of "stopCodonExcludedFromCDS" in /data/classes/ibe_genann2025/users/ibe_hoff/.augustus/species/Sp_3/Sp_3_parameters.cfg to "false"
# Wed Apr 30 18:01:40 2025: Running etraining again
/usr/bin//etraining --species=Sp_3 --AUGUSTUS_CONFIG_PATH=/data/classes/ibe_genann2025/users/ibe_hoff/.augustus /data/classes/ibe_genann2025/users/ibe_hoff/GenomeAnnotation_Workshop_Barcelona/BRAKER1/train.gb.train 1>/data/classes/ibe_genann2025/users/ibe_hoff/GenomeAnnotation_Workshop_Barcelona/BRAKER1/firstetraining.stdout 2>/data/classes/ibe_genann2025/users/ibe_hoff/GenomeAnnotation_Workshop_Barcelona/BRAKER1/errors/firstetraining.stderr
# Wed Apr 30 18:01:40 2025: Adjusting stop-codon frequencies in species_parameters.cfg according to /data/classes/ibe_genann2025/users/ibe_hoff/GenomeAnnotation_Workshop_Barcelona/BRAKER1/firstetraining.stdout
# Wed Apr 30 18:01:40 2025: Setting frequency of stop codons to tag=0.211, taa=0.353, tga=0.436.
# Wed Apr 30 18:01:40 2025: First AUGUSTUS accuracy test
/usr/bin//augustus --species=Sp_3 --AUGUSTUS_CONFIG_PATH=/data/classes/ibe_genann2025/users/ibe_hoff/.augustus /data/classes/ibe_genann2025/users/ibe_hoff/GenomeAnnotation_Workshop_Barcelona/BRAKER1/train.gb.test 1>/data/classes/ibe_genann2025/users/ibe_hoff/GenomeAnnotation_Workshop_Barcelona/BRAKER1/firsttest.stdout 2>/data/classes/ibe_genann2025/users/ibe_hoff/GenomeAnnotation_Workshop_Barcelona/BRAKER1/errors/firsttest.stderr
# Wed Apr 30 18:01:47 2025: Computing accuracy of AUGUSTUS prediction (in test file derived from predictions on training data set stored in /data/classes/ibe_genann2025/users/ibe_hoff/GenomeAnnotation_Workshop_Barcelona/BRAKER1/firsttest.stdout)
# Wed Apr 30 18:01:47 2025: The accuracy after initial training (no optimize_augustus.pl, no CRF) is 0.675866666666667
# Wed Apr 30 18:01:47 2025: Second etraining
/usr/bin//etraining --species=Sp_3 --AUGUSTUS_CONFIG_PATH=/data/classes/ibe_genann2025/users/ibe_hoff/.augustus /data/classes/ibe_genann2025/users/ibe_hoff/GenomeAnnotation_Workshop_Barcelona/BRAKER1/train.gb.train 1>/data/classes/ibe_genann2025/users/ibe_hoff/GenomeAnnotation_Workshop_Barcelona/BRAKER1/secondetraining.stdout 2>/data/classes/ibe_genann2025/users/ibe_hoff/GenomeAnnotation_Workshop_Barcelona/BRAKER1/errors/secondetraining.stderr
# Wed Apr 30 18:01:48 2025: Second AUGUSTUS accuracy test
/usr/bin//augustus --species=Sp_3 --AUGUSTUS_CONFIG_PATH=/data/classes/ibe_genann2025/users/ibe_hoff/.augustus /data/classes/ibe_genann2025/users/ibe_hoff/GenomeAnnotation_Workshop_Barcelona/BRAKER1/train.gb.test >/data/classes/ibe_genann2025/users/ibe_hoff/GenomeAnnotation_Workshop_Barcelona/BRAKER1/secondtest.stdout 2>/data/classes/ibe_genann2025/users/ibe_hoff/GenomeAnnotation_Workshop_Barcelona/BRAKER1/errors/secondtest.stderr
# Wed Apr 30 18:01:55 2025: Computing accuracy of AUGUSTUS prediction (in test file derived from predictions on training data set stored in /data/classes/ibe_genann2025/users/ibe_hoff/GenomeAnnotation_Workshop_Barcelona/BRAKER1/secondtest.stdout)
# Wed Apr 30 18:01:55 2025: The accuracy after training (after optimize_augustus.pl, no CRF) is 0.675866666666667
# Wed Apr 30 18:01:55 2025: Copying optimized parameters to working directory /data/classes/ibe_genann2025/users/ibe_hoff/GenomeAnnotation_Workshop_Barcelona/BRAKER1/species
cp -r /data/classes/ibe_genann2025/users/ibe_hoff/.augustus/species/Sp_3 /data/classes/ibe_genann2025/users/ibe_hoff/GenomeAnnotation_Workshop_Barcelona/BRAKER1/species
#**********************************************************************************
#                               PREDICTING GENES WITH AUGUSTUS (NO UTRS)           
#**********************************************************************************
# Wed Apr 30 18:01:55 2025: RUNNING AUGUSTUS
# Wed Apr 30 18:01:55 2025: Preparing genome for running AUGUSTUS in parallel
# Wed Apr 30 18:01:55 2025: Creating directory for storing AUGUSTUS files (hints, temporarily) /data/classes/ibe_genann2025/users/ibe_hoff/GenomeAnnotation_Workshop_Barcelona/BRAKER1/genome_split.
# Wed Apr 30 18:01:55 2025: splitting genome file in smaller parts for parallel execution of AUGUSTUS prediction
/usr/bin/perl /usr/share/augustus/scripts/splitMfasta.pl /data/classes/ibe_genann2025/users/ibe_hoff/GenomeAnnotation_Workshop_Barcelona/BRAKER1/genome.fa --outputpath=/data/classes/ibe_genann2025/users/ibe_hoff/GenomeAnnotation_Workshop_Barcelona/BRAKER1/genome_split 2>/data/classes/ibe_genann2025/users/ibe_hoff/GenomeAnnotation_Workshop_Barcelona/BRAKER1/errors/splitMfasta.stderr
cd /data/classes/ibe_genann2025/users/ibe_hoff/GenomeAnnotation_Workshop_Barcelona/BRAKER1/genome_split; for f in genome.split.*; do NAME=`grep ">" $f`; mv $f ${NAME#>}.fa; done; cd ..
# Wed Apr 30 18:01:55 2025: Split genome file in 8 parts, finished.
# Wed Apr 30 18:01:55 2025: copy extrinsic file /opt/BRAKER/scripts/cfg/rnaseq.cfg to working directory
cp /opt/BRAKER/scripts/cfg/rnaseq.cfg /data/classes/ibe_genann2025/users/ibe_hoff/GenomeAnnotation_Workshop_Barcelona/BRAKER1/species/Sp_3/ex1.cfg
# Wed Apr 30 18:01:55 2025: Making AUGUSTUS jobs with hintsfile /data/classes/ibe_genann2025/users/ibe_hoff/GenomeAnnotation_Workshop_Barcelona/BRAKER1/hintsfile.gff, cfgFile /opt/BRAKER/scripts/cfg/rnaseq.cfg, UTR status off, and hintId hints
# Wed Apr 30 18:01:55 2025: Creating directory for storing AUGUSTUS files (hints, temporarily) /data/classes/ibe_genann2025/users/ibe_hoff/GenomeAnnotation_Workshop_Barcelona/BRAKER1/augustus_tmp.
# Wed Apr 30 18:01:55 2025: creating /data/classes/ibe_genann2025/users/ibe_hoff/GenomeAnnotation_Workshop_Barcelona/BRAKER1/aug_hints.lst for AUGUSTUS jobs
# Wed Apr 30 18:01:55 2025: creating AUGUSTUS jobs (with hints)
cd /data/classes/ibe_genann2025/users/ibe_hoff/GenomeAnnotation_Workshop_Barcelona/BRAKER1
/usr/bin/perl /usr/share/augustus/scripts/createAugustusJoblist.pl --sequences=/data/classes/ibe_genann2025/users/ibe_hoff/GenomeAnnotation_Workshop_Barcelona/BRAKER1/aug_hints.lst --wrap="#!/bin/bash" --overlap=500000 --chunksize=2500000 --outputdir=/data/classes/ibe_genann2025/users/ibe_hoff/GenomeAnnotation_Workshop_Barcelona/BRAKER1/augustus_tmp --joblist=/data/classes/ibe_genann2025/users/ibe_hoff/GenomeAnnotation_Workshop_Barcelona/BRAKER1/hints.job.lst --jobprefix=aug_hints_ --partitionHints --command "/usr/bin//augustus --species=Sp_3 --AUGUSTUS_CONFIG_PATH=/data/classes/ibe_genann2025/users/ibe_hoff/.augustus --extrinsicCfgFile=/opt/BRAKER/scripts/cfg/rnaseq.cfg --alternatives-from-evidence=true --UTR=off --exonnames=on --codingseq=on --allow_hinted_splicesites=gcag,atac " 2>/data/classes/ibe_genann2025/users/ibe_hoff/GenomeAnnotation_Workshop_Barcelona/BRAKER1/errors/createAugustusJoblist_hints.stderr
cd ..
# Wed Apr 30 18:01:55 2025: Running AUGUSTUS jobs from /data/classes/ibe_genann2025/users/ibe_hoff/GenomeAnnotation_Workshop_Barcelona/BRAKER1/hints.job.lst
# Wed Apr 30 18:01:55 2025: Running AUGUSTUS job 1
bash /data/classes/ibe_genann2025/users/ibe_hoff/GenomeAnnotation_Workshop_Barcelona/BRAKER1/aug_hints_1
# Wed Apr 30 18:01:55 2025: Running AUGUSTUS job 2
bash /data/classes/ibe_genann2025/users/ibe_hoff/GenomeAnnotation_Workshop_Barcelona/BRAKER1/aug_hints_2
# Wed Apr 30 18:01:55 2025: Running AUGUSTUS job 3
bash /data/classes/ibe_genann2025/users/ibe_hoff/GenomeAnnotation_Workshop_Barcelona/BRAKER1/aug_hints_3
# Wed Apr 30 18:01:55 2025: Running AUGUSTUS job 4
bash /data/classes/ibe_genann2025/users/ibe_hoff/GenomeAnnotation_Workshop_Barcelona/BRAKER1/aug_hints_4
# Wed Apr 30 18:01:55 2025: Running AUGUSTUS job 5
bash /data/classes/ibe_genann2025/users/ibe_hoff/GenomeAnnotation_Workshop_Barcelona/BRAKER1/aug_hints_5
# Wed Apr 30 18:01:55 2025: Running AUGUSTUS job 6
bash /data/classes/ibe_genann2025/users/ibe_hoff/GenomeAnnotation_Workshop_Barcelona/BRAKER1/aug_hints_6
# Wed Apr 30 18:01:55 2025: Running AUGUSTUS job 7
bash /data/classes/ibe_genann2025/users/ibe_hoff/GenomeAnnotation_Workshop_Barcelona/BRAKER1/aug_hints_7
# Wed Apr 30 18:01:55 2025: Running AUGUSTUS job 8
bash /data/classes/ibe_genann2025/users/ibe_hoff/GenomeAnnotation_Workshop_Barcelona/BRAKER1/aug_hints_8
# Wed Apr 30 18:02:06 2025: Joining AUGUSTUS predictions in directory /data/classes/ibe_genann2025/users/ibe_hoff/GenomeAnnotation_Workshop_Barcelona/BRAKER1/augustus_tmp
# Wed Apr 30 18:02:06 2025: Concatenating AUGUSTUS output files in /data/classes/ibe_genann2025/users/ibe_hoff/GenomeAnnotation_Workshop_Barcelona/BRAKER1/augustus_tmp
cat /data/classes/ibe_genann2025/users/ibe_hoff/GenomeAnnotation_Workshop_Barcelona/BRAKER1/augustus_tmp/5.001.X7.fa.1..125100.gff >> /data/classes/ibe_genann2025/users/ibe_hoff/GenomeAnnotation_Workshop_Barcelona/BRAKER1/augustus.tmp1.gff
cat /data/classes/ibe_genann2025/users/ibe_hoff/GenomeAnnotation_Workshop_Barcelona/BRAKER1/augustus_tmp/4.001.X2.fa.1..125100.gff >> /data/classes/ibe_genann2025/users/ibe_hoff/GenomeAnnotation_Workshop_Barcelona/BRAKER1/augustus.tmp1.gff
cat /data/classes/ibe_genann2025/users/ibe_hoff/GenomeAnnotation_Workshop_Barcelona/BRAKER1/augustus_tmp/3.001.X1.fa.1..125040.gff >> /data/classes/ibe_genann2025/users/ibe_hoff/GenomeAnnotation_Workshop_Barcelona/BRAKER1/augustus.tmp1.gff
cat /data/classes/ibe_genann2025/users/ibe_hoff/GenomeAnnotation_Workshop_Barcelona/BRAKER1/augustus_tmp/1.001.X4.fa.1..125100.gff >> /data/classes/ibe_genann2025/users/ibe_hoff/GenomeAnnotation_Workshop_Barcelona/BRAKER1/augustus.tmp1.gff
cat /data/classes/ibe_genann2025/users/ibe_hoff/GenomeAnnotation_Workshop_Barcelona/BRAKER1/augustus_tmp/2.001.X8.fa.1..124361.gff >> /data/classes/ibe_genann2025/users/ibe_hoff/GenomeAnnotation_Workshop_Barcelona/BRAKER1/augustus.tmp1.gff
cat /data/classes/ibe_genann2025/users/ibe_hoff/GenomeAnnotation_Workshop_Barcelona/BRAKER1/augustus_tmp/7.001.X6.fa.1..125100.gff >> /data/classes/ibe_genann2025/users/ibe_hoff/GenomeAnnotation_Workshop_Barcelona/BRAKER1/augustus.tmp1.gff
cat /data/classes/ibe_genann2025/users/ibe_hoff/GenomeAnnotation_Workshop_Barcelona/BRAKER1/augustus_tmp/8.001.X3.fa.1..125100.gff >> /data/classes/ibe_genann2025/users/ibe_hoff/GenomeAnnotation_Workshop_Barcelona/BRAKER1/augustus.tmp1.gff
cat /data/classes/ibe_genann2025/users/ibe_hoff/GenomeAnnotation_Workshop_Barcelona/BRAKER1/augustus_tmp/6.001.X5.fa.1..125100.gff >> /data/classes/ibe_genann2025/users/ibe_hoff/GenomeAnnotation_Workshop_Barcelona/BRAKER1/augustus.tmp1.gff
/usr/bin/perl /usr/share/augustus/scripts/join_aug_pred.pl < /data/classes/ibe_genann2025/users/ibe_hoff/GenomeAnnotation_Workshop_Barcelona/BRAKER1/augustus.tmp1.gff > /data/classes/ibe_genann2025/users/ibe_hoff/GenomeAnnotation_Workshop_Barcelona/BRAKER1/augustus.hints.gff
# Wed Apr 30 18:02:06 2025: Deleting /data/classes/ibe_genann2025/users/ibe_hoff/GenomeAnnotation_Workshop_Barcelona/BRAKER1/augustus_tmp
# Wed Apr 30 18:02:06 2025: Deleting /data/classes/ibe_genann2025/users/ibe_hoff/GenomeAnnotation_Workshop_Barcelona/BRAKER1/augustus.tmp1.gff
# Wed Apr 30 18:02:06 2025: deleting files from AUGUSTUS parallelization
rm /data/classes/ibe_genann2025/users/ibe_hoff/GenomeAnnotation_Workshop_Barcelona/BRAKER1/aug_hints_7
rm /data/classes/ibe_genann2025/users/ibe_hoff/GenomeAnnotation_Workshop_Barcelona/BRAKER1/aug_hints_5
rm /data/classes/ibe_genann2025/users/ibe_hoff/GenomeAnnotation_Workshop_Barcelona/BRAKER1/aug_hints_6
rm /data/classes/ibe_genann2025/users/ibe_hoff/GenomeAnnotation_Workshop_Barcelona/BRAKER1/aug_hints_1
rm /data/classes/ibe_genann2025/users/ibe_hoff/GenomeAnnotation_Workshop_Barcelona/BRAKER1/aug_hints_3
rm /data/classes/ibe_genann2025/users/ibe_hoff/GenomeAnnotation_Workshop_Barcelona/BRAKER1/aug_hints_8
rm /data/classes/ibe_genann2025/users/ibe_hoff/GenomeAnnotation_Workshop_Barcelona/BRAKER1/aug_hints_2
rm /data/classes/ibe_genann2025/users/ibe_hoff/GenomeAnnotation_Workshop_Barcelona/BRAKER1/aug_hints_4
# Wed Apr 30 18:02:06 2025: Making a gtf file from /data/classes/ibe_genann2025/users/ibe_hoff/GenomeAnnotation_Workshop_Barcelona/BRAKER1/augustus.hints.gff
cat /data/classes/ibe_genann2025/users/ibe_hoff/GenomeAnnotation_Workshop_Barcelona/BRAKER1/augustus.hints.gff | /usr/bin/perl -ne 'if(m/\tAUGUSTUS\t/) {print $_;}' | /usr/bin/perl /usr/share/augustus/scripts/gtf2gff.pl --printExon --out=/data/classes/ibe_genann2025/users/ibe_hoff/GenomeAnnotation_Workshop_Barcelona/BRAKER1/augustus.hints.tmp.gtf 2>/data/classes/ibe_genann2025/users/ibe_hoff/GenomeAnnotation_Workshop_Barcelona/BRAKER1/errors/gtf2gff.augustus.hints.gtf.stderr
# Wed Apr 30 18:02:07 2025: Making a fasta file with protein sequences of /data/classes/ibe_genann2025/users/ibe_hoff/GenomeAnnotation_Workshop_Barcelona/BRAKER1/augustus.hints.gtf
/opt/conda/bin/python3 /usr/share/augustus/scripts/getAnnoFastaFromJoingenes.py -g /data/classes/ibe_genann2025/users/ibe_hoff/GenomeAnnotation_Workshop_Barcelona/BRAKER1/genome.fa -f /data/classes/ibe_genann2025/users/ibe_hoff/GenomeAnnotation_Workshop_Barcelona/BRAKER1/augustus.hints.gtf -o /data/classes/ibe_genann2025/users/ibe_hoff/GenomeAnnotation_Workshop_Barcelona/BRAKER1/augustus.hints 1> /data/classes/ibe_genann2025/users/ibe_hoff/GenomeAnnotation_Workshop_Barcelona/BRAKER1/getAnnoFastaFromJoingenes.augustus.hints_tmp.stdout 2>/data/classes/ibe_genann2025/users/ibe_hoff/GenomeAnnotation_Workshop_Barcelona/BRAKER1/errors/getAnnoFastaFromJoingenes.augustus.hints_tmp.stderr
# Wed Apr 30 18:02:07 2025: fixing AUGUSTUS genes with in frame stop codons...
/opt/conda/bin/python3 /usr/share/augustus/scripts/fix_in_frame_stop_codon_genes.py -g /data/classes/ibe_genann2025/users/ibe_hoff/GenomeAnnotation_Workshop_Barcelona/BRAKER1/genome.fa -t /data/classes/ibe_genann2025/users/ibe_hoff/GenomeAnnotation_Workshop_Barcelona/BRAKER1/augustus.hints.gtf -b /data/classes/ibe_genann2025/users/ibe_hoff/GenomeAnnotation_Workshop_Barcelona/BRAKER1/bad_genes.lst -o augustus.hints_fix_ifs_ -s Sp_3 -m off --UTR off --print_utr off -a /data/classes/ibe_genann2025/users/ibe_hoff/.augustus -C /opt/cdbfasta -A /usr/bin/ -S /usr/share/augustus/scripts/ -H /data/classes/ibe_genann2025/users/ibe_hoff/GenomeAnnotation_Workshop_Barcelona/BRAKER1/hintsfile.gff -e /opt/BRAKER/scripts/cfg/rnaseq.cfg  > /data/classes/ibe_genann2025/users/ibe_hoff/GenomeAnnotation_Workshop_Barcelona/BRAKER1/fix_in_frame_stop_codon_genes_augustus.hints.log 2> /data/classes/ibe_genann2025/users/ibe_hoff/GenomeAnnotation_Workshop_Barcelona/BRAKER1/errors/fix_in_frame_stop_codon_genes_augustus.hints.err
# Wed Apr 30 18:02:08 2025: Moving gene prediction file without in frame stop codons to location of original file (overwriting it)...
mv /data/classes/ibe_genann2025/users/ibe_hoff/GenomeAnnotation_Workshop_Barcelona/BRAKER1/augustus.hints_fix_ifs_.gtf /data/classes/ibe_genann2025/users/ibe_hoff/GenomeAnnotation_Workshop_Barcelona/BRAKER1/augustus.hints.gtf
# Wed Apr 30 18:02:08 2025: Deleting file with genes with in frame stop codons...
rm /data/classes/ibe_genann2025/users/ibe_hoff/GenomeAnnotation_Workshop_Barcelona/BRAKER1/bad_genes.lst
# Wed Apr 30 18:02:08 2025: Making a fasta file with protein sequences of /data/classes/ibe_genann2025/users/ibe_hoff/GenomeAnnotation_Workshop_Barcelona/BRAKER1/augustus.hints.gtf
/opt/conda/bin/python3 /usr/share/augustus/scripts/getAnnoFastaFromJoingenes.py -g /data/classes/ibe_genann2025/users/ibe_hoff/GenomeAnnotation_Workshop_Barcelona/BRAKER1/genome.fa -f /data/classes/ibe_genann2025/users/ibe_hoff/GenomeAnnotation_Workshop_Barcelona/BRAKER1/augustus.hints.gtf -o /data/classes/ibe_genann2025/users/ibe_hoff/GenomeAnnotation_Workshop_Barcelona/BRAKER1/augustus.hints 1> /data/classes/ibe_genann2025/users/ibe_hoff/GenomeAnnotation_Workshop_Barcelona/BRAKER1/getAnnoFastaFromJoingenes.augustus.hints_hints.stdout 2>/data/classes/ibe_genann2025/users/ibe_hoff/GenomeAnnotation_Workshop_Barcelona/BRAKER1/errors/getAnnoFastaFromJoingenes.augustus.hints_hints.stderr
# Wed Apr 30 18:02:08 2025: AUGUSTUS prediction complete
# Wed Apr 30 18:02:08 2025: Trying to create merged gene set from GeneMark-EX and AUGUSTUS predictions (braker.gtf/braker.utr.gtf)...
# Wed Apr 30 18:02:08 2025: Trying to create combined gene set with TSEBRA...
/opt/TSEBRA/bin/tsebra.py --keep_gtf /data/classes/ibe_genann2025/users/ibe_hoff/GenomeAnnotation_Workshop_Barcelona/BRAKER1/augustus.hints.gtf,/data/classes/ibe_genann2025/users/ibe_hoff/GenomeAnnotation_Workshop_Barcelona/BRAKER1/GeneMark-ET/genemark.f.multi_anchored.gtf,/data/classes/ibe_genann2025/users/ibe_hoff/GenomeAnnotation_Workshop_Barcelona/BRAKER1/GeneMark-ET/genemark.f.single_anchored.gtf --cfg /opt/TSEBRA/bin/../config/braker3.cfg --out /data/classes/ibe_genann2025/users/ibe_hoff/GenomeAnnotation_Workshop_Barcelona/BRAKER1/braker.gtf -q 2>/data/classes/ibe_genann2025/users/ibe_hoff/GenomeAnnotation_Workshop_Barcelona/BRAKER1/errors/tsebra.stderr
mv /data/classes/ibe_genann2025/users/ibe_hoff/GenomeAnnotation_Workshop_Barcelona/BRAKER1/braker.gtf /data/classes/ibe_genann2025/users/ibe_hoff/GenomeAnnotation_Workshop_Barcelona/BRAKER1/braker.gtf_temp
# Wed Apr 30 18:02:09 2025: Making a fasta file with protein sequences of /data/classes/ibe_genann2025/users/ibe_hoff/GenomeAnnotation_Workshop_Barcelona/BRAKER1/braker.gtf
/opt/conda/bin/python3 /usr/share/augustus/scripts/getAnnoFastaFromJoingenes.py -g /data/classes/ibe_genann2025/users/ibe_hoff/GenomeAnnotation_Workshop_Barcelona/BRAKER1/genome.fa -f /data/classes/ibe_genann2025/users/ibe_hoff/GenomeAnnotation_Workshop_Barcelona/BRAKER1/braker.gtf -o /data/classes/ibe_genann2025/users/ibe_hoff/GenomeAnnotation_Workshop_Barcelona/BRAKER1/braker 1> /data/classes/ibe_genann2025/users/ibe_hoff/GenomeAnnotation_Workshop_Barcelona/BRAKER1/getAnnoFastaFromJoingenes.braker_.stdout 2>/data/classes/ibe_genann2025/users/ibe_hoff/GenomeAnnotation_Workshop_Barcelona/BRAKER1/errors/getAnnoFastaFromJoingenes.braker_.stderr
# Wed Apr 30 18:02:09 2025: selecting best gene set by BUSCO completeness via compleasm.
# Wed Apr 30 18:02:09 2025: /opt/conda/bin/python3 /opt/TSEBRA/bin/best_by_compleasm.py -m /data/classes/ibe_genann2025/users/ibe_hoff/GenomeAnnotation_Workshop_Barcelona/BRAKER1/bbc -d /data/classes/ibe_genann2025/users/ibe_hoff/GenomeAnnotation_Workshop_Barcelona/BRAKER1 -g /data/classes/ibe_genann2025/users/ibe_hoff/GenomeAnnotation_Workshop_Barcelona/BRAKER1/genome.fa -t 8 -p eukaryota_odb10 -y /opt/TSEBRA/bin/tsebra.py -f /usr/share/augustus/scripts/getAnnoFastaFromJoingenes.py 1> /data/classes/ibe_genann2025/users/ibe_hoff/GenomeAnnotation_Workshop_Barcelona/BRAKER1/best_by_compleasm.log 2> /data/classes/ibe_genann2025/users/ibe_hoff/GenomeAnnotation_Workshop_Barcelona/BRAKER1/errors/best_by_compleasm.err
# Wed Apr 30 18:02:14 2025: deleting empty files
# Wed Apr 30 18:02:14 2025: find /data/classes/ibe_genann2025/users/ibe_hoff/GenomeAnnotation_Workshop_Barcelona/BRAKER1 -empty
rm /data/classes/ibe_genann2025/users/ibe_hoff/GenomeAnnotation_Workshop_Barcelona/BRAKER1/downsample_traingenes.log
rm /data/classes/ibe_genann2025/users/ibe_hoff/GenomeAnnotation_Workshop_Barcelona/BRAKER1/getAnnoFastaFromJoingenes.braker_.stdout
rm /data/classes/ibe_genann2025/users/ibe_hoff/GenomeAnnotation_Workshop_Barcelona/BRAKER1/mb_downloads/placement_files.done
rm /data/classes/ibe_genann2025/users/ibe_hoff/GenomeAnnotation_Workshop_Barcelona/BRAKER1/mb_downloads/eukaryota_odb10.done
rm /data/classes/ibe_genann2025/users/ibe_hoff/GenomeAnnotation_Workshop_Barcelona/BRAKER1/mb_downloads/file_versions.tsv.done
rm /data/classes/ibe_genann2025/users/ibe_hoff/GenomeAnnotation_Workshop_Barcelona/BRAKER1/fix_in_frame_stop_codon_genes_augustus.hints.log
rm /data/classes/ibe_genann2025/users/ibe_hoff/GenomeAnnotation_Workshop_Barcelona/BRAKER1/GeneMark-ET/genemark.f.bad.gtf
rm /data/classes/ibe_genann2025/users/ibe_hoff/GenomeAnnotation_Workshop_Barcelona/BRAKER1/GeneMark-ET/genemark.f.single_anchored.gtf
rm /data/classes/ibe_genann2025/users/ibe_hoff/GenomeAnnotation_Workshop_Barcelona/BRAKER1/ensure_min_n_training_genes.stdout
rm /data/classes/ibe_genann2025/users/ibe_hoff/GenomeAnnotation_Workshop_Barcelona/BRAKER1/etrain.bad.lst
rm /data/classes/ibe_genann2025/users/ibe_hoff/GenomeAnnotation_Workshop_Barcelona/BRAKER1/tmp_no_merge_hints.gff
rm /data/classes/ibe_genann2025/users/ibe_hoff/GenomeAnnotation_Workshop_Barcelona/BRAKER1/getAnnoFastaFromJoingenes.augustus.hints_hints.stdout
rm /data/classes/ibe_genann2025/users/ibe_hoff/GenomeAnnotation_Workshop_Barcelona/BRAKER1/bbc/braker/protein_hmmsearch.done
rm /data/classes/ibe_genann2025/users/ibe_hoff/GenomeAnnotation_Workshop_Barcelona/BRAKER1/bbc/genemark/protein_hmmsearch.done
rm /data/classes/ibe_genann2025/users/ibe_hoff/GenomeAnnotation_Workshop_Barcelona/BRAKER1/bbc/augustus/protein_hmmsearch.done
rm /data/classes/ibe_genann2025/users/ibe_hoff/GenomeAnnotation_Workshop_Barcelona/BRAKER1/errors/bam2hints.0.stdout
rm /data/classes/ibe_genann2025/users/ibe_hoff/GenomeAnnotation_Workshop_Barcelona/BRAKER1/errors/firstetraining.stderr
rm /data/classes/ibe_genann2025/users/ibe_hoff/GenomeAnnotation_Workshop_Barcelona/BRAKER1/errors/bam2hints.0.stderr
rm /data/classes/ibe_genann2025/users/ibe_hoff/GenomeAnnotation_Workshop_Barcelona/BRAKER1/errors/getAnnoFastaFromJoingenes.augustus.hints_tmp.stderr
rm /data/classes/ibe_genann2025/users/ibe_hoff/GenomeAnnotation_Workshop_Barcelona/BRAKER1/errors/gbFilterEtraining.stderr
rm /data/classes/ibe_genann2025/users/ibe_hoff/GenomeAnnotation_Workshop_Barcelona/BRAKER1/errors/fix_in_frame_stop_codon_genes_augustus.hints.err
rm /data/classes/ibe_genann2025/users/ibe_hoff/GenomeAnnotation_Workshop_Barcelona/BRAKER1/errors/gc_content.stderr
rm /data/classes/ibe_genann2025/users/ibe_hoff/GenomeAnnotation_Workshop_Barcelona/BRAKER1/errors/join_mult_hints.rnaseq.stderr
rm /data/classes/ibe_genann2025/users/ibe_hoff/GenomeAnnotation_Workshop_Barcelona/BRAKER1/errors/find_python3_re.err
rm /data/classes/ibe_genann2025/users/ibe_hoff/GenomeAnnotation_Workshop_Barcelona/BRAKER1/errors/getAnnoFastaFromJoingenes.braker_.stderr
rm /data/classes/ibe_genann2025/users/ibe_hoff/GenomeAnnotation_Workshop_Barcelona/BRAKER1/errors/new_species.stderr
rm /data/classes/ibe_genann2025/users/ibe_hoff/GenomeAnnotation_Workshop_Barcelona/BRAKER1/errors/filterGenemark.stderr
rm /data/classes/ibe_genann2025/users/ibe_hoff/GenomeAnnotation_Workshop_Barcelona/BRAKER1/errors/splitMfasta.stderr
rm /data/classes/ibe_genann2025/users/ibe_hoff/GenomeAnnotation_Workshop_Barcelona/BRAKER1/errors/etrainFilterGenes.stderr
rm /data/classes/ibe_genann2025/users/ibe_hoff/GenomeAnnotation_Workshop_Barcelona/BRAKER1/errors/best_by_compleasm.err
rm /data/classes/ibe_genann2025/users/ibe_hoff/GenomeAnnotation_Workshop_Barcelona/BRAKER1/errors/filterGenesIn.stderr
rm /data/classes/ibe_genann2025/users/ibe_hoff/GenomeAnnotation_Workshop_Barcelona/BRAKER1/errors/sortGeneMark.err
rm /data/classes/ibe_genann2025/users/ibe_hoff/GenomeAnnotation_Workshop_Barcelona/BRAKER1/errors/secondtest.stderr
rm /data/classes/ibe_genann2025/users/ibe_hoff/GenomeAnnotation_Workshop_Barcelona/BRAKER1/errors/randomSplit.stderr
rm /data/classes/ibe_genann2025/users/ibe_hoff/GenomeAnnotation_Workshop_Barcelona/BRAKER1/errors/GeneMark-ET.stderr
rm /data/classes/ibe_genann2025/users/ibe_hoff/GenomeAnnotation_Workshop_Barcelona/BRAKER1/errors/find_python3_biopython.err
rm /data/classes/ibe_genann2025/users/ibe_hoff/GenomeAnnotation_Workshop_Barcelona/BRAKER1/errors/filterIntronsFindStrand.stderr
rm /data/classes/ibe_genann2025/users/ibe_hoff/GenomeAnnotation_Workshop_Barcelona/BRAKER1/errors/filterGenesIn_mRNAname.stderr
rm /data/classes/ibe_genann2025/users/ibe_hoff/GenomeAnnotation_Workshop_Barcelona/BRAKER1/errors/traingenes.gtf_gff2gbSmallDNA.stderr
rm /data/classes/ibe_genann2025/users/ibe_hoff/GenomeAnnotation_Workshop_Barcelona/BRAKER1/errors/firsttest.stderr
rm /data/classes/ibe_genann2025/users/ibe_hoff/GenomeAnnotation_Workshop_Barcelona/BRAKER1/errors/gtf2gff.augustus.hints.gtf.stderr
rm /data/classes/ibe_genann2025/users/ibe_hoff/GenomeAnnotation_Workshop_Barcelona/BRAKER1/errors/tsebra.stderr
rm /data/classes/ibe_genann2025/users/ibe_hoff/GenomeAnnotation_Workshop_Barcelona/BRAKER1/errors/downsample_traingenes.err
rm /data/classes/ibe_genann2025/users/ibe_hoff/GenomeAnnotation_Workshop_Barcelona/BRAKER1/errors/secondetraining.stderr
rm /data/classes/ibe_genann2025/users/ibe_hoff/GenomeAnnotation_Workshop_Barcelona/BRAKER1/errors/createAugustusJoblist_hints.stderr
rm /data/classes/ibe_genann2025/users/ibe_hoff/GenomeAnnotation_Workshop_Barcelona/BRAKER1/errors/tsebra_rename.stderr
rm /data/classes/ibe_genann2025/users/ibe_hoff/GenomeAnnotation_Workshop_Barcelona/BRAKER1/errors/getAnnoFastaFromJoingenes.augustus.hints_hints.stderr
# Wed Apr 30 18:02:14 2025: deleting job lst files (if existing)
rm /data/classes/ibe_genann2025/users/ibe_hoff/GenomeAnnotation_Workshop_Barcelona/BRAKER1/nonred.loci.lst
rm /data/classes/ibe_genann2025/users/ibe_hoff/GenomeAnnotation_Workshop_Barcelona/BRAKER1/secondetraining.stdout
rm /data/classes/ibe_genann2025/users/ibe_hoff/GenomeAnnotation_Workshop_Barcelona/BRAKER1/train.gb.train.test
rm /data/classes/ibe_genann2025/users/ibe_hoff/GenomeAnnotation_Workshop_Barcelona/BRAKER1/traingenes.gtf
rm /data/classes/ibe_genann2025/users/ibe_hoff/GenomeAnnotation_Workshop_Barcelona/BRAKER1/good_genes.lst
rm /data/classes/ibe_genann2025/users/ibe_hoff/GenomeAnnotation_Workshop_Barcelona/BRAKER1/traingenes.good.nr.fa
rm /data/classes/ibe_genann2025/users/ibe_hoff/GenomeAnnotation_Workshop_Barcelona/BRAKER1/train.gb.train.train
rm /data/classes/ibe_genann2025/users/ibe_hoff/GenomeAnnotation_Workshop_Barcelona/BRAKER1/aug_hints.lst
rm /data/classes/ibe_genann2025/users/ibe_hoff/GenomeAnnotation_Workshop_Barcelona/BRAKER1/train.f.gb
rm /data/classes/ibe_genann2025/users/ibe_hoff/GenomeAnnotation_Workshop_Barcelona/BRAKER1/train.gb.test
rm /data/classes/ibe_genann2025/users/ibe_hoff/GenomeAnnotation_Workshop_Barcelona/BRAKER1/singlecds.hints
rm /data/classes/ibe_genann2025/users/ibe_hoff/GenomeAnnotation_Workshop_Barcelona/BRAKER1/train.gb.train
rm /data/classes/ibe_genann2025/users/ibe_hoff/GenomeAnnotation_Workshop_Barcelona/BRAKER1/hints.job.lst
rm /data/classes/ibe_genann2025/users/ibe_hoff/GenomeAnnotation_Workshop_Barcelona/BRAKER1/augustus.hints.tmp.gtf
rm /data/classes/ibe_genann2025/users/ibe_hoff/GenomeAnnotation_Workshop_Barcelona/BRAKER1/fix_IFS_log_pouhvpbh
rm /data/classes/ibe_genann2025/users/ibe_hoff/GenomeAnnotation_Workshop_Barcelona/BRAKER1/train.ff.gb
rm /data/classes/ibe_genann2025/users/ibe_hoff/GenomeAnnotation_Workshop_Barcelona/BRAKER1/aa2nonred.stdout
rm /data/classes/ibe_genann2025/users/ibe_hoff/GenomeAnnotation_Workshop_Barcelona/BRAKER1/traingenes.good.fa
rm /data/classes/ibe_genann2025/users/ibe_hoff/GenomeAnnotation_Workshop_Barcelona/BRAKER1/traingenes.good.gtf
rm /data/classes/ibe_genann2025/users/ibe_hoff/GenomeAnnotation_Workshop_Barcelona/BRAKER1/gbFilterEtraining.stdout
rm /data/classes/ibe_genann2025/users/ibe_hoff/GenomeAnnotation_Workshop_Barcelona/BRAKER1/firstetraining.stdout
/usr/bin/perl /opt/BRAKER/scripts/braker_cleanup.pl --wdir=/data/classes/ibe_genann2025/users/ibe_hoff/GenomeAnnotation_Workshop_Barcelona/BRAKER1
Deleting file /data/classes/ibe_genann2025/users/ibe_hoff/GenomeAnnotation_Workshop_Barcelona/BRAKER1/firsttest.stdout
Deleting file /data/classes/ibe_genann2025/users/ibe_hoff/GenomeAnnotation_Workshop_Barcelona/BRAKER1/genome.fa
Deleting file /data/classes/ibe_genann2025/users/ibe_hoff/GenomeAnnotation_Workshop_Barcelona/BRAKER1/secondtest.stdout
Deleting file /data/classes/ibe_genann2025/users/ibe_hoff/GenomeAnnotation_Workshop_Barcelona/BRAKER1/train.gb
Deleting file /data/classes/ibe_genann2025/users/ibe_hoff/GenomeAnnotation_Workshop_Barcelona/BRAKER1/GeneMark-ET/genemark.d.gtf
Deleting file /data/classes/ibe_genann2025/users/ibe_hoff/GenomeAnnotation_Workshop_Barcelona/BRAKER1/GeneMark-ET/genemark.f.good.gtf
Deleting file /data/classes/ibe_genann2025/users/ibe_hoff/GenomeAnnotation_Workshop_Barcelona/BRAKER1/GeneMark-ET/genemark.c.gtf
Deleting file /data/classes/ibe_genann2025/users/ibe_hoff/GenomeAnnotation_Workshop_Barcelona/BRAKER1/GeneMark-ET/genemark.average_gene_length.out
Deleting file /data/classes/ibe_genann2025/users/ibe_hoff/GenomeAnnotation_Workshop_Barcelona/BRAKER1/GeneMark-ET/gmes.log
Deleting file /data/classes/ibe_genann2025/users/ibe_hoff/GenomeAnnotation_Workshop_Barcelona/BRAKER1/GeneMark-ET/run.cfg
Deleting file /data/classes/ibe_genann2025/users/ibe_hoff/GenomeAnnotation_Workshop_Barcelona/BRAKER1/GeneMark-ET.stdout
Deleting file /data/classes/ibe_genann2025/users/ibe_hoff/GenomeAnnotation_Workshop_Barcelona/BRAKER1/filterGenemark.stdout
Deleting file /data/classes/ibe_genann2025/users/ibe_hoff/GenomeAnnotation_Workshop_Barcelona/BRAKER1/genome.fa.cidx
Deleting file /data/classes/ibe_genann2025/users/ibe_hoff/GenomeAnnotation_Workshop_Barcelona/BRAKER1/getAnnoFastaFromJoingenes.augustus.hints_tmp.stdout
Deleting file /data/classes/ibe_genann2025/users/ibe_hoff/GenomeAnnotation_Workshop_Barcelona/BRAKER1/augustus.hints.gff
Deleting file /data/classes/ibe_genann2025/users/ibe_hoff/GenomeAnnotation_Workshop_Barcelona/BRAKER1/compleasm_hints.gff
Deleting file /data/classes/ibe_genann2025/users/ibe_hoff/GenomeAnnotation_Workshop_Barcelona/BRAKER1/braker.gtf_temp
Deleting file /data/classes/ibe_genann2025/users/ibe_hoff/GenomeAnnotation_Workshop_Barcelona/BRAKER1/genemark_hintsfile.gff
Deleting file /data/classes/ibe_genann2025/users/ibe_hoff/GenomeAnnotation_Workshop_Barcelona/BRAKER1/gc_content.out
Deleting directory /data/classes/ibe_genann2025/users/ibe_hoff/GenomeAnnotation_Workshop_Barcelona/BRAKER1/GeneMark-ET/data
Deleting directory /data/classes/ibe_genann2025/users/ibe_hoff/GenomeAnnotation_Workshop_Barcelona/BRAKER1/GeneMark-ET/info
Deleting directory /data/classes/ibe_genann2025/users/ibe_hoff/GenomeAnnotation_Workshop_Barcelona/BRAKER1/GeneMark-ET/output
Deleting directory /data/classes/ibe_genann2025/users/ibe_hoff/GenomeAnnotation_Workshop_Barcelona/BRAKER1/GeneMark-ET/run
Deleting directory /data/classes/ibe_genann2025/users/ibe_hoff/GenomeAnnotation_Workshop_Barcelona/BRAKER1/mb_downloads
#**********************************************************************************
#                               BRAKER RUN FINISHED                                
#**********************************************************************************
