#**********************************************************************************
#                               GALBA CONFIGURATION                               
#**********************************************************************************
# GALBA CALL: /opt/GALBA/scripts/galba.pl --workingdir=GALBA --genome=/opt/BRAKER/example/genome.fa --prot_seq=/opt/GALBA/example/proteins.fa --threads 8 --AUGUSTUS_CONFIG_PATH=/data/classes/ibe_genann2025/users/ibe_hoff/.augustus --skipOptimize  # remember to remove this option if you are running a real job
# Wed Apr 30 17:53:47 2025: galba.pl version 1.0.11
# Wed Apr 30 17:53:47 2025: Creating directory /data/classes/ibe_genann2025/users/ibe_hoff/GenomeAnnotation_Workshop_Barcelona/GALBA.
# Wed Apr 30 17:53:47 2025: Configuring of GALBA for using external tools...
# Wed Apr 30 17:53:47 2025: Command line flag --AUGUSTUS_CONFIG_PATH was provided. Setting $AUGUSTUS_CONFIG_PATH in galba.pl to /data/classes/ibe_genann2025/users/ibe_hoff/.augustus.
# Wed Apr 30 17:53:47 2025: Found environment variable $AUGUSTUS_BIN_PATH. Setting $AUGUSTUS_BIN_PATH to /usr/bin/
# Wed Apr 30 17:53:47 2025: Found environment variable $AUGUSTUS_SCRIPTS_PATH. Setting $AUGUSTUS_SCRIPTS_PATH to /usr/share/augustus/scripts/
# Wed Apr 30 17:53:47 2025: Did not find environment variable $PYTHON3_PATH
# Wed Apr 30 17:53:47 2025: Trying to guess $PYTHON3_PATH from location of python3 executable that is available in your $PATH
# Wed Apr 30 17:53:47 2025: Setting $PYTHON3_PATH to /opt/conda/bin
# Wed Apr 30 17:53:47 2025: Did not find environment variable $DIAMOND_PATH
# Wed Apr 30 17:53:47 2025: Trying to guess $DIAMOND_PATH from location of diamond executable that is available in your $PATH
# Wed Apr 30 17:53:47 2025: Setting $DIAMOND_PATH to /opt/ETP/tools
# Wed Apr 30 17:53:47 2025: Did not find environment variable $MINIPROT_PATH (either variable does not exist, or the path given in variable does not exist). Will try to set this variable in a different way, later.
# Wed Apr 30 17:53:47 2025: Trying to guess $MINIPROT_PATH from location of Miniprot executable in your $PATH
# Wed Apr 30 17:53:47 2025: Setting $MINIPROT_PATH to /opt/miniprot
# Wed Apr 30 17:53:47 2025: Did not find environment variable $SCORER_PATH (either variable does not exist, or the path given in variable does not exist). Will try to set this variable in a different way, later.
# Wed Apr 30 17:53:47 2025: Trying to guess $SCORER_PATH from location of miniprot_boundary_scorer executable that is available in your $PATH
# Wed Apr 30 17:53:47 2025: Setting $SCORER_PATH to /opt/miniprot-boundary-scorer
# Wed Apr 30 17:53:47 2025: Did not find environment variable $MINIPROTHINT_PATH (either variable does not exist, or the path given in variable does not exist). Will try to set this variable in a different way, later.
# Wed Apr 30 17:53:47 2025: Trying to guess $MINIPROTHINT_PATH from location of miniprothint.py executable that is available in your $PATH
# Wed Apr 30 17:53:47 2025: Setting $MINIPROTHINT_PATH to /opt/miniprothint
# Wed Apr 30 17:53:47 2025: Did not find environment variable $CDBTOOLS_PATH
# Wed Apr 30 17:53:47 2025: Trying to guess $CDBTOOLS_PATH from location of cdbfasta executable that is available in your $PATH
# Wed Apr 30 17:53:47 2025: Setting $CDBTOOLS_PATH to /opt/cdbfasta
# Wed Apr 30 17:53:47 2025: Did not find environment variable $TSEBRA_PATH
# Wed Apr 30 17:53:47 2025: Trying to guess $TSEBRA_PATH from location of tsebra.py executable that is available in your $PATH
# Wed Apr 30 17:53:47 2025: Setting $TSEBRA_PATH to /opt/TSEBRA/bin
#*********
# IMPORTANT INFORMATION: no species for identifying the AUGUSTUS  parameter set that will arise from this GALBA run was set. GALBA will create an AUGUSTUS parameter set with name Sp_oXWlZ4ejoS. This parameter set can be used for future GALBA/AUGUSTUS prediction runs for the same species. It is usually not necessary to retrain AUGUSTUS with novel extrinsic data if a high quality parameter set already exists.
#*********
#**********************************************************************************
#                               CREATING DIRECTORY STRUCTURE                       
#**********************************************************************************
# Wed Apr 30 17:53:47 2025: creating file that contains citations for this GALBA run at /data/classes/ibe_genann2025/users/ibe_hoff/GenomeAnnotation_Workshop_Barcelona/GALBA/what-to-cite.txt...
# Wed Apr 30 17:53:47 2025: create working directory /data/classes/ibe_genann2025/users/ibe_hoff/GenomeAnnotation_Workshop_Barcelona/GALBA/species
mkdir /data/classes/ibe_genann2025/users/ibe_hoff/GenomeAnnotation_Workshop_Barcelona/GALBA/species
# Wed Apr 30 17:53:47 2025: create working directory /data/classes/ibe_genann2025/users/ibe_hoff/GenomeAnnotation_Workshop_Barcelona/GALBA/errors
mkdir /data/classes/ibe_genann2025/users/ibe_hoff/GenomeAnnotation_Workshop_Barcelona/GALBA/errors
# Wed Apr 30 17:53:48 2025: changing into working directory /data/classes/ibe_genann2025/users/ibe_hoff/GenomeAnnotation_Workshop_Barcelona/GALBA
cd /data/classes/ibe_genann2025/users/ibe_hoff/GenomeAnnotation_Workshop_Barcelona/GALBA
# Wed Apr 30 17:53:48 2025: Creating parameter template files for AUGUSTUS with new_species.pl
# Wed Apr 30 17:53:48 2025: new_species.pl will create parameter files for species Sp_oXWlZ4ejoS in /data/classes/ibe_genann2025/users/ibe_hoff/.augustus/species/Sp_oXWlZ4ejoS
/usr/bin/perl /usr/share/augustus/scripts/new_species.pl --species=Sp_oXWlZ4ejoS --AUGUSTUS_CONFIG_PATH=/data/classes/ibe_genann2025/users/ibe_hoff/.augustus 1> /dev/null 2>/data/classes/ibe_genann2025/users/ibe_hoff/GenomeAnnotation_Workshop_Barcelona/GALBA/errors/new_species.stderr
# Wed Apr 30 17:53:48 2025: check_fasta_headers(): Checking fasta headers of file /opt/BRAKER/example/genome.fa
# Wed Apr 30 17:53:48 2025: check_fasta_headers(): Checking fasta headers of file /opt/GALBA/example/proteins.fa
# Wed Apr 30 17:53:48 2025: Assuming that this is not a DNA fasta file because other characters than A, T, G, C, N, a, t, g, c, n were contained. If this is supposed to be a DNA fasta file, check the content of your file! If this is supposed to be a protein fasta file, please ignore this message!
#**********************************************************************************
#            PROCESSING HINTS AND GENERATING TRAINING GENES                        
#**********************************************************************************
# Wed Apr 30 17:53:48 2025: Making protein hints
# Wed Apr 30 17:53:48 2025: Changing to /data/classes/ibe_genann2025/users/ibe_hoff/GenomeAnnotation_Workshop_Barcelona/GALBA
cd /data/classes/ibe_genann2025/users/ibe_hoff/GenomeAnnotation_Workshop_Barcelona/GALBA
# Wed Apr 30 17:53:48 2025: running Miniprot to produce protein to genome alignments, first producing genome index:
/opt/miniprot/miniprot -t8 -d /data/classes/ibe_genann2025/users/ibe_hoff/GenomeAnnotation_Workshop_Barcelona/GALBA/genome.mpi /data/classes/ibe_genann2025/users/ibe_hoff/GenomeAnnotation_Workshop_Barcelona/GALBA/genome.fa> /data/classes/ibe_genann2025/users/ibe_hoff/GenomeAnnotation_Workshop_Barcelona/GALBA/miniprot_index.stdout 2>>/data/classes/ibe_genann2025/users/ibe_hoff/GenomeAnnotation_Workshop_Barcelona/GALBA/errors/miniprot.stderr
# Wed Apr 30 17:53:48 2025: running Miniprot to produce protein to genome alignments in aln format
/opt/miniprot/miniprot -I -ut8 --outn=1 --aln /data/classes/ibe_genann2025/users/ibe_hoff/GenomeAnnotation_Workshop_Barcelona/GALBA/genome.mpi /opt/GALBA/example/proteins.fa >> /data/classes/ibe_genann2025/users/ibe_hoff/GenomeAnnotation_Workshop_Barcelona/GALBA/protein_alignment_miniprot.aln 2>> /data/classes/ibe_genann2025/users/ibe_hoff/GenomeAnnotation_Workshop_Barcelona/GALBA/errors/miniprot.stderr
# Wed Apr 30 17:53:49 2025: Alignments from file /opt/GALBA/example/proteins.fa created.
# Wed Apr 30 17:53:49 2025: /opt/miniprot-boundary-scorer/miniprot_boundary_scorer -o /data/classes/ibe_genann2025/users/ibe_hoff/GenomeAnnotation_Workshop_Barcelona/GALBA/miniprot.gff -s /opt/miniprot-boundary-scorer/blosum62.csv < /data/classes/ibe_genann2025/users/ibe_hoff/GenomeAnnotation_Workshop_Barcelona/GALBA/protein_alignment_miniprot.aln 
# Wed Apr 30 17:53:49 2025: /opt/miniprothint/miniprothint.py /data/classes/ibe_genann2025/users/ibe_hoff/GenomeAnnotation_Workshop_Barcelona/GALBA/miniprot.gff --workdir /data/classes/ibe_genann2025/users/ibe_hoff/GenomeAnnotation_Workshop_Barcelona/GALBA --ignoreCoverage --topNperSeed 10 --minScoreFraction 0.5
# Wed Apr 30 17:53:50 2025: moving /data/classes/ibe_genann2025/users/ibe_hoff/GenomeAnnotation_Workshop_Barcelona/GALBA/miniprot.gtf to /data/classes/ibe_genann2025/users/ibe_hoff/GenomeAnnotation_Workshop_Barcelona/GALBA/protein_alignment_miniprot.gff
mv /data/classes/ibe_genann2025/users/ibe_hoff/GenomeAnnotation_Workshop_Barcelona/GALBA/miniprot.gtf /data/classes/ibe_genann2025/users/ibe_hoff/GenomeAnnotation_Workshop_Barcelona/GALBA/protein_alignment_miniprot.gff
# Wed Apr 30 17:53:50 2025: Converting alignments from file /data/classes/ibe_genann2025/users/ibe_hoff/GenomeAnnotation_Workshop_Barcelona/GALBA/protein_alignment_miniprot.gff to hints
# Wed Apr 30 17:53:50 2025: Converting protein alignment file /data/classes/ibe_genann2025/users/ibe_hoff/GenomeAnnotation_Workshop_Barcelona/GALBA/protein_alignment_miniprot.gff to hints for AUGUSTUS
/usr/bin/perl /opt/GALBA/scripts/aln2hints.pl --in=/data/classes/ibe_genann2025/users/ibe_hoff/GenomeAnnotation_Workshop_Barcelona/GALBA/protein_alignment_miniprot.gff --out=/data/classes/ibe_genann2025/users/ibe_hoff/GenomeAnnotation_Workshop_Barcelona/GALBA/prot_hintsfile.aln2hints.temp.gff --prg=miniprot --priority=4
# Wed Apr 30 17:53:50 2025: concatenating protein hints from /data/classes/ibe_genann2025/users/ibe_hoff/GenomeAnnotation_Workshop_Barcelona/GALBA/prot_hintsfile.aln2hints.temp.gff to /data/classes/ibe_genann2025/users/ibe_hoff/GenomeAnnotation_Workshop_Barcelona/GALBA/prot_align_out.temp.gff
cat /data/classes/ibe_genann2025/users/ibe_hoff/GenomeAnnotation_Workshop_Barcelona/GALBA/prot_hintsfile.aln2hints.temp.gff >> /data/classes/ibe_genann2025/users/ibe_hoff/GenomeAnnotation_Workshop_Barcelona/GALBA/prot_align_out.temp.gff
# Wed Apr 30 17:53:50 2025: Checking for hints of src=C and with grp tags that should not be joined according to multiplicity
# Wed Apr 30 17:53:50 2025: Joining hints that are identical (& from the same source) into multiplicity hints (input file /data/classes/ibe_genann2025/users/ibe_hoff/GenomeAnnotation_Workshop_Barcelona/GALBA/tmp_merge_hints.gff)
# Wed Apr 30 17:53:50 2025: sort hints of type prot
cat /data/classes/ibe_genann2025/users/ibe_hoff/GenomeAnnotation_Workshop_Barcelona/GALBA/tmp_merge_hints.gff | sort -n -k 4,4 | sort -s -n -k 5,5 | sort -s -n -k 3,3 | sort -s -k 1,1 >/data/classes/ibe_genann2025/users/ibe_hoff/GenomeAnnotation_Workshop_Barcelona/GALBA/hints.prot.temp.sort.gff
# Wed Apr 30 17:53:50 2025: join multiple hints
/usr/bin/perl /usr/share/augustus/scripts/join_mult_hints.pl </data/classes/ibe_genann2025/users/ibe_hoff/GenomeAnnotation_Workshop_Barcelona/GALBA/hints.prot.temp.sort.gff >/data/classes/ibe_genann2025/users/ibe_hoff/GenomeAnnotation_Workshop_Barcelona/GALBA/tmp_merge_hints.gff 2>/data/classes/ibe_genann2025/users/ibe_hoff/GenomeAnnotation_Workshop_Barcelona/GALBA/errors/join_mult_hints.prot.stderr
mv /data/classes/ibe_genann2025/users/ibe_hoff/GenomeAnnotation_Workshop_Barcelona/GALBA/tmp_merge_hints.gff /data/classes/ibe_genann2025/users/ibe_hoff/GenomeAnnotation_Workshop_Barcelona/GALBA/prot_align_out.temp.gff
# Wed Apr 30 17:53:50 2025: moving /data/classes/ibe_genann2025/users/ibe_hoff/GenomeAnnotation_Workshop_Barcelona/GALBA/prot_align_out.temp.gff to /data/classes/ibe_genann2025/users/ibe_hoff/GenomeAnnotation_Workshop_Barcelona/GALBA/prot_align_out.gff
mv /data/classes/ibe_genann2025/users/ibe_hoff/GenomeAnnotation_Workshop_Barcelona/GALBA/prot_align_out.temp.gff /data/classes/ibe_genann2025/users/ibe_hoff/GenomeAnnotation_Workshop_Barcelona/GALBA/prot_align_out.gff
Deleting /data/classes/ibe_genann2025/users/ibe_hoff/GenomeAnnotation_Workshop_Barcelona/GALBA/prot_align_out.temp.gff
# Wed Apr 30 17:53:50 2025: joining hints files -> appending /data/classes/ibe_genann2025/users/ibe_hoff/GenomeAnnotation_Workshop_Barcelona/GALBA/prot_align_out.gff to /data/classes/ibe_genann2025/users/ibe_hoff/GenomeAnnotation_Workshop_Barcelona/GALBA/hintsfile.gff
cat /data/classes/ibe_genann2025/users/ibe_hoff/GenomeAnnotation_Workshop_Barcelona/GALBA/prot_align_out.gff >> /data/classes/ibe_genann2025/users/ibe_hoff/GenomeAnnotation_Workshop_Barcelona/GALBA/hintsfile.gff
# Wed Apr 30 17:53:50 2025: Deleting /data/classes/ibe_genann2025/users/ibe_hoff/GenomeAnnotation_Workshop_Barcelona/GALBA/prot_align_out.gff
# Wed Apr 30 17:53:50 2025: Moving /data/classes/ibe_genann2025/users/ibe_hoff/GenomeAnnotation_Workshop_Barcelona/GALBA/hintsfile.gff to /data/classes/ibe_genann2025/users/ibe_hoff/GenomeAnnotation_Workshop_Barcelona/GALBA/hintsfile.tmp.gff to enable sorting
mv /data/classes/ibe_genann2025/users/ibe_hoff/GenomeAnnotation_Workshop_Barcelona/GALBA/hintsfile.gff /data/classes/ibe_genann2025/users/ibe_hoff/GenomeAnnotation_Workshop_Barcelona/GALBA/hintsfile.tmp.gff
# Wed Apr 30 17:53:50 2025: Sorting hints file /data/classes/ibe_genann2025/users/ibe_hoff/GenomeAnnotation_Workshop_Barcelona/GALBA/hintsfile.gff
cat /data/classes/ibe_genann2025/users/ibe_hoff/GenomeAnnotation_Workshop_Barcelona/GALBA/hintsfile.tmp.gff | sort -n -k 4,4 | sort -s -n -k 5,5 | sort -s -n -k 3,3 | sort -s -k 1,1 > /data/classes/ibe_genann2025/users/ibe_hoff/GenomeAnnotation_Workshop_Barcelona/GALBA/hintsfile.gff
# Wed Apr 30 17:53:50 2025: Deleting file /data/classes/ibe_genann2025/users/ibe_hoff/GenomeAnnotation_Workshop_Barcelona/GALBA/hintsfile.tmp.gff
rm /data/classes/ibe_genann2025/users/ibe_hoff/GenomeAnnotation_Workshop_Barcelona/GALBA/hintsfile.tmp.gff
#  Wed Apr 30 17:53:50 2025: using training genes from miniprothint 
ln -s /data/classes/ibe_genann2025/users/ibe_hoff/GenomeAnnotation_Workshop_Barcelona/GALBA/miniprot_trainingGenes.gtf /data/classes/ibe_genann2025/users/ibe_hoff/GenomeAnnotation_Workshop_Barcelona/GALBA/traingenes.gtf
# Wed Apr 30 17:53:50 2025: rm /data/classes/ibe_genann2025/users/ibe_hoff/GenomeAnnotation_Workshop_Barcelona/GALBA/hintsfile.gff.
#**********************************************************************************
#                            TRAINING AUGUSTUS                                     
#**********************************************************************************
# Wed Apr 30 17:53:50 2025: training AUGUSTUS
# Wed Apr 30 17:53:50 2025: Converting gtf file /data/classes/ibe_genann2025/users/ibe_hoff/GenomeAnnotation_Workshop_Barcelona/GALBA/traingenes.gtf to genbank file
# Wed Apr 30 17:53:50 2025: Computing flanking region size for AUGUSTUS training genes
# Wed Apr 30 17:53:50 2025: create genbank file /data/classes/ibe_genann2025/users/ibe_hoff/GenomeAnnotation_Workshop_Barcelona/GALBA/train.gb
/usr/bin/perl /usr/share/augustus/scripts/gff2gbSmallDNA.pl /data/classes/ibe_genann2025/users/ibe_hoff/GenomeAnnotation_Workshop_Barcelona/GALBA/traingenes.gtf /data/classes/ibe_genann2025/users/ibe_hoff/GenomeAnnotation_Workshop_Barcelona/GALBA/genome.fa 1001 /data/classes/ibe_genann2025/users/ibe_hoff/GenomeAnnotation_Workshop_Barcelona/GALBA/train.gb 1> /data/classes/ibe_genann2025/users/ibe_hoff/GenomeAnnotation_Workshop_Barcelona/GALBA/gff2gbSmallDNA.stderr 2>/data/classes/ibe_genann2025/users/ibe_hoff/GenomeAnnotation_Workshop_Barcelona/GALBA/gff2gbSmallDNA.stderr
#*********
# INFORMATION: the size of flanking region used in this GALBA run is 1001
#*********
# Wed Apr 30 17:53:51 2025: Genbank format file /data/classes/ibe_genann2025/users/ibe_hoff/GenomeAnnotation_Workshop_Barcelona/GALBA/train.gb contains 259 genes.
# Wed Apr 30 17:53:51 2025: Setting value of "stopCodonExcludedFromCDS" in /data/classes/ibe_genann2025/users/ibe_hoff/.augustus/species/Sp_oXWlZ4ejoS/Sp_oXWlZ4ejoS_parameters.cfg to "true"
# Wed Apr 30 17:53:51 2025: Running etraining to catch gene structure inconsistencies:
/usr/bin//etraining --species=Sp_oXWlZ4ejoS --AUGUSTUS_CONFIG_PATH=/data/classes/ibe_genann2025/users/ibe_hoff/.augustus /data/classes/ibe_genann2025/users/ibe_hoff/GenomeAnnotation_Workshop_Barcelona/GALBA/train.gb 1> /data/classes/ibe_genann2025/users/ibe_hoff/GenomeAnnotation_Workshop_Barcelona/GALBA/gbFilterEtraining.stdout 2>/data/classes/ibe_genann2025/users/ibe_hoff/GenomeAnnotation_Workshop_Barcelona/GALBA/errors/gbFilterEtraining.stderr
# Wed Apr 30 17:53:51 2025: Filtering /data/classes/ibe_genann2025/users/ibe_hoff/GenomeAnnotation_Workshop_Barcelona/GALBA/train.gb file to remove inconsistent gene structures...
/usr/bin/perl /usr/share/augustus/scripts/filterGenes.pl /data/classes/ibe_genann2025/users/ibe_hoff/GenomeAnnotation_Workshop_Barcelona/GALBA/etrain.bad.lst /data/classes/ibe_genann2025/users/ibe_hoff/GenomeAnnotation_Workshop_Barcelona/GALBA/train.gb 1> /data/classes/ibe_genann2025/users/ibe_hoff/GenomeAnnotation_Workshop_Barcelona/GALBA/train.ff.gb 2>/data/classes/ibe_genann2025/users/ibe_hoff/GenomeAnnotation_Workshop_Barcelona/GALBA/errors/etrainFilterGenes.stderr
# Wed Apr 30 17:53:51 2025: Genbank format file /data/classes/ibe_genann2025/users/ibe_hoff/GenomeAnnotation_Workshop_Barcelona/GALBA/train.ff.gb contains 251 genes.
# Wed Apr 30 17:53:51 2025: BLAST or DIAMOND training gene structures against themselves:
/usr/bin/perl /usr/share/augustus/scripts/aa2nonred.pl /data/classes/ibe_genann2025/users/ibe_hoff/GenomeAnnotation_Workshop_Barcelona/GALBA/traingenes.good.fa /data/classes/ibe_genann2025/users/ibe_hoff/GenomeAnnotation_Workshop_Barcelona/GALBA/traingenes.good.nr.fa --DIAMOND_PATH=/opt/ETP/tools --cores=8 --diamond 1> /data/classes/ibe_genann2025/users/ibe_hoff/GenomeAnnotation_Workshop_Barcelona/GALBA/aa2nonred.stdout 2>/data/classes/ibe_genann2025/users/ibe_hoff/GenomeAnnotation_Workshop_Barcelona/GALBA/errors/aa2nonred.stderr
# Wed Apr 30 17:53:52 2025: Filtering nonredundant loci into /data/classes/ibe_genann2025/users/ibe_hoff/GenomeAnnotation_Workshop_Barcelona/GALBA/train.fff.gb:
/usr/bin/perl /usr/share/augustus/scripts/filterGenesIn.pl /data/classes/ibe_genann2025/users/ibe_hoff/GenomeAnnotation_Workshop_Barcelona/GALBA/nonred.loci.lst /data/classes/ibe_genann2025/users/ibe_hoff/GenomeAnnotation_Workshop_Barcelona/GALBA/train.ff.gb 1> /data/classes/ibe_genann2025/users/ibe_hoff/GenomeAnnotation_Workshop_Barcelona/GALBA/train.fff.gb 2>/data/classes/ibe_genann2025/users/ibe_hoff/GenomeAnnotation_Workshop_Barcelona/GALBA/errors/filterGenesIn.stderr
# Wed Apr 30 17:53:52 2025: Genbank format file /data/classes/ibe_genann2025/users/ibe_hoff/GenomeAnnotation_Workshop_Barcelona/GALBA/train.fff.gb contains 249 genes.
# Wed Apr 30 17:53:52 2025: Moving /data/classes/ibe_genann2025/users/ibe_hoff/GenomeAnnotation_Workshop_Barcelona/GALBA/train.fff.gb to /data/classes/ibe_genann2025/users/ibe_hoff/GenomeAnnotation_Workshop_Barcelona/GALBA/train.gb:
mv /data/classes/ibe_genann2025/users/ibe_hoff/GenomeAnnotation_Workshop_Barcelona/GALBA/train.fff.gb /data/classes/ibe_genann2025/users/ibe_hoff/GenomeAnnotation_Workshop_Barcelona/GALBA/train.gb
# Wed Apr 30 17:53:52 2025: Splitting genbank file into train and test file
#*********
# WARNING: Number of reliable training genes is low (249). Recommended are at least 600 genes
#*********
/usr/bin/perl /usr/share/augustus/scripts/randomSplit.pl /data/classes/ibe_genann2025/users/ibe_hoff/GenomeAnnotation_Workshop_Barcelona/GALBA/train.gb 83 2>/data/classes/ibe_genann2025/users/ibe_hoff/GenomeAnnotation_Workshop_Barcelona/GALBA/errors/randomSplit.stderr
# Wed Apr 30 17:53:52 2025: /data/classes/ibe_genann2025/users/ibe_hoff/GenomeAnnotation_Workshop_Barcelona/GALBA/train.gb.test will be used for measuring AUGUSTUS accuracy after training
# Wed Apr 30 17:53:52 2025: Genbank format file /data/classes/ibe_genann2025/users/ibe_hoff/GenomeAnnotation_Workshop_Barcelona/GALBA/train.gb.test contains 83 genes.
# Wed Apr 30 17:53:52 2025: Genbank format file /data/classes/ibe_genann2025/users/ibe_hoff/GenomeAnnotation_Workshop_Barcelona/GALBA/train.gb.train contains 166 genes.
/usr/bin/perl /usr/share/augustus/scripts/randomSplit.pl /data/classes/ibe_genann2025/users/ibe_hoff/GenomeAnnotation_Workshop_Barcelona/GALBA/train.gb.train 83 2>/data/classes/ibe_genann2025/users/ibe_hoff/GenomeAnnotation_Workshop_Barcelona/GALBA/errors/randomSplit.stderr
# Wed Apr 30 17:53:52 2025: Genbank format file /data/classes/ibe_genann2025/users/ibe_hoff/GenomeAnnotation_Workshop_Barcelona/GALBA/train.gb.train.train contains 83 genes.
# Wed Apr 30 17:53:52 2025: Genbank format file /data/classes/ibe_genann2025/users/ibe_hoff/GenomeAnnotation_Workshop_Barcelona/GALBA/train.gb.train.test contains 83 genes.
# Wed Apr 30 17:53:52 2025: /data/classes/ibe_genann2025/users/ibe_hoff/GenomeAnnotation_Workshop_Barcelona/GALBA/train.gb.train.test will be used or measuring AUGUSTUS accuracy during training with optimize_augustus.pl
 /data/classes/ibe_genann2025/users/ibe_hoff/GenomeAnnotation_Workshop_Barcelona/GALBA/train.gb.train.train will be used for running etraining in optimize_augustus.pl (together with train.gb.train.test)
 /data/classes/ibe_genann2025/users/ibe_hoff/GenomeAnnotation_Workshop_Barcelona/GALBA/train.gb.train will be used for running etraining (outside of optimize_augustus.pl)
# Wed Apr 30 17:53:52 2025: first etraining
/usr/bin//etraining --species=Sp_oXWlZ4ejoS --AUGUSTUS_CONFIG_PATH=/data/classes/ibe_genann2025/users/ibe_hoff/.augustus /data/classes/ibe_genann2025/users/ibe_hoff/GenomeAnnotation_Workshop_Barcelona/GALBA/train.gb.train 1>/data/classes/ibe_genann2025/users/ibe_hoff/GenomeAnnotation_Workshop_Barcelona/GALBA/firstetraining.stdout 2>/data/classes/ibe_genann2025/users/ibe_hoff/GenomeAnnotation_Workshop_Barcelona/GALBA/errors/firstetraining.stderr
grep -c "exon doesn't end in stop codon" /data/classes/ibe_genann2025/users/ibe_hoff/GenomeAnnotation_Workshop_Barcelona/GALBA/errors/firstetraining.stderr
# Wed Apr 30 17:53:53 2025: Error rate of missing stop codon is 0
# Wed Apr 30 17:53:53 2025: Adjusting stop-codon frequencies in species_parameters.cfg according to /data/classes/ibe_genann2025/users/ibe_hoff/GenomeAnnotation_Workshop_Barcelona/GALBA/firstetraining.stdout
# Wed Apr 30 17:53:53 2025: Setting frequency of stop codons to tag=0.181, taa=0.331, tga=0.488.
# Wed Apr 30 17:53:53 2025: first AUGUSTUS accuracy test
/usr/bin//augustus --species=Sp_oXWlZ4ejoS --AUGUSTUS_CONFIG_PATH=/data/classes/ibe_genann2025/users/ibe_hoff/.augustus /data/classes/ibe_genann2025/users/ibe_hoff/GenomeAnnotation_Workshop_Barcelona/GALBA/train.gb.test >/data/classes/ibe_genann2025/users/ibe_hoff/GenomeAnnotation_Workshop_Barcelona/GALBA/firsttest.stdout 2>/data/classes/ibe_genann2025/users/ibe_hoff/GenomeAnnotation_Workshop_Barcelona/GALBA/errors/firsttest.stderr
# Wed Apr 30 17:54:01 2025: Computing accuracy of AUGUSTUS prediction (in test file derived from predictions on training data set stored in /data/classes/ibe_genann2025/users/ibe_hoff/GenomeAnnotation_Workshop_Barcelona/GALBA/firsttest.stdout)
# Wed Apr 30 17:54:01 2025: The accuracy in round first is 0.7478
# Wed Apr 30 17:54:01 2025: RUNNING AUGUSTUS
# Wed Apr 30 17:54:01 2025: AUGUSTUS with hints
# Wed Apr 30 17:54:01 2025: copy extrinsic file /opt/GALBA/scripts/cfg/galba.cfg to working directory
cp /opt/GALBA/scripts/cfg/galba.cfg /data/classes/ibe_genann2025/users/ibe_hoff/GenomeAnnotation_Workshop_Barcelona/GALBA/species/Sp_oXWlZ4ejoS/ex1.cfg
/opt/conda/bin/python3 /data/classes/ibe_genann2025/users/ibe_hoff/GenomeAnnotation_Workshop_Barcelona/GALBA/pygustus_hints.py 1> /data/classes/ibe_genann2025/users/ibe_hoff/GenomeAnnotation_Workshop_Barcelona/GALBA/pygustus_hints.out 2>/data/classes/ibe_genann2025/users/ibe_hoff/GenomeAnnotation_Workshop_Barcelona/GALBA/errors/pygustus_hints.err
# Wed Apr 30 17:54:53 2025: AUGUSTUS prediction complete
# Wed Apr 30 17:54:53 2025: Making a gtf file from /data/classes/ibe_genann2025/users/ibe_hoff/GenomeAnnotation_Workshop_Barcelona/GALBA/augustus.hints.gff
cat /data/classes/ibe_genann2025/users/ibe_hoff/GenomeAnnotation_Workshop_Barcelona/GALBA/augustus.hints.gff | /usr/bin/perl -ne 'if(m/\tAUGUSTUS\t/) {print $_;}' | /usr/bin/perl /usr/share/augustus/scripts/gtf2gff.pl --printExon --out=/data/classes/ibe_genann2025/users/ibe_hoff/GenomeAnnotation_Workshop_Barcelona/GALBA/augustus.hints.tmp.gtf 2>/data/classes/ibe_genann2025/users/ibe_hoff/GenomeAnnotation_Workshop_Barcelona/GALBA/errors/gtf2gff.augustus.hints.gtf.stderr
# Wed Apr 30 17:54:53 2025: Converting gtf file /data/classes/ibe_genann2025/users/ibe_hoff/GenomeAnnotation_Workshop_Barcelona/GALBA/augustus.hints.gtf to genbank file
# Wed Apr 30 17:54:53 2025: create genbank file /data/classes/ibe_genann2025/users/ibe_hoff/GenomeAnnotation_Workshop_Barcelona/GALBA/train2.gb
/usr/bin/perl /usr/share/augustus/scripts/gff2gbSmallDNA.pl --good /data/classes/ibe_genann2025/users/ibe_hoff/GenomeAnnotation_Workshop_Barcelona/GALBA/good_training_genes.lst /data/classes/ibe_genann2025/users/ibe_hoff/GenomeAnnotation_Workshop_Barcelona/GALBA/augustus.hints.gtf /data/classes/ibe_genann2025/users/ibe_hoff/GenomeAnnotation_Workshop_Barcelona/GALBA/genome.fa 1001 /data/classes/ibe_genann2025/users/ibe_hoff/GenomeAnnotation_Workshop_Barcelona/GALBA/train2.gb 1> /data/classes/ibe_genann2025/users/ibe_hoff/GenomeAnnotation_Workshop_Barcelona/GALBA/gff2gbSmallDNA.stderr 2>/data/classes/ibe_genann2025/users/ibe_hoff/GenomeAnnotation_Workshop_Barcelona/GALBA/gff2gbSmallDNA.stderr
#*********
# INFORMATION: the size of flanking region used in this GALBA run is 1001
#*********
# Wed Apr 30 17:54:53 2025: Splitting genbank file into train and test file
#*********
# WARNING: Number of reliable training genes is low (249). Recommended are at least 600 genes
#*********
/usr/bin/perl /usr/share/augustus/scripts/randomSplit.pl /data/classes/ibe_genann2025/users/ibe_hoff/GenomeAnnotation_Workshop_Barcelona/GALBA/train2.gb 83 2>/data/classes/ibe_genann2025/users/ibe_hoff/GenomeAnnotation_Workshop_Barcelona/GALBA/errors/randomSplit.stderr
# Wed Apr 30 17:54:53 2025: /data/classes/ibe_genann2025/users/ibe_hoff/GenomeAnnotation_Workshop_Barcelona/GALBA/train2.gb.test will be used for measuring AUGUSTUS accuracy after training
# Wed Apr 30 17:54:53 2025: Genbank format file /data/classes/ibe_genann2025/users/ibe_hoff/GenomeAnnotation_Workshop_Barcelona/GALBA/train2.gb.test contains 83 genes.
# Wed Apr 30 17:54:53 2025: Genbank format file /data/classes/ibe_genann2025/users/ibe_hoff/GenomeAnnotation_Workshop_Barcelona/GALBA/train2.gb.train contains 168 genes.
/usr/bin/perl /usr/share/augustus/scripts/randomSplit.pl /data/classes/ibe_genann2025/users/ibe_hoff/GenomeAnnotation_Workshop_Barcelona/GALBA/train2.gb.train 83 2>/data/classes/ibe_genann2025/users/ibe_hoff/GenomeAnnotation_Workshop_Barcelona/GALBA/errors/randomSplit.stderr
# Wed Apr 30 17:54:53 2025: Genbank format file /data/classes/ibe_genann2025/users/ibe_hoff/GenomeAnnotation_Workshop_Barcelona/GALBA/train2.gb.train.train contains 85 genes.
# Wed Apr 30 17:54:53 2025: Genbank format file /data/classes/ibe_genann2025/users/ibe_hoff/GenomeAnnotation_Workshop_Barcelona/GALBA/train2.gb.train.test contains 83 genes.
# Wed Apr 30 17:54:53 2025: /data/classes/ibe_genann2025/users/ibe_hoff/GenomeAnnotation_Workshop_Barcelona/GALBA/train2.gb.train.test will be used or measuring AUGUSTUS accuracy during training with optimize_augustus.pl
 /data/classes/ibe_genann2025/users/ibe_hoff/GenomeAnnotation_Workshop_Barcelona/GALBA/train2.gb.train.train will be used for running etraining in optimize_augustus.pl (together with train2.gb.train.test)
 /data/classes/ibe_genann2025/users/ibe_hoff/GenomeAnnotation_Workshop_Barcelona/GALBA/train2.gb.train will be used for running etraining (outside of optimize_augustus.pl)
# Wed Apr 30 17:54:53 2025: first etraining
/usr/bin//etraining --species=Sp_oXWlZ4ejoS --AUGUSTUS_CONFIG_PATH=/data/classes/ibe_genann2025/users/ibe_hoff/.augustus /data/classes/ibe_genann2025/users/ibe_hoff/GenomeAnnotation_Workshop_Barcelona/GALBA/train2.gb.train 1>/data/classes/ibe_genann2025/users/ibe_hoff/GenomeAnnotation_Workshop_Barcelona/GALBA/firstetraining.stdout 2>/data/classes/ibe_genann2025/users/ibe_hoff/GenomeAnnotation_Workshop_Barcelona/GALBA/errors/firstetraining.stderr
# Wed Apr 30 17:54:54 2025: second AUGUSTUS accuracy test
/usr/bin//augustus --species=Sp_oXWlZ4ejoS --AUGUSTUS_CONFIG_PATH=/data/classes/ibe_genann2025/users/ibe_hoff/.augustus /data/classes/ibe_genann2025/users/ibe_hoff/GenomeAnnotation_Workshop_Barcelona/GALBA/train.gb.test >/data/classes/ibe_genann2025/users/ibe_hoff/GenomeAnnotation_Workshop_Barcelona/GALBA/secondtest.stdout 2>/data/classes/ibe_genann2025/users/ibe_hoff/GenomeAnnotation_Workshop_Barcelona/GALBA/errors/secondtest.stderr
# Wed Apr 30 17:55:01 2025: Computing accuracy of AUGUSTUS prediction (in test file derived from predictions on training data set stored in /data/classes/ibe_genann2025/users/ibe_hoff/GenomeAnnotation_Workshop_Barcelona/GALBA/secondtest.stdout)
# Wed Apr 30 17:55:01 2025: The accuracy in round second is 0.8068
# Wed Apr 30 17:55:01 2025: Third etraining
/usr/bin//etraining --species=Sp_oXWlZ4ejoS --AUGUSTUS_CONFIG_PATH=/data/classes/ibe_genann2025/users/ibe_hoff/.augustus /data/classes/ibe_genann2025/users/ibe_hoff/GenomeAnnotation_Workshop_Barcelona/GALBA/train2.gb.train 1>/data/classes/ibe_genann2025/users/ibe_hoff/GenomeAnnotation_Workshop_Barcelona/GALBA/secondetraining.stdout 2>/data/classes/ibe_genann2025/users/ibe_hoff/GenomeAnnotation_Workshop_Barcelona/GALBA/errors/secondetraining.stderr
# Wed Apr 30 17:55:02 2025: third AUGUSTUS accuracy test
/usr/bin//augustus --species=Sp_oXWlZ4ejoS --AUGUSTUS_CONFIG_PATH=/data/classes/ibe_genann2025/users/ibe_hoff/.augustus /data/classes/ibe_genann2025/users/ibe_hoff/GenomeAnnotation_Workshop_Barcelona/GALBA/train.gb.test >/data/classes/ibe_genann2025/users/ibe_hoff/GenomeAnnotation_Workshop_Barcelona/GALBA/thirdtest.stdout 2>/data/classes/ibe_genann2025/users/ibe_hoff/GenomeAnnotation_Workshop_Barcelona/GALBA/errors/thirdtest.stderr
# Wed Apr 30 17:55:10 2025: Computing accuracy of AUGUSTUS prediction (in test file derived from predictions on training data set stored in /data/classes/ibe_genann2025/users/ibe_hoff/GenomeAnnotation_Workshop_Barcelona/GALBA/thirdtest.stdout)
# Wed Apr 30 17:55:10 2025: The accuracy in round third is 0.8068
#**********************************************************************************
#                               PREDICTING GENES WITH AUGUSTUS (NO UTRS)           
#**********************************************************************************
# Wed Apr 30 17:55:10 2025: RUNNING AUGUSTUS
# Wed Apr 30 17:55:10 2025: AUGUSTUS with hints
# Wed Apr 30 17:55:10 2025: copy extrinsic file /opt/GALBA/scripts/cfg/galba.cfg to working directory
cp /opt/GALBA/scripts/cfg/galba.cfg /data/classes/ibe_genann2025/users/ibe_hoff/GenomeAnnotation_Workshop_Barcelona/GALBA/species/Sp_oXWlZ4ejoS/ex1.cfg
/opt/conda/bin/python3 /data/classes/ibe_genann2025/users/ibe_hoff/GenomeAnnotation_Workshop_Barcelona/GALBA/pygustus_hints.py 1> /data/classes/ibe_genann2025/users/ibe_hoff/GenomeAnnotation_Workshop_Barcelona/GALBA/pygustus_hints.out 2>/data/classes/ibe_genann2025/users/ibe_hoff/GenomeAnnotation_Workshop_Barcelona/GALBA/errors/pygustus_hints.err
# Wed Apr 30 17:56:27 2025: AUGUSTUS prediction complete
# Wed Apr 30 17:56:27 2025: Making a gtf file from /data/classes/ibe_genann2025/users/ibe_hoff/GenomeAnnotation_Workshop_Barcelona/GALBA/augustus.hints.gff
cat /data/classes/ibe_genann2025/users/ibe_hoff/GenomeAnnotation_Workshop_Barcelona/GALBA/augustus.hints.gff | /usr/bin/perl -ne 'if(m/\tAUGUSTUS\t/) {print $_;}' | /usr/bin/perl /usr/share/augustus/scripts/gtf2gff.pl --printExon --out=/data/classes/ibe_genann2025/users/ibe_hoff/GenomeAnnotation_Workshop_Barcelona/GALBA/augustus.hints.tmp.gtf 2>/data/classes/ibe_genann2025/users/ibe_hoff/GenomeAnnotation_Workshop_Barcelona/GALBA/errors/gtf2gff.augustus.hints.gtf.stderr
# Wed Apr 30 17:56:27 2025: Making a fasta file with protein sequences of /data/classes/ibe_genann2025/users/ibe_hoff/GenomeAnnotation_Workshop_Barcelona/GALBA/augustus.hints.gtf
/opt/conda/bin/python3 /usr/share/augustus/scripts/getAnnoFastaFromJoingenes.py -g /data/classes/ibe_genann2025/users/ibe_hoff/GenomeAnnotation_Workshop_Barcelona/GALBA/genome.fa -f /data/classes/ibe_genann2025/users/ibe_hoff/GenomeAnnotation_Workshop_Barcelona/GALBA/augustus.hints.gtf -o /data/classes/ibe_genann2025/users/ibe_hoff/GenomeAnnotation_Workshop_Barcelona/GALBA/augustus.hints 1> /data/classes/ibe_genann2025/users/ibe_hoff/GenomeAnnotation_Workshop_Barcelona/GALBA/getAnnoFastaFromJoingenes.augustus.hints_tmp.stdout 2>/data/classes/ibe_genann2025/users/ibe_hoff/GenomeAnnotation_Workshop_Barcelona/GALBA/errors/getAnnoFastaFromJoingenes.augustus.hints_tmp.stderr
# Wed Apr 30 17:56:28 2025: fixing AUGUSTUS genes with in frame stop codons...
/opt/conda/bin/python3 /usr/share/augustus/scripts/fix_in_frame_stop_codon_genes.py -g /data/classes/ibe_genann2025/users/ibe_hoff/GenomeAnnotation_Workshop_Barcelona/GALBA/genome.fa -t /data/classes/ibe_genann2025/users/ibe_hoff/GenomeAnnotation_Workshop_Barcelona/GALBA/augustus.hints.gtf -b /data/classes/ibe_genann2025/users/ibe_hoff/GenomeAnnotation_Workshop_Barcelona/GALBA/bad_genes.lst -o augustus.hints_fix_ifs_ -s Sp_oXWlZ4ejoS -m off --UTR off --print_utr off -a /data/classes/ibe_genann2025/users/ibe_hoff/.augustus -C /opt/cdbfasta -A /usr/bin/ -S /usr/share/augustus/scripts/ -H /data/classes/ibe_genann2025/users/ibe_hoff/GenomeAnnotation_Workshop_Barcelona/GALBA/hintsfile.gff -e /opt/GALBA/scripts/cfg/galba.cfg  > /data/classes/ibe_genann2025/users/ibe_hoff/GenomeAnnotation_Workshop_Barcelona/GALBA/fix_in_frame_stop_codon_genes_augustus.hints.log 2> /data/classes/ibe_genann2025/users/ibe_hoff/GenomeAnnotation_Workshop_Barcelona/GALBA/errors/fix_in_frame_stop_codon_genes_augustus.hints.err
# Wed Apr 30 17:56:29 2025: Moving gene prediction file without in frame stop codons to location of original file (overwriting it)...
mv /data/classes/ibe_genann2025/users/ibe_hoff/GenomeAnnotation_Workshop_Barcelona/GALBA/augustus.hints_fix_ifs_.gtf /data/classes/ibe_genann2025/users/ibe_hoff/GenomeAnnotation_Workshop_Barcelona/GALBA/augustus.hints.gtf
# Wed Apr 30 17:56:29 2025: Deleting file with genes with in frame stop codons...
rm /data/classes/ibe_genann2025/users/ibe_hoff/GenomeAnnotation_Workshop_Barcelona/GALBA/bad_genes.lst
mv /data/classes/ibe_genann2025/users/ibe_hoff/GenomeAnnotation_Workshop_Barcelona/GALBA/augustus.hints.gtf /data/classes/ibe_genann2025/users/ibe_hoff/GenomeAnnotation_Workshop_Barcelona/GALBA/augustus.tmp.gtf
# Wed Apr 30 17:56:29 2025: deleting transcripts with CDS features on opposite strands and with overlapping CDS features...
/opt/conda/bin/python3 /opt/GALBA/scripts/gtf_sanity_check.py -f /data/classes/ibe_genann2025/users/ibe_hoff/GenomeAnnotation_Workshop_Barcelona/GALBA/augustus.tmp.gtf -o /data/classes/ibe_genann2025/users/ibe_hoff/GenomeAnnotation_Workshop_Barcelona/GALBA/bad2.lst > /data/classes/ibe_genann2025/users/ibe_hoff/GenomeAnnotation_Workshop_Barcelona/GALBA/gtf_sanity_check.log 2> /data/classes/ibe_genann2025/users/ibe_hoff/GenomeAnnotation_Workshop_Barcelona/GALBA/errors/gtf_sanity_check.err
/opt/conda/bin/python3 /usr/share/augustus/scripts/filter_gtf_by_txid.py -g /data/classes/ibe_genann2025/users/ibe_hoff/GenomeAnnotation_Workshop_Barcelona/GALBA/augustus.tmp.gtf -l /data/classes/ibe_genann2025/users/ibe_hoff/GenomeAnnotation_Workshop_Barcelona/GALBA/bad2.lst -o /data/classes/ibe_genann2025/users/ibe_hoff/GenomeAnnotation_Workshop_Barcelona/GALBA/augustus.hints.gtf > /data/classes/ibe_genann2025/users/ibe_hoff/GenomeAnnotation_Workshop_Barcelona/GALBA/filter_gtf_by_txid.log 2> /data/classes/ibe_genann2025/users/ibe_hoff/GenomeAnnotation_Workshop_Barcelona/GALBA/errors/filter_gtf_by_txid.err
# Wed Apr 30 17:56:30 2025: Making a fasta file with protein sequences of /data/classes/ibe_genann2025/users/ibe_hoff/GenomeAnnotation_Workshop_Barcelona/GALBA/augustus.hints.gtf
/opt/conda/bin/python3 /usr/share/augustus/scripts/getAnnoFastaFromJoingenes.py -g /data/classes/ibe_genann2025/users/ibe_hoff/GenomeAnnotation_Workshop_Barcelona/GALBA/genome.fa -f /data/classes/ibe_genann2025/users/ibe_hoff/GenomeAnnotation_Workshop_Barcelona/GALBA/augustus.hints.gtf -o /data/classes/ibe_genann2025/users/ibe_hoff/GenomeAnnotation_Workshop_Barcelona/GALBA/augustus.hints 1> /data/classes/ibe_genann2025/users/ibe_hoff/GenomeAnnotation_Workshop_Barcelona/GALBA/getAnnoFastaFromJoingenes.augustus.hints_hints.stdout 2>/data/classes/ibe_genann2025/users/ibe_hoff/GenomeAnnotation_Workshop_Barcelona/GALBA/errors/getAnnoFastaFromJoingenes.augustus.hints_hints.stderr
ln -s /opt/GALBA/example/proteins.fa /data/classes/ibe_genann2025/users/ibe_hoff/GenomeAnnotation_Workshop_Barcelona/GALBA/prot_seq_all.fa
/opt/conda/bin/python3 /opt/GALBA/scripts/filter_gtf_by_diamond_against_ref.py -r /data/classes/ibe_genann2025/users/ibe_hoff/GenomeAnnotation_Workshop_Barcelona/GALBA/prot_seq_all.fa -g /data/classes/ibe_genann2025/users/ibe_hoff/GenomeAnnotation_Workshop_Barcelona/GALBA/augustus.hints.gtf -o /data/classes/ibe_genann2025/users/ibe_hoff/GenomeAnnotation_Workshop_Barcelona/GALBA/galba.gtf -a augustus.hints.aa -t 8 -d /opt/ETP/tools 1> /data/classes/ibe_genann2025/users/ibe_hoff/GenomeAnnotation_Workshop_Barcelona/GALBA/filter_gtf_by_diamond_against_ref.stdout 2>/data/classes/ibe_genann2025/users/ibe_hoff/GenomeAnnotation_Workshop_Barcelona/GALBA/errors/filter_gtf_by_diamond_against_ref.stderr
# Wed Apr 30 17:56:31 2025: Making a fasta file with protein sequences of /data/classes/ibe_genann2025/users/ibe_hoff/GenomeAnnotation_Workshop_Barcelona/GALBA/galba.gtf
/opt/conda/bin/python3 /usr/share/augustus/scripts/getAnnoFastaFromJoingenes.py -g /data/classes/ibe_genann2025/users/ibe_hoff/GenomeAnnotation_Workshop_Barcelona/GALBA/genome.fa -f /data/classes/ibe_genann2025/users/ibe_hoff/GenomeAnnotation_Workshop_Barcelona/GALBA/galba.gtf -o /data/classes/ibe_genann2025/users/ibe_hoff/GenomeAnnotation_Workshop_Barcelona/GALBA/galba 1> /data/classes/ibe_genann2025/users/ibe_hoff/GenomeAnnotation_Workshop_Barcelona/GALBA/getAnnoFastaFromJoingenes.galba_.stdout 2>/data/classes/ibe_genann2025/users/ibe_hoff/GenomeAnnotation_Workshop_Barcelona/GALBA/errors/getAnnoFastaFromJoingenes.galba_.stderr
# Wed Apr 30 17:56:31 2025: deleting empty files
# Wed Apr 30 17:56:31 2025: find /data/classes/ibe_genann2025/users/ibe_hoff/GenomeAnnotation_Workshop_Barcelona/GALBA -empty
rm /data/classes/ibe_genann2025/users/ibe_hoff/GenomeAnnotation_Workshop_Barcelona/GALBA/bad2.lst
rm /data/classes/ibe_genann2025/users/ibe_hoff/GenomeAnnotation_Workshop_Barcelona/GALBA/highAlIntrons.gff
rm /data/classes/ibe_genann2025/users/ibe_hoff/GenomeAnnotation_Workshop_Barcelona/GALBA/getAnnoFastaFromJoingenes.galba_.stdout
rm /data/classes/ibe_genann2025/users/ibe_hoff/GenomeAnnotation_Workshop_Barcelona/GALBA/miniprot_index.stdout
rm /data/classes/ibe_genann2025/users/ibe_hoff/GenomeAnnotation_Workshop_Barcelona/GALBA/fix_in_frame_stop_codon_genes_augustus.hints.log
rm /data/classes/ibe_genann2025/users/ibe_hoff/GenomeAnnotation_Workshop_Barcelona/GALBA/filter_gtf_by_txid.log
rm /data/classes/ibe_genann2025/users/ibe_hoff/GenomeAnnotation_Workshop_Barcelona/GALBA/gtf_sanity_check.log
rm /data/classes/ibe_genann2025/users/ibe_hoff/GenomeAnnotation_Workshop_Barcelona/GALBA/tmp_no_merge_hints.gff
rm /data/classes/ibe_genann2025/users/ibe_hoff/GenomeAnnotation_Workshop_Barcelona/GALBA/getAnnoFastaFromJoingenes.augustus.hints_hints.stdout
rm /data/classes/ibe_genann2025/users/ibe_hoff/GenomeAnnotation_Workshop_Barcelona/GALBA/errors/firstetraining.stderr
rm /data/classes/ibe_genann2025/users/ibe_hoff/GenomeAnnotation_Workshop_Barcelona/GALBA/errors/getAnnoFastaFromJoingenes.augustus.hints_tmp.stderr
rm /data/classes/ibe_genann2025/users/ibe_hoff/GenomeAnnotation_Workshop_Barcelona/GALBA/errors/thirdtest.stderr
rm /data/classes/ibe_genann2025/users/ibe_hoff/GenomeAnnotation_Workshop_Barcelona/GALBA/errors/gtf_sanity_check.err
rm /data/classes/ibe_genann2025/users/ibe_hoff/GenomeAnnotation_Workshop_Barcelona/GALBA/errors/fix_in_frame_stop_codon_genes_augustus.hints.err
rm /data/classes/ibe_genann2025/users/ibe_hoff/GenomeAnnotation_Workshop_Barcelona/GALBA/errors/find_python3_re.err
rm /data/classes/ibe_genann2025/users/ibe_hoff/GenomeAnnotation_Workshop_Barcelona/GALBA/errors/new_species.stderr
rm /data/classes/ibe_genann2025/users/ibe_hoff/GenomeAnnotation_Workshop_Barcelona/GALBA/errors/getAnnoFastaFromJoingenes.galba_.stderr
rm /data/classes/ibe_genann2025/users/ibe_hoff/GenomeAnnotation_Workshop_Barcelona/GALBA/errors/etrainFilterGenes.stderr
rm /data/classes/ibe_genann2025/users/ibe_hoff/GenomeAnnotation_Workshop_Barcelona/GALBA/errors/filterGenesIn.stderr
rm /data/classes/ibe_genann2025/users/ibe_hoff/GenomeAnnotation_Workshop_Barcelona/GALBA/errors/secondtest.stderr
rm /data/classes/ibe_genann2025/users/ibe_hoff/GenomeAnnotation_Workshop_Barcelona/GALBA/errors/randomSplit.stderr
rm /data/classes/ibe_genann2025/users/ibe_hoff/GenomeAnnotation_Workshop_Barcelona/GALBA/errors/find_python3_biopython.err
rm /data/classes/ibe_genann2025/users/ibe_hoff/GenomeAnnotation_Workshop_Barcelona/GALBA/errors/firsttest.stderr
rm /data/classes/ibe_genann2025/users/ibe_hoff/GenomeAnnotation_Workshop_Barcelona/GALBA/errors/pygustus_hints.err
rm /data/classes/ibe_genann2025/users/ibe_hoff/GenomeAnnotation_Workshop_Barcelona/GALBA/errors/gtf2gff.augustus.hints.gtf.stderr
rm /data/classes/ibe_genann2025/users/ibe_hoff/GenomeAnnotation_Workshop_Barcelona/GALBA/errors/join_mult_hints.prot.stderr
rm /data/classes/ibe_genann2025/users/ibe_hoff/GenomeAnnotation_Workshop_Barcelona/GALBA/errors/find_python3_pygustus.err
rm /data/classes/ibe_genann2025/users/ibe_hoff/GenomeAnnotation_Workshop_Barcelona/GALBA/errors/filter_gtf_by_txid.err
rm /data/classes/ibe_genann2025/users/ibe_hoff/GenomeAnnotation_Workshop_Barcelona/GALBA/errors/secondetraining.stderr
rm /data/classes/ibe_genann2025/users/ibe_hoff/GenomeAnnotation_Workshop_Barcelona/GALBA/errors/getAnnoFastaFromJoingenes.augustus.hints_hints.stderr
# Wed Apr 30 17:56:31 2025: deleting job lst files (if existing)
rm /data/classes/ibe_genann2025/users/ibe_hoff/GenomeAnnotation_Workshop_Barcelona/GALBA/nonred.loci.lst
rm /data/classes/ibe_genann2025/users/ibe_hoff/GenomeAnnotation_Workshop_Barcelona/GALBA/secondetraining.stdout
rm /data/classes/ibe_genann2025/users/ibe_hoff/GenomeAnnotation_Workshop_Barcelona/GALBA/train.gb.train.test
rm /data/classes/ibe_genann2025/users/ibe_hoff/GenomeAnnotation_Workshop_Barcelona/GALBA/traingenes.gtf
rm /data/classes/ibe_genann2025/users/ibe_hoff/GenomeAnnotation_Workshop_Barcelona/GALBA/prot_hintsfile.aln2hints.temp.gff
rm /data/classes/ibe_genann2025/users/ibe_hoff/GenomeAnnotation_Workshop_Barcelona/GALBA/traingenes.good.nr.fa
rm /data/classes/ibe_genann2025/users/ibe_hoff/GenomeAnnotation_Workshop_Barcelona/GALBA/train.gb.train.train
rm /data/classes/ibe_genann2025/users/ibe_hoff/GenomeAnnotation_Workshop_Barcelona/GALBA/train.gb.test
rm /data/classes/ibe_genann2025/users/ibe_hoff/GenomeAnnotation_Workshop_Barcelona/GALBA/train.gb.train
rm /data/classes/ibe_genann2025/users/ibe_hoff/GenomeAnnotation_Workshop_Barcelona/GALBA/augustus.hints.tmp.gtf
rm /data/classes/ibe_genann2025/users/ibe_hoff/GenomeAnnotation_Workshop_Barcelona/GALBA/train.ff.gb
rm /data/classes/ibe_genann2025/users/ibe_hoff/GenomeAnnotation_Workshop_Barcelona/GALBA/aa2nonred.stdout
rm /data/classes/ibe_genann2025/users/ibe_hoff/GenomeAnnotation_Workshop_Barcelona/GALBA/traingenes.good.fa
rm /data/classes/ibe_genann2025/users/ibe_hoff/GenomeAnnotation_Workshop_Barcelona/GALBA/fix_IFS_log_zjdmnoqi
rm /data/classes/ibe_genann2025/users/ibe_hoff/GenomeAnnotation_Workshop_Barcelona/GALBA/etrain.bad.lst
rm /data/classes/ibe_genann2025/users/ibe_hoff/GenomeAnnotation_Workshop_Barcelona/GALBA/good_training_genes.lst
rm /data/classes/ibe_genann2025/users/ibe_hoff/GenomeAnnotation_Workshop_Barcelona/GALBA/gbFilterEtraining.stdout
rm /data/classes/ibe_genann2025/users/ibe_hoff/GenomeAnnotation_Workshop_Barcelona/GALBA/firstetraining.stdout
python3 /opt/GALBA/scripts/galba_cleanup.py --wdir /data/classes/ibe_genann2025/users/ibe_hoff/GenomeAnnotation_Workshop_Barcelona/GALBA
Deleting file /data/classes/ibe_genann2025/users/ibe_hoff/GenomeAnnotation_Workshop_Barcelona/GALBA/firsttest.stdout
Deleting file /data/classes/ibe_genann2025/users/ibe_hoff/GenomeAnnotation_Workshop_Barcelona/GALBA/genome.fa
Deleting file /data/classes/ibe_genann2025/users/ibe_hoff/GenomeAnnotation_Workshop_Barcelona/GALBA/secondtest.stdout
Deleting file /data/classes/ibe_genann2025/users/ibe_hoff/GenomeAnnotation_Workshop_Barcelona/GALBA/train.gb
Deleting file /data/classes/ibe_genann2025/users/ibe_hoff/GenomeAnnotation_Workshop_Barcelona/GALBA/genome.fa.cidx
Deleting file /data/classes/ibe_genann2025/users/ibe_hoff/GenomeAnnotation_Workshop_Barcelona/GALBA/getAnnoFastaFromJoingenes.augustus.hints_tmp.stdout
Deleting file /data/classes/ibe_genann2025/users/ibe_hoff/GenomeAnnotation_Workshop_Barcelona/GALBA/traingenes.good.gtf
Deleting file /data/classes/ibe_genann2025/users/ibe_hoff/GenomeAnnotation_Workshop_Barcelona/GALBA/genome.mpi
Deleting file /data/classes/ibe_genann2025/users/ibe_hoff/GenomeAnnotation_Workshop_Barcelona/GALBA/pygustus_hints.out
Deleting file /data/classes/ibe_genann2025/users/ibe_hoff/GenomeAnnotation_Workshop_Barcelona/GALBA/pygustus_hints.py
Deleting file /data/classes/ibe_genann2025/users/ibe_hoff/GenomeAnnotation_Workshop_Barcelona/GALBA/gff2gbSmallDNA.stderr
Deleting file /data/classes/ibe_genann2025/users/ibe_hoff/GenomeAnnotation_Workshop_Barcelona/GALBA/miniprot_representatives.gff
Deleting file /data/classes/ibe_genann2025/users/ibe_hoff/GenomeAnnotation_Workshop_Barcelona/GALBA/protein_alignment_miniprot.aln
Deleting file /data/classes/ibe_genann2025/users/ibe_hoff/GenomeAnnotation_Workshop_Barcelona/GALBA/protein_alignment_miniprot.gff
Deleting file /data/classes/ibe_genann2025/users/ibe_hoff/GenomeAnnotation_Workshop_Barcelona/GALBA/hc.gff
Deleting file /data/classes/ibe_genann2025/users/ibe_hoff/GenomeAnnotation_Workshop_Barcelona/GALBA/miniprothint.gff
Deleting file /data/classes/ibe_genann2025/users/ibe_hoff/GenomeAnnotation_Workshop_Barcelona/GALBA/thirdtest.stdout
Deleting file /data/classes/ibe_genann2025/users/ibe_hoff/GenomeAnnotation_Workshop_Barcelona/GALBA/miniprot_trainingGenes.gff
Moving file /data/classes/ibe_genann2025/users/ibe_hoff/GenomeAnnotation_Workshop_Barcelona/GALBA/augustus.hints.gff to archive directory
Moving file /data/classes/ibe_genann2025/users/ibe_hoff/GenomeAnnotation_Workshop_Barcelona/GALBA/train2.gb.train.test to archive directory
Moving file /data/classes/ibe_genann2025/users/ibe_hoff/GenomeAnnotation_Workshop_Barcelona/GALBA/train2.gb.train.train to archive directory
Moving file /data/classes/ibe_genann2025/users/ibe_hoff/GenomeAnnotation_Workshop_Barcelona/GALBA/train2.gb.test to archive directory
Moving file /data/classes/ibe_genann2025/users/ibe_hoff/GenomeAnnotation_Workshop_Barcelona/GALBA/train2.gb.train to archive directory
Moving file /data/classes/ibe_genann2025/users/ibe_hoff/GenomeAnnotation_Workshop_Barcelona/GALBA/train2.gb to archive directory
Moving file /data/classes/ibe_genann2025/users/ibe_hoff/GenomeAnnotation_Workshop_Barcelona/GALBA/miniprot_representatives.gtf to archive directory
Moving file /data/classes/ibe_genann2025/users/ibe_hoff/GenomeAnnotation_Workshop_Barcelona/GALBA/miniprot.gff to archive directory
Moving file /data/classes/ibe_genann2025/users/ibe_hoff/GenomeAnnotation_Workshop_Barcelona/GALBA/filter_gtf_by_diamond_against_ref.stdout to archive directory
#**********************************************************************************
#                               GALBA RUN FINISHED                                
#**********************************************************************************
