#**********************************************************************************
#                               BRAKER CONFIGURATION                               
#**********************************************************************************
# BRAKER CALL: /opt/BRAKER/scripts/braker.pl --workingdir=BRAKER3 --genome=/opt/BRAKER/example/genome.fa --bam=/opt/BRAKER/example/RNAseq.bam --prot_seq=/opt/BRAKER/example/subsampled_viri.fa --busco_lineage=eukaryota_odb10 --threads 8 --AUGUSTUS_CONFIG_PATH=~/.augustus --gm_max_intergenic 10000 --skipOptimize
# Wed Apr 30 17:17:41 2025: braker.pl version 3.0.8
# Wed Apr 30 17:17:41 2025: Creating directory /data/classes/ibe_genann2025/users/ibe_hoff/GenomeAnnotation_Workshop_Barcelona/BRAKER3.
# Wed Apr 30 17:17:41 2025: Creating directory /data/classes/ibe_genann2025/users/ibe_hoff/GenomeAnnotation_Workshop_Barcelona/BRAKER3.
# Wed Apr 30 17:17:41 2025:Both protein and RNA-Seq data in input detected. BRAKER will be executed in ETP mode (BRAKER3).
#*********
# Wed Apr 30 17:17:41 2025: Configuring of BRAKER for using external tools...
# Wed Apr 30 17:17:41 2025: Trying to set $AUGUSTUS_CONFIG_PATH...
# Wed Apr 30 17:17:41 2025: Found command line argument $AUGUSTUS_CONFIG_PATH.
# Wed Apr 30 17:17:41 2025: Checking /data/classes/ibe_genann2025/users/ibe_hoff/.augustus as potential path for $AUGUSTUS_CONFIG_PATH.
# Wed Apr 30 17:17:41 2025: Success! Setting $AUGUSTUS_CONFIG_PATH to /data/classes/ibe_genann2025/users/ibe_hoff/.augustus!
# Wed Apr 30 17:17:41 2025: Trying to set $AUGUSTUS_BIN_PATH...
# Wed Apr 30 17:17:41 2025: Found environment variable $AUGUSTUS_BIN_PATH.
# Wed Apr 30 17:17:41 2025: Checking /usr/bin/ as potential path for $AUGUSTUS_BIN_PATH.
# Wed Apr 30 17:17:41 2025: Success! Setting $AUGUSTUS_BIN_PATH to /usr/bin/!
# Wed Apr 30 17:17:41 2025: Trying to set $AUGUSTUS_SCRIPTS_PATH...
# Wed Apr 30 17:17:41 2025: Found environment variable $AUGUSTUS_SCRIPTS_PATH.
# Wed Apr 30 17:17:41 2025: Checking /usr/share/augustus/scripts/ as potential path for $AUGUSTUS_SCRIPTS_PATH.
# Wed Apr 30 17:17:41 2025: Success! Setting $AUGUSTUS_SCRIPTS_PATH to /usr/share/augustus/scripts/!
# Wed Apr 30 17:17:41 2025: Trying to set $PYTHON3_PATH...
# Wed Apr 30 17:17:41 2025: Did not find environment variable $PYTHON3_PATH.
# Wed Apr 30 17:17:41 2025: Trying to guess PYTHON3_PATH from location of python3 executable that is available in your $PATH
# Wed Apr 30 17:17:41 2025: Checking /opt/conda/bin as potential path for $PYTHON3_PATH.
# Wed Apr 30 17:17:41 2025: Success! Setting $PYTHON3_PATH to /opt/conda/bin!
# Wed Apr 30 17:17:41 2025: Trying to set $COMPLEASM_PATH...
# Wed Apr 30 17:17:41 2025: Did not find environment variable $COMPLEASM_PATH.
# Wed Apr 30 17:17:41 2025: Trying to guess COMPLEASM_PATH from location of compleasm.py executable that is available in your $PATH
# Wed Apr 30 17:17:41 2025: Checking /opt/compleasm_kit as potential path for $COMPLEASM_PATH.
# Wed Apr 30 17:17:41 2025: Success! Setting $COMPLEASM_PATH to /opt/compleasm_kit!
# Wed Apr 30 17:17:41 2025: Trying to set $GENEMARK_PATH...
# Wed Apr 30 17:17:41 2025: Found environment variable $GENEMARK_PATH.
# Wed Apr 30 17:17:41 2025: Checking /opt/ETP/bin as potential path for $GENEMARK_PATH.
# Wed Apr 30 17:17:41 2025: Success! Setting $GENEMARK_PATH to /opt/ETP/bin!
# Wed Apr 30 17:17:41 2025: Trying to set $BAMTOOLS_PATH...
# Wed Apr 30 17:17:41 2025: Did not find environment variable $BAMTOOLS_PATH.
# Wed Apr 30 17:17:41 2025: Trying to guess BAMTOOLS_PATH from location of bamtools executable that is available in your $PATH
# Wed Apr 30 17:17:41 2025: Checking /usr/bin as potential path for $BAMTOOLS_PATH.
# Wed Apr 30 17:17:41 2025: Success! Setting $BAMTOOLS_PATH to /usr/bin!
# Wed Apr 30 17:17:41 2025: Trying to set $SAMTOOLS_PATH...
# Wed Apr 30 17:17:41 2025: Did not find environment variable $SAMTOOLS_PATH.
# Wed Apr 30 17:17:41 2025: Trying to guess SAMTOOLS_PATH from location of samtools executable that is available in your $PATH
# Wed Apr 30 17:17:41 2025: Checking /usr/bin as potential path for $SAMTOOLS_PATH.
# Wed Apr 30 17:17:41 2025: Success! Setting $SAMTOOLS_PATH to /usr/bin!
# Wed Apr 30 17:17:41 2025: Trying to set $DIAMOND_PATH...
# Wed Apr 30 17:17:41 2025: Did not find environment variable $DIAMOND_PATH.
# Wed Apr 30 17:17:41 2025: Trying to guess DIAMOND_PATH from location of diamond executable that is available in your $PATH
# Wed Apr 30 17:17:41 2025: Checking /opt/ETP/tools as potential path for $DIAMOND_PATH.
# Wed Apr 30 17:17:41 2025: Success! Setting $DIAMOND_PATH to /opt/ETP/tools!
# Wed Apr 30 17:17:41 2025: Trying to set $PROTHINT_PATH...
# Wed Apr 30 17:17:41 2025: Did not find environment variable $PROTHINT_PATH.
# Wed Apr 30 17:17:41 2025: Trying to guess PROTHINT_PATH from location of prothint.py executable that is available in your $PATH
# Wed Apr 30 17:17:41 2025: Checking /opt/ETP/bin/gmes/ProtHint/bin as potential path for $PROTHINT_PATH.
# Wed Apr 30 17:17:41 2025: Success! Setting $PROTHINT_PATH to /opt/ETP/bin/gmes/ProtHint/bin!
# Wed Apr 30 17:17:41 2025: Trying to set $TSEBRA_PATH...
# Wed Apr 30 17:17:41 2025: Did not find environment variable $TSEBRA_PATH.
# Wed Apr 30 17:17:41 2025: Trying to guess TSEBRA_PATH from location of tsebra.py executable that is available in your $PATH
# Wed Apr 30 17:17:41 2025: Checking /opt/TSEBRA/bin as potential path for $TSEBRA_PATH.
# Wed Apr 30 17:17:41 2025: Success! Setting $TSEBRA_PATH to /opt/TSEBRA/bin!
# Wed Apr 30 17:17:41 2025: Trying to set $CDBTOOLS_PATH...
# Wed Apr 30 17:17:41 2025: Did not find environment variable $CDBTOOLS_PATH.
# Wed Apr 30 17:17:41 2025: Trying to guess CDBTOOLS_PATH from location of cdbfasta executable that is available in your $PATH
# Wed Apr 30 17:17:41 2025: Checking /opt/cdbfasta as potential path for $CDBTOOLS_PATH.
# Wed Apr 30 17:17:41 2025: Success! Setting $CDBTOOLS_PATH to /opt/cdbfasta!
#*********
# IMPORTANT INFORMATION: no species for identifying the AUGUSTUS  parameter set that will arise from this BRAKER run was set. BRAKER will create an AUGUSTUS parameter set with name Sp_1. This parameter set can be used for future BRAKER/AUGUSTUS prediction runs for the same species. It is usually not necessary to retrain AUGUSTUS with novel extrinsic data if a high quality parameter set already exists.
#*********
#**********************************************************************************
#                               CREATING DIRECTORY STRUCTURE                       
#**********************************************************************************
# Wed Apr 30 17:17:42 2025: creating file that contains citations for this BRAKER run at /data/classes/ibe_genann2025/users/ibe_hoff/GenomeAnnotation_Workshop_Barcelona/BRAKER3/what-to-cite.txt...
# Wed Apr 30 17:17:42 2025: create working directory /data/classes/ibe_genann2025/users/ibe_hoff/GenomeAnnotation_Workshop_Barcelona/BRAKER3/GeneMark-ETP.
mkdir /data/classes/ibe_genann2025/users/ibe_hoff/GenomeAnnotation_Workshop_Barcelona/BRAKER3/GeneMark-ETP
# Wed Apr 30 17:17:42 2025: create working directory /data/classes/ibe_genann2025/users/ibe_hoff/GenomeAnnotation_Workshop_Barcelona/BRAKER3/species
mkdir /data/classes/ibe_genann2025/users/ibe_hoff/GenomeAnnotation_Workshop_Barcelona/BRAKER3/species
# Wed Apr 30 17:17:42 2025: create working directory /data/classes/ibe_genann2025/users/ibe_hoff/GenomeAnnotation_Workshop_Barcelona/BRAKER3/errors
mkdir /data/classes/ibe_genann2025/users/ibe_hoff/GenomeAnnotation_Workshop_Barcelona/BRAKER3/errors
# Wed Apr 30 17:17:42 2025: changing into working directory /data/classes/ibe_genann2025/users/ibe_hoff/GenomeAnnotation_Workshop_Barcelona/BRAKER3
cd /data/classes/ibe_genann2025/users/ibe_hoff/GenomeAnnotation_Workshop_Barcelona/BRAKER3
# Wed Apr 30 17:17:42 2025: getting GC content of the genome
/opt/BRAKER/scripts/get_gc_content.py --sequences /opt/BRAKER/example/genome.fa --print_sequence_length 1> /data/classes/ibe_genann2025/users/ibe_hoff/GenomeAnnotation_Workshop_Barcelona/BRAKER3/gc_content.out 2> /data/classes/ibe_genann2025/users/ibe_hoff/GenomeAnnotation_Workshop_Barcelona/BRAKER3/errors/gc_content.stderr
# Wed Apr 30 17:17:42 2025: Creating parameter template files for AUGUSTUS with new_species.pl
# Wed Apr 30 17:17:42 2025: new_species.pl will create parameter files for species Sp_1 in /data/classes/ibe_genann2025/users/ibe_hoff/.augustus/species/Sp_1
/usr/bin/perl /usr/share/augustus/scripts/new_species.pl --species=Sp_1 --AUGUSTUS_CONFIG_PATH=/data/classes/ibe_genann2025/users/ibe_hoff/.augustus 1> /dev/null 2>/data/classes/ibe_genann2025/users/ibe_hoff/GenomeAnnotation_Workshop_Barcelona/BRAKER3/errors/new_species.stderr
# Wed Apr 30 17:17:42 2025: check_fasta_headers(): Checking fasta headers of file /opt/BRAKER/example/genome.fa
# Wed Apr 30 17:17:42 2025: check_fasta_headers(): Checking fasta headers of file /opt/BRAKER/example/subsampled_viri.fa
# Wed Apr 30 17:17:42 2025: Running compleasm and converting the output to hints
/opt/conda/bin/python3 /usr/share/augustus/scripts/compleasm_to_hints.py -p /opt/compleasm_kit/compleasm.py -g /data/classes/ibe_genann2025/users/ibe_hoff/GenomeAnnotation_Workshop_Barcelona/BRAKER3/genome.fa -d eukaryota_odb10 -t 8 -o /data/classes/ibe_genann2025/users/ibe_hoff/GenomeAnnotation_Workshop_Barcelona/BRAKER3/compleasm_hints.gff 1> /data/classes/ibe_genann2025/users/ibe_hoff/GenomeAnnotation_Workshop_Barcelona/BRAKER3/errors/compleasm_to_hints.stderr 2>&1
# Wed Apr 30 17:20:01 2025: Generating hints from compleasm (genome level) finished.
#**********************************************************************************
#                              RUNNING GENEMARK-EX                                 
#**********************************************************************************
# Wed Apr 30 17:20:01 2025: Preparing genemark_evidence file hints from manual hints...
# Wed Apr 30 17:20:01 2025: Running GeneMark-ETP
# Wed Apr 30 17:20:01 2025: changing into GeneMark-ETP directory /data/classes/ibe_genann2025/users/ibe_hoff/GenomeAnnotation_Workshop_Barcelona/BRAKER3/GeneMark-ETP
cd /data/classes/ibe_genann2025/users/ibe_hoff/GenomeAnnotation_Workshop_Barcelona/BRAKER3/GeneMark-ETP
# Wed Apr 30 17:20:01 2025: sorting RNA-Seq BAM files
/usr/bin/samtools sort /opt/BRAKER/example/RNAseq.bam -@ 7 -o /data/classes/ibe_genann2025/users/ibe_hoff/GenomeAnnotation_Workshop_Barcelona/BRAKER3/GeneMark-ETP/etp_data/RNAseq.bam 1> /data/classes/ibe_genann2025/users/ibe_hoff/GenomeAnnotation_Workshop_Barcelona/BRAKER3/errors/samtools.sort.RNAseq.stdout 2> /data/classes/ibe_genann2025/users/ibe_hoff/GenomeAnnotation_Workshop_Barcelona/BRAKER3/errors/samtools.sort.RNAseq.stderr
# Wed Apr 30 17:20:09 2025: Running gmetp.pl
/usr/bin/perl /opt/ETP/bin/gmetp.pl --cfg /data/classes/ibe_genann2025/users/ibe_hoff/GenomeAnnotation_Workshop_Barcelona/BRAKER3/GeneMark-ETP/etp_config.yaml --workdir /data/classes/ibe_genann2025/users/ibe_hoff/GenomeAnnotation_Workshop_Barcelona/BRAKER3/GeneMark-ETP --bam /data/classes/ibe_genann2025/users/ibe_hoff/GenomeAnnotation_Workshop_Barcelona/BRAKER3/GeneMark-ETP/etp_data/ --cores 8 --softmask  1>/data/classes/ibe_genann2025/users/ibe_hoff/GenomeAnnotation_Workshop_Barcelona/BRAKER3/errors/GeneMark-ETP.stdout 2>/data/classes/ibe_genann2025/users/ibe_hoff/GenomeAnnotation_Workshop_Barcelona/BRAKER3/errors/GeneMark-ETP.stderr
# Wed Apr 30 17:26:11 2025: change to working directory /data/classes/ibe_genann2025/users/ibe_hoff/GenomeAnnotation_Workshop_Barcelona/BRAKER3
cd /data/classes/ibe_genann2025/users/ibe_hoff/GenomeAnnotation_Workshop_Barcelona/BRAKER3
# Wed Apr 30 17:26:11 2025: Getting hints for AUGUSTUS from GeneMark-ETP
/opt/conda/bin/python3 /opt/BRAKER/scripts/get_etp_hints.py --genemark_scripts /opt/ETP/bin --out /data/classes/ibe_genann2025/users/ibe_hoff/GenomeAnnotation_Workshop_Barcelona/BRAKER3/hintsfile.gff --etp_wdir /data/classes/ibe_genann2025/users/ibe_hoff/GenomeAnnotation_Workshop_Barcelona/BRAKER3/GeneMark-ETP 1> /data/classes/ibe_genann2025/users/ibe_hoff/GenomeAnnotation_Workshop_Barcelona/BRAKER3/errors/get_etp_hints.stdout 2> /data/classes/ibe_genann2025/users/ibe_hoff/GenomeAnnotation_Workshop_Barcelona/BRAKER3/errors/get_etp_hints.stderr
# Wed Apr 30 17:26:11 2025: Checking for hints of src=C and with grp tags that should not be joined according to multiplicity
# Wed Apr 30 17:26:11 2025: Joining hints that are identical (& from the same source) into multiplicity hints (input file /data/classes/ibe_genann2025/users/ibe_hoff/GenomeAnnotation_Workshop_Barcelona/BRAKER3/tmp_merge_hints.gff)
# Wed Apr 30 17:26:11 2025: sort hints of type all
cat /data/classes/ibe_genann2025/users/ibe_hoff/GenomeAnnotation_Workshop_Barcelona/BRAKER3/tmp_merge_hints.gff | sort -n -k 4,4 | sort -s -n -k 5,5 | sort -s -n -k 3,3 | sort -s -k 1,1 >/data/classes/ibe_genann2025/users/ibe_hoff/GenomeAnnotation_Workshop_Barcelona/BRAKER3/hints.all.temp.sort.gff
# Wed Apr 30 17:26:11 2025: join multiple hints
/usr/bin/perl /usr/share/augustus/scripts/join_mult_hints.pl </data/classes/ibe_genann2025/users/ibe_hoff/GenomeAnnotation_Workshop_Barcelona/BRAKER3/hints.all.temp.sort.gff >/data/classes/ibe_genann2025/users/ibe_hoff/GenomeAnnotation_Workshop_Barcelona/BRAKER3/tmp_merge_hints.gff 2>/data/classes/ibe_genann2025/users/ibe_hoff/GenomeAnnotation_Workshop_Barcelona/BRAKER3/errors/join_mult_hints.all.stderr
cat /data/classes/ibe_genann2025/users/ibe_hoff/GenomeAnnotation_Workshop_Barcelona/BRAKER3/tmp_merge_hints.gff /data/classes/ibe_genann2025/users/ibe_hoff/GenomeAnnotation_Workshop_Barcelona/BRAKER3/tmp_no_merge_hints.gff > /data/classes/ibe_genann2025/users/ibe_hoff/GenomeAnnotation_Workshop_Barcelona/BRAKER3/hintsfile.gff
# Wed Apr 30 17:26:11 2025: GeneMark-ETP run finished.
# Wed Apr 30 17:26:11 2025: link GeneMark-ETP training genes to /data/classes/ibe_genann2025/users/ibe_hoff/GenomeAnnotation_Workshop_Barcelona/BRAKER3/GeneMark-ETP/training.gtf
ln -s /data/classes/ibe_genann2025/users/ibe_hoff/GenomeAnnotation_Workshop_Barcelona/BRAKER3/GeneMark-ETP/proteins.fa/model/training.gtf /data/classes/ibe_genann2025/users/ibe_hoff/GenomeAnnotation_Workshop_Barcelona/BRAKER3/GeneMark-ETP/training.gtf
# Wed Apr 30 17:26:11 2025: sorting GeneMark predictions in /data/classes/ibe_genann2025/users/ibe_hoff/GenomeAnnotation_Workshop_Barcelona/BRAKER3/GeneMark-ETP/training.gtf
/opt/conda/bin/python3 /opt/BRAKER/scripts/sortGeneMark.py /data/classes/ibe_genann2025/users/ibe_hoff/GenomeAnnotation_Workshop_Barcelona/BRAKER3/GeneMark-ETP/training.gtf > /data/classes/ibe_genann2025/users/ibe_hoff/GenomeAnnotation_Workshop_Barcelona/BRAKER3/GeneMark-ETP/training.gtf.sorted 2> /data/classes/ibe_genann2025/users/ibe_hoff/GenomeAnnotation_Workshop_Barcelona/BRAKER3/errors/sortGeneMark.err
mv /data/classes/ibe_genann2025/users/ibe_hoff/GenomeAnnotation_Workshop_Barcelona/BRAKER3/GeneMark-ETP/training.gtf.sorted /data/classes/ibe_genann2025/users/ibe_hoff/GenomeAnnotation_Workshop_Barcelona/BRAKER3/GeneMark-ETP/training.gtf
#**********************************************************************************
#                               TRAIN AUGUSTUS                                     
#**********************************************************************************
# Wed Apr 30 17:26:12 2025: training AUGUSTUS
# Wed Apr 30 17:26:12 2025: creating softlink from /data/classes/ibe_genann2025/users/ibe_hoff/GenomeAnnotation_Workshop_Barcelona/BRAKER3/GeneMark-ETP/proteins.fa/model/training.gtf to /data/classes/ibe_genann2025/users/ibe_hoff/GenomeAnnotation_Workshop_Barcelona/BRAKER3/traingenes.gtf.
ln -s /data/classes/ibe_genann2025/users/ibe_hoff/GenomeAnnotation_Workshop_Barcelona/BRAKER3/GeneMark-ETP/proteins.fa/model/training.gtf /data/classes/ibe_genann2025/users/ibe_hoff/GenomeAnnotation_Workshop_Barcelona/BRAKER3/traingenes.gtf
# Wed Apr 30 17:26:12 2025: Converting gtf file /data/classes/ibe_genann2025/users/ibe_hoff/GenomeAnnotation_Workshop_Barcelona/BRAKER3/traingenes.gtf to genbank file
# Wed Apr 30 17:26:12 2025: Computing flanking region size for AUGUSTUS training genes
# Wed Apr 30 17:26:12 2025: create genbank file /data/classes/ibe_genann2025/users/ibe_hoff/GenomeAnnotation_Workshop_Barcelona/BRAKER3/train.gb
/usr/bin/perl /usr/share/augustus/scripts/gff2gbSmallDNA.pl /data/classes/ibe_genann2025/users/ibe_hoff/GenomeAnnotation_Workshop_Barcelona/BRAKER3/traingenes.gtf /data/classes/ibe_genann2025/users/ibe_hoff/GenomeAnnotation_Workshop_Barcelona/BRAKER3/genome.fa 955 /data/classes/ibe_genann2025/users/ibe_hoff/GenomeAnnotation_Workshop_Barcelona/BRAKER3/train.gb 2>/data/classes/ibe_genann2025/users/ibe_hoff/GenomeAnnotation_Workshop_Barcelona/BRAKER3/errors/traingenes.gtf_gff2gbSmallDNA.stderr
#*********
# INFORMATION: the size of flanking region used in this BRAKER run is 955. You might need this value if you later add a UTR training on top of an already existing BRAKER run.
#*********
# Wed Apr 30 17:26:12 2025: Genbank format file /data/classes/ibe_genann2025/users/ibe_hoff/GenomeAnnotation_Workshop_Barcelona/BRAKER3/train.gb contains 83 genes.
# Wed Apr 30 17:26:12 2025: Filtering train.gb for "good" mRNAs:
/usr/bin/perl /usr/share/augustus/scripts/filterGenesIn_mRNAname.pl /data/classes/ibe_genann2025/users/ibe_hoff/GenomeAnnotation_Workshop_Barcelona/BRAKER3/traingenes.gtf /data/classes/ibe_genann2025/users/ibe_hoff/GenomeAnnotation_Workshop_Barcelona/BRAKER3/train.gb > /data/classes/ibe_genann2025/users/ibe_hoff/GenomeAnnotation_Workshop_Barcelona/BRAKER3/train.f.gb 2>/data/classes/ibe_genann2025/users/ibe_hoff/GenomeAnnotation_Workshop_Barcelona/BRAKER3/errors/filterGenesIn_mRNAname.stderr
# Wed Apr 30 17:26:12 2025: Genbank format file /data/classes/ibe_genann2025/users/ibe_hoff/GenomeAnnotation_Workshop_Barcelona/BRAKER3/train.f.gb contains 83 genes.
# Wed Apr 30 17:26:12 2025: Running etraining to catch gene structure inconsistencies:
/usr/bin//etraining --species=Sp_1 --AUGUSTUS_CONFIG_PATH=/data/classes/ibe_genann2025/users/ibe_hoff/.augustus /data/classes/ibe_genann2025/users/ibe_hoff/GenomeAnnotation_Workshop_Barcelona/BRAKER3/train.f.gb 1> /data/classes/ibe_genann2025/users/ibe_hoff/GenomeAnnotation_Workshop_Barcelona/BRAKER3/gbFilterEtraining.stdout 2>/data/classes/ibe_genann2025/users/ibe_hoff/GenomeAnnotation_Workshop_Barcelona/BRAKER3/errors/gbFilterEtraining.stderr
# Wed Apr 30 17:26:12 2025: Filtering /data/classes/ibe_genann2025/users/ibe_hoff/GenomeAnnotation_Workshop_Barcelona/BRAKER3/train.f.gb file to remove inconsistent gene structures...
/usr/bin/perl /usr/share/augustus/scripts/filterGenes.pl /data/classes/ibe_genann2025/users/ibe_hoff/GenomeAnnotation_Workshop_Barcelona/BRAKER3/etrain.bad.lst /data/classes/ibe_genann2025/users/ibe_hoff/GenomeAnnotation_Workshop_Barcelona/BRAKER3/train.f.gb 1> /data/classes/ibe_genann2025/users/ibe_hoff/GenomeAnnotation_Workshop_Barcelona/BRAKER3/train.ff.gb 2>/data/classes/ibe_genann2025/users/ibe_hoff/GenomeAnnotation_Workshop_Barcelona/BRAKER3/errors/etrainFilterGenes.stderr
# Wed Apr 30 17:26:12 2025: Genbank format file /data/classes/ibe_genann2025/users/ibe_hoff/GenomeAnnotation_Workshop_Barcelona/BRAKER3/train.ff.gb contains 83 genes.
# Wed Apr 30 17:26:12 2025: BLAST or DIAMOND training gene structures against themselves:
/usr/bin/perl /usr/share/augustus/scripts/aa2nonred.pl /data/classes/ibe_genann2025/users/ibe_hoff/GenomeAnnotation_Workshop_Barcelona/BRAKER3/traingenes.good.fa /data/classes/ibe_genann2025/users/ibe_hoff/GenomeAnnotation_Workshop_Barcelona/BRAKER3/traingenes.good.nr.fa --DIAMOND_PATH=/opt/ETP/tools --cores=8 --diamond 1> /data/classes/ibe_genann2025/users/ibe_hoff/GenomeAnnotation_Workshop_Barcelona/BRAKER3/aa2nonred.stdout 2>/data/classes/ibe_genann2025/users/ibe_hoff/GenomeAnnotation_Workshop_Barcelona/BRAKER3/errors/aa2nonred.stderr
# Wed Apr 30 17:26:13 2025: Filtering nonredundant loci into /data/classes/ibe_genann2025/users/ibe_hoff/GenomeAnnotation_Workshop_Barcelona/BRAKER3/train.fff.gb:
/usr/bin/perl /usr/share/augustus/scripts/filterGenesIn.pl /data/classes/ibe_genann2025/users/ibe_hoff/GenomeAnnotation_Workshop_Barcelona/BRAKER3/nonred.loci.lst /data/classes/ibe_genann2025/users/ibe_hoff/GenomeAnnotation_Workshop_Barcelona/BRAKER3/train.ff.gb 1> /data/classes/ibe_genann2025/users/ibe_hoff/GenomeAnnotation_Workshop_Barcelona/BRAKER3/train.fff.gb 2>/data/classes/ibe_genann2025/users/ibe_hoff/GenomeAnnotation_Workshop_Barcelona/BRAKER3/errors/filterGenesIn.stderr
# Wed Apr 30 17:26:13 2025: Genbank format file /data/classes/ibe_genann2025/users/ibe_hoff/GenomeAnnotation_Workshop_Barcelona/BRAKER3/train.fff.gb contains 83 genes.
# Wed Apr 30 17:26:13 2025: Moving /data/classes/ibe_genann2025/users/ibe_hoff/GenomeAnnotation_Workshop_Barcelona/BRAKER3/train.fff.gb to /data/classes/ibe_genann2025/users/ibe_hoff/GenomeAnnotation_Workshop_Barcelona/BRAKER3/train.gb:
mv /data/classes/ibe_genann2025/users/ibe_hoff/GenomeAnnotation_Workshop_Barcelona/BRAKER3/train.fff.gb /data/classes/ibe_genann2025/users/ibe_hoff/GenomeAnnotation_Workshop_Barcelona/BRAKER3/train.gb
# Wed Apr 30 17:26:13 2025: Splitting genbank file into train and test file
#*********
# WARNING: Number of reliable training genes is low (83). Recommended are at least 600 genes
#*********
/usr/bin/perl /usr/share/augustus/scripts/randomSplit.pl /data/classes/ibe_genann2025/users/ibe_hoff/GenomeAnnotation_Workshop_Barcelona/BRAKER3/train.gb 27 2>/data/classes/ibe_genann2025/users/ibe_hoff/GenomeAnnotation_Workshop_Barcelona/BRAKER3/errors/randomSplit.stderr
# Wed Apr 30 17:26:13 2025: /data/classes/ibe_genann2025/users/ibe_hoff/GenomeAnnotation_Workshop_Barcelona/BRAKER3/train.gb.test will be used for measuring AUGUSTUS accuracy after training
# Wed Apr 30 17:26:13 2025: Genbank format file /data/classes/ibe_genann2025/users/ibe_hoff/GenomeAnnotation_Workshop_Barcelona/BRAKER3/train.gb.test contains 27 genes.
# Wed Apr 30 17:26:13 2025: Genbank format file /data/classes/ibe_genann2025/users/ibe_hoff/GenomeAnnotation_Workshop_Barcelona/BRAKER3/train.gb.train contains 56 genes.
/usr/bin/perl /usr/share/augustus/scripts/randomSplit.pl /data/classes/ibe_genann2025/users/ibe_hoff/GenomeAnnotation_Workshop_Barcelona/BRAKER3/train.gb.train 27 2>/data/classes/ibe_genann2025/users/ibe_hoff/GenomeAnnotation_Workshop_Barcelona/BRAKER3/errors/randomSplit.stderr
# Wed Apr 30 17:26:13 2025: Genbank format file /data/classes/ibe_genann2025/users/ibe_hoff/GenomeAnnotation_Workshop_Barcelona/BRAKER3/train.gb.train.train contains 29 genes.
# Wed Apr 30 17:26:13 2025: Genbank format file /data/classes/ibe_genann2025/users/ibe_hoff/GenomeAnnotation_Workshop_Barcelona/BRAKER3/train.gb.train.test contains 27 genes.
# Wed Apr 30 17:26:13 2025: /data/classes/ibe_genann2025/users/ibe_hoff/GenomeAnnotation_Workshop_Barcelona/BRAKER3/train.gb.train.test will be used or measuring AUGUSTUS accuracy during training with optimize_augustus.pl
 /data/classes/ibe_genann2025/users/ibe_hoff/GenomeAnnotation_Workshop_Barcelona/BRAKER3/train.gb.train.train will be used for running etraining in optimize_augustus.pl (together with train.gb.train.test)
 /data/classes/ibe_genann2025/users/ibe_hoff/GenomeAnnotation_Workshop_Barcelona/BRAKER3/train.gb.train will be used for running etraining (outside of optimize_augustus.pl)
# Wed Apr 30 17:26:13 2025: Setting value of "stopCodonExcludedFromCDS" in /data/classes/ibe_genann2025/users/ibe_hoff/.augustus/species/Sp_1/Sp_1_parameters.cfg to "true"
# Wed Apr 30 17:26:13 2025: first etraining
/usr/bin//etraining --species=Sp_1 --AUGUSTUS_CONFIG_PATH=/data/classes/ibe_genann2025/users/ibe_hoff/.augustus /data/classes/ibe_genann2025/users/ibe_hoff/GenomeAnnotation_Workshop_Barcelona/BRAKER3/train.gb.train 1>/data/classes/ibe_genann2025/users/ibe_hoff/GenomeAnnotation_Workshop_Barcelona/BRAKER3/firstetraining.stdout 2>/data/classes/ibe_genann2025/users/ibe_hoff/GenomeAnnotation_Workshop_Barcelona/BRAKER3/errors/firstetraining.stderr
grep -c "exon doesn't end in stop codon" /data/classes/ibe_genann2025/users/ibe_hoff/GenomeAnnotation_Workshop_Barcelona/BRAKER3/errors/firstetraining.stderr
# Wed Apr 30 17:26:13 2025: Error rate of missing stop codon is 0.946428571428571
# Wed Apr 30 17:26:13 2025: The appropriate value for "stopCodonExcludedFromCDS" seems to be "false".
# Wed Apr 30 17:26:13 2025: Setting value of "stopCodonExcludedFromCDS" in /data/classes/ibe_genann2025/users/ibe_hoff/.augustus/species/Sp_1/Sp_1_parameters.cfg to "false"
# Wed Apr 30 17:26:13 2025: Running etraining again
/usr/bin//etraining --species=Sp_1 --AUGUSTUS_CONFIG_PATH=/data/classes/ibe_genann2025/users/ibe_hoff/.augustus /data/classes/ibe_genann2025/users/ibe_hoff/GenomeAnnotation_Workshop_Barcelona/BRAKER3/train.gb.train 1>/data/classes/ibe_genann2025/users/ibe_hoff/GenomeAnnotation_Workshop_Barcelona/BRAKER3/firstetraining.stdout 2>/data/classes/ibe_genann2025/users/ibe_hoff/GenomeAnnotation_Workshop_Barcelona/BRAKER3/errors/firstetraining.stderr
# Wed Apr 30 17:26:13 2025: Adjusting stop-codon frequencies in species_parameters.cfg according to /data/classes/ibe_genann2025/users/ibe_hoff/GenomeAnnotation_Workshop_Barcelona/BRAKER3/firstetraining.stdout
# Wed Apr 30 17:26:13 2025: Setting frequency of stop codons to tag=0.268, taa=0.25, tga=0.482.
# Wed Apr 30 17:26:13 2025: First AUGUSTUS accuracy test
/usr/bin//augustus --species=Sp_1 --AUGUSTUS_CONFIG_PATH=/data/classes/ibe_genann2025/users/ibe_hoff/.augustus /data/classes/ibe_genann2025/users/ibe_hoff/GenomeAnnotation_Workshop_Barcelona/BRAKER3/train.gb.test 1>/data/classes/ibe_genann2025/users/ibe_hoff/GenomeAnnotation_Workshop_Barcelona/BRAKER3/firsttest.stdout 2>/data/classes/ibe_genann2025/users/ibe_hoff/GenomeAnnotation_Workshop_Barcelona/BRAKER3/errors/firsttest.stderr
# Wed Apr 30 17:26:17 2025: Computing accuracy of AUGUSTUS prediction (in test file derived from predictions on training data set stored in /data/classes/ibe_genann2025/users/ibe_hoff/GenomeAnnotation_Workshop_Barcelona/BRAKER3/firsttest.stdout)
# Wed Apr 30 17:26:17 2025: The accuracy after initial training (no optimize_augustus.pl, no CRF) is 0.654666666666667
# Wed Apr 30 17:26:17 2025: Second etraining
/usr/bin//etraining --species=Sp_1 --AUGUSTUS_CONFIG_PATH=/data/classes/ibe_genann2025/users/ibe_hoff/.augustus /data/classes/ibe_genann2025/users/ibe_hoff/GenomeAnnotation_Workshop_Barcelona/BRAKER3/train.gb.train 1>/data/classes/ibe_genann2025/users/ibe_hoff/GenomeAnnotation_Workshop_Barcelona/BRAKER3/secondetraining.stdout 2>/data/classes/ibe_genann2025/users/ibe_hoff/GenomeAnnotation_Workshop_Barcelona/BRAKER3/errors/secondetraining.stderr
# Wed Apr 30 17:26:17 2025: Second AUGUSTUS accuracy test
/usr/bin//augustus --species=Sp_1 --AUGUSTUS_CONFIG_PATH=/data/classes/ibe_genann2025/users/ibe_hoff/.augustus /data/classes/ibe_genann2025/users/ibe_hoff/GenomeAnnotation_Workshop_Barcelona/BRAKER3/train.gb.test >/data/classes/ibe_genann2025/users/ibe_hoff/GenomeAnnotation_Workshop_Barcelona/BRAKER3/secondtest.stdout 2>/data/classes/ibe_genann2025/users/ibe_hoff/GenomeAnnotation_Workshop_Barcelona/BRAKER3/errors/secondtest.stderr
# Wed Apr 30 17:26:21 2025: Computing accuracy of AUGUSTUS prediction (in test file derived from predictions on training data set stored in /data/classes/ibe_genann2025/users/ibe_hoff/GenomeAnnotation_Workshop_Barcelona/BRAKER3/secondtest.stdout)
# Wed Apr 30 17:26:21 2025: The accuracy after training (after optimize_augustus.pl, no CRF) is 0.654666666666667
# Wed Apr 30 17:26:21 2025: Copying optimized parameters to working directory /data/classes/ibe_genann2025/users/ibe_hoff/GenomeAnnotation_Workshop_Barcelona/BRAKER3/species
cp -r /data/classes/ibe_genann2025/users/ibe_hoff/.augustus/species/Sp_1 /data/classes/ibe_genann2025/users/ibe_hoff/GenomeAnnotation_Workshop_Barcelona/BRAKER3/species
#**********************************************************************************
#                               PREDICTING GENES WITH AUGUSTUS (NO UTRS)           
#**********************************************************************************
# Wed Apr 30 17:26:21 2025: RUNNING AUGUSTUS
# Wed Apr 30 17:26:21 2025: Preparing genome for running AUGUSTUS in parallel
# Wed Apr 30 17:26:21 2025: Creating directory for storing AUGUSTUS files (hints, temporarily) /data/classes/ibe_genann2025/users/ibe_hoff/GenomeAnnotation_Workshop_Barcelona/BRAKER3/genome_split.
# Wed Apr 30 17:26:21 2025: splitting genome file in smaller parts for parallel execution of AUGUSTUS prediction
/usr/bin/perl /usr/share/augustus/scripts/splitMfasta.pl /data/classes/ibe_genann2025/users/ibe_hoff/GenomeAnnotation_Workshop_Barcelona/BRAKER3/genome.fa --outputpath=/data/classes/ibe_genann2025/users/ibe_hoff/GenomeAnnotation_Workshop_Barcelona/BRAKER3/genome_split 2>/data/classes/ibe_genann2025/users/ibe_hoff/GenomeAnnotation_Workshop_Barcelona/BRAKER3/errors/splitMfasta.stderr
cd /data/classes/ibe_genann2025/users/ibe_hoff/GenomeAnnotation_Workshop_Barcelona/BRAKER3/genome_split; for f in genome.split.*; do NAME=`grep ">" $f`; mv $f ${NAME#>}.fa; done; cd ..
# Wed Apr 30 17:26:21 2025: Split genome file in 8 parts, finished.
# Wed Apr 30 17:26:21 2025: copy extrinsic file /opt/BRAKER/scripts/cfg/etp.cfg to working directory
cp /opt/BRAKER/scripts/cfg/etp.cfg /data/classes/ibe_genann2025/users/ibe_hoff/GenomeAnnotation_Workshop_Barcelona/BRAKER3/species/Sp_1/ex1.cfg
# Wed Apr 30 17:26:21 2025: Making AUGUSTUS jobs with hintsfile /data/classes/ibe_genann2025/users/ibe_hoff/GenomeAnnotation_Workshop_Barcelona/BRAKER3/hintsfile.gff, cfgFile /opt/BRAKER/scripts/cfg/etp.cfg, UTR status off, and hintId hints
# Wed Apr 30 17:26:21 2025: Creating directory for storing AUGUSTUS files (hints, temporarily) /data/classes/ibe_genann2025/users/ibe_hoff/GenomeAnnotation_Workshop_Barcelona/BRAKER3/augustus_tmp.
# Wed Apr 30 17:26:21 2025: creating /data/classes/ibe_genann2025/users/ibe_hoff/GenomeAnnotation_Workshop_Barcelona/BRAKER3/aug_hints.lst for AUGUSTUS jobs
# Wed Apr 30 17:26:21 2025: creating AUGUSTUS jobs (with hints)
cd /data/classes/ibe_genann2025/users/ibe_hoff/GenomeAnnotation_Workshop_Barcelona/BRAKER3
/usr/bin/perl /usr/share/augustus/scripts/createAugustusJoblist.pl --sequences=/data/classes/ibe_genann2025/users/ibe_hoff/GenomeAnnotation_Workshop_Barcelona/BRAKER3/aug_hints.lst --wrap="#!/bin/bash" --overlap=500000 --chunksize=2500000 --outputdir=/data/classes/ibe_genann2025/users/ibe_hoff/GenomeAnnotation_Workshop_Barcelona/BRAKER3/augustus_tmp --joblist=/data/classes/ibe_genann2025/users/ibe_hoff/GenomeAnnotation_Workshop_Barcelona/BRAKER3/hints.job.lst --jobprefix=aug_hints_ --partitionHints --command "/usr/bin//augustus --species=Sp_1 --AUGUSTUS_CONFIG_PATH=/data/classes/ibe_genann2025/users/ibe_hoff/.augustus --extrinsicCfgFile=/opt/BRAKER/scripts/cfg/etp.cfg --alternatives-from-evidence=true --UTR=off --exonnames=on --codingseq=on --allow_hinted_splicesites=gcag,atac  --softmasking=1" 2>/data/classes/ibe_genann2025/users/ibe_hoff/GenomeAnnotation_Workshop_Barcelona/BRAKER3/errors/createAugustusJoblist_hints.stderr
cd ..
# Wed Apr 30 17:26:21 2025: Running AUGUSTUS jobs from /data/classes/ibe_genann2025/users/ibe_hoff/GenomeAnnotation_Workshop_Barcelona/BRAKER3/hints.job.lst
# Wed Apr 30 17:26:21 2025: Running AUGUSTUS job 1
bash /data/classes/ibe_genann2025/users/ibe_hoff/GenomeAnnotation_Workshop_Barcelona/BRAKER3/aug_hints_1
# Wed Apr 30 17:26:21 2025: Running AUGUSTUS job 2
bash /data/classes/ibe_genann2025/users/ibe_hoff/GenomeAnnotation_Workshop_Barcelona/BRAKER3/aug_hints_2
# Wed Apr 30 17:26:21 2025: Running AUGUSTUS job 3
bash /data/classes/ibe_genann2025/users/ibe_hoff/GenomeAnnotation_Workshop_Barcelona/BRAKER3/aug_hints_3
# Wed Apr 30 17:26:21 2025: Running AUGUSTUS job 4
bash /data/classes/ibe_genann2025/users/ibe_hoff/GenomeAnnotation_Workshop_Barcelona/BRAKER3/aug_hints_4
# Wed Apr 30 17:26:21 2025: Running AUGUSTUS job 5
bash /data/classes/ibe_genann2025/users/ibe_hoff/GenomeAnnotation_Workshop_Barcelona/BRAKER3/aug_hints_5
# Wed Apr 30 17:26:21 2025: Running AUGUSTUS job 6
bash /data/classes/ibe_genann2025/users/ibe_hoff/GenomeAnnotation_Workshop_Barcelona/BRAKER3/aug_hints_6
# Wed Apr 30 17:26:21 2025: Running AUGUSTUS job 7
bash /data/classes/ibe_genann2025/users/ibe_hoff/GenomeAnnotation_Workshop_Barcelona/BRAKER3/aug_hints_7
# Wed Apr 30 17:26:21 2025: Running AUGUSTUS job 8
bash /data/classes/ibe_genann2025/users/ibe_hoff/GenomeAnnotation_Workshop_Barcelona/BRAKER3/aug_hints_8
# Wed Apr 30 17:26:35 2025: Joining AUGUSTUS predictions in directory /data/classes/ibe_genann2025/users/ibe_hoff/GenomeAnnotation_Workshop_Barcelona/BRAKER3/augustus_tmp
# Wed Apr 30 17:26:35 2025: Concatenating AUGUSTUS output files in /data/classes/ibe_genann2025/users/ibe_hoff/GenomeAnnotation_Workshop_Barcelona/BRAKER3/augustus_tmp
cat /data/classes/ibe_genann2025/users/ibe_hoff/GenomeAnnotation_Workshop_Barcelona/BRAKER3/augustus_tmp/5.001.X5.fa.1..125100.gff >> /data/classes/ibe_genann2025/users/ibe_hoff/GenomeAnnotation_Workshop_Barcelona/BRAKER3/augustus.tmp1.gff
cat /data/classes/ibe_genann2025/users/ibe_hoff/GenomeAnnotation_Workshop_Barcelona/BRAKER3/augustus_tmp/4.001.X8.fa.1..124361.gff >> /data/classes/ibe_genann2025/users/ibe_hoff/GenomeAnnotation_Workshop_Barcelona/BRAKER3/augustus.tmp1.gff
cat /data/classes/ibe_genann2025/users/ibe_hoff/GenomeAnnotation_Workshop_Barcelona/BRAKER3/augustus_tmp/7.001.X2.fa.1..125100.gff >> /data/classes/ibe_genann2025/users/ibe_hoff/GenomeAnnotation_Workshop_Barcelona/BRAKER3/augustus.tmp1.gff
cat /data/classes/ibe_genann2025/users/ibe_hoff/GenomeAnnotation_Workshop_Barcelona/BRAKER3/augustus_tmp/6.001.X4.fa.1..125100.gff >> /data/classes/ibe_genann2025/users/ibe_hoff/GenomeAnnotation_Workshop_Barcelona/BRAKER3/augustus.tmp1.gff
cat /data/classes/ibe_genann2025/users/ibe_hoff/GenomeAnnotation_Workshop_Barcelona/BRAKER3/augustus_tmp/8.001.X7.fa.1..125100.gff >> /data/classes/ibe_genann2025/users/ibe_hoff/GenomeAnnotation_Workshop_Barcelona/BRAKER3/augustus.tmp1.gff
cat /data/classes/ibe_genann2025/users/ibe_hoff/GenomeAnnotation_Workshop_Barcelona/BRAKER3/augustus_tmp/1.001.X6.fa.1..125100.gff >> /data/classes/ibe_genann2025/users/ibe_hoff/GenomeAnnotation_Workshop_Barcelona/BRAKER3/augustus.tmp1.gff
cat /data/classes/ibe_genann2025/users/ibe_hoff/GenomeAnnotation_Workshop_Barcelona/BRAKER3/augustus_tmp/2.001.X1.fa.1..125040.gff >> /data/classes/ibe_genann2025/users/ibe_hoff/GenomeAnnotation_Workshop_Barcelona/BRAKER3/augustus.tmp1.gff
cat /data/classes/ibe_genann2025/users/ibe_hoff/GenomeAnnotation_Workshop_Barcelona/BRAKER3/augustus_tmp/3.001.X3.fa.1..125100.gff >> /data/classes/ibe_genann2025/users/ibe_hoff/GenomeAnnotation_Workshop_Barcelona/BRAKER3/augustus.tmp1.gff
/usr/bin/perl /usr/share/augustus/scripts/join_aug_pred.pl < /data/classes/ibe_genann2025/users/ibe_hoff/GenomeAnnotation_Workshop_Barcelona/BRAKER3/augustus.tmp1.gff > /data/classes/ibe_genann2025/users/ibe_hoff/GenomeAnnotation_Workshop_Barcelona/BRAKER3/augustus.hints.gff
# Wed Apr 30 17:26:35 2025: Deleting /data/classes/ibe_genann2025/users/ibe_hoff/GenomeAnnotation_Workshop_Barcelona/BRAKER3/augustus_tmp
# Wed Apr 30 17:26:35 2025: Deleting /data/classes/ibe_genann2025/users/ibe_hoff/GenomeAnnotation_Workshop_Barcelona/BRAKER3/augustus.tmp1.gff
# Wed Apr 30 17:26:35 2025: deleting files from AUGUSTUS parallelization
rm /data/classes/ibe_genann2025/users/ibe_hoff/GenomeAnnotation_Workshop_Barcelona/BRAKER3/aug_hints_7
rm /data/classes/ibe_genann2025/users/ibe_hoff/GenomeAnnotation_Workshop_Barcelona/BRAKER3/aug_hints_5
rm /data/classes/ibe_genann2025/users/ibe_hoff/GenomeAnnotation_Workshop_Barcelona/BRAKER3/aug_hints_6
rm /data/classes/ibe_genann2025/users/ibe_hoff/GenomeAnnotation_Workshop_Barcelona/BRAKER3/aug_hints_1
rm /data/classes/ibe_genann2025/users/ibe_hoff/GenomeAnnotation_Workshop_Barcelona/BRAKER3/aug_hints_3
rm /data/classes/ibe_genann2025/users/ibe_hoff/GenomeAnnotation_Workshop_Barcelona/BRAKER3/aug_hints_8
rm /data/classes/ibe_genann2025/users/ibe_hoff/GenomeAnnotation_Workshop_Barcelona/BRAKER3/aug_hints_2
rm /data/classes/ibe_genann2025/users/ibe_hoff/GenomeAnnotation_Workshop_Barcelona/BRAKER3/aug_hints_4
# Wed Apr 30 17:26:35 2025: Making a gtf file from /data/classes/ibe_genann2025/users/ibe_hoff/GenomeAnnotation_Workshop_Barcelona/BRAKER3/augustus.hints.gff
cat /data/classes/ibe_genann2025/users/ibe_hoff/GenomeAnnotation_Workshop_Barcelona/BRAKER3/augustus.hints.gff | /usr/bin/perl -ne 'if(m/\tAUGUSTUS\t/) {print $_;}' | /usr/bin/perl /usr/share/augustus/scripts/gtf2gff.pl --printExon --out=/data/classes/ibe_genann2025/users/ibe_hoff/GenomeAnnotation_Workshop_Barcelona/BRAKER3/augustus.hints.tmp.gtf 2>/data/classes/ibe_genann2025/users/ibe_hoff/GenomeAnnotation_Workshop_Barcelona/BRAKER3/errors/gtf2gff.augustus.hints.gtf.stderr
# Wed Apr 30 17:26:35 2025: Making a fasta file with protein sequences of /data/classes/ibe_genann2025/users/ibe_hoff/GenomeAnnotation_Workshop_Barcelona/BRAKER3/augustus.hints.gtf
/opt/conda/bin/python3 /usr/share/augustus/scripts/getAnnoFastaFromJoingenes.py -g /data/classes/ibe_genann2025/users/ibe_hoff/GenomeAnnotation_Workshop_Barcelona/BRAKER3/genome.fa -f /data/classes/ibe_genann2025/users/ibe_hoff/GenomeAnnotation_Workshop_Barcelona/BRAKER3/augustus.hints.gtf -o /data/classes/ibe_genann2025/users/ibe_hoff/GenomeAnnotation_Workshop_Barcelona/BRAKER3/augustus.hints 1> /data/classes/ibe_genann2025/users/ibe_hoff/GenomeAnnotation_Workshop_Barcelona/BRAKER3/getAnnoFastaFromJoingenes.augustus.hints_tmp.stdout 2>/data/classes/ibe_genann2025/users/ibe_hoff/GenomeAnnotation_Workshop_Barcelona/BRAKER3/errors/getAnnoFastaFromJoingenes.augustus.hints_tmp.stderr
# Wed Apr 30 17:26:36 2025: Making a fasta file with protein sequences of /data/classes/ibe_genann2025/users/ibe_hoff/GenomeAnnotation_Workshop_Barcelona/BRAKER3/augustus.hints.gtf
/opt/conda/bin/python3 /usr/share/augustus/scripts/getAnnoFastaFromJoingenes.py -g /data/classes/ibe_genann2025/users/ibe_hoff/GenomeAnnotation_Workshop_Barcelona/BRAKER3/genome.fa -f /data/classes/ibe_genann2025/users/ibe_hoff/GenomeAnnotation_Workshop_Barcelona/BRAKER3/augustus.hints.gtf -o /data/classes/ibe_genann2025/users/ibe_hoff/GenomeAnnotation_Workshop_Barcelona/BRAKER3/augustus.hints 1> /data/classes/ibe_genann2025/users/ibe_hoff/GenomeAnnotation_Workshop_Barcelona/BRAKER3/getAnnoFastaFromJoingenes.augustus.hints_hints.stdout 2>/data/classes/ibe_genann2025/users/ibe_hoff/GenomeAnnotation_Workshop_Barcelona/BRAKER3/errors/getAnnoFastaFromJoingenes.augustus.hints_hints.stderr
# Wed Apr 30 17:26:36 2025: AUGUSTUS prediction complete
# Wed Apr 30 17:26:36 2025: Trying to create merged gene set from GeneMark-EX and AUGUSTUS predictions (braker.gtf/braker.utr.gtf)...
# Wed Apr 30 17:26:36 2025: Trying to create combined gene set with TSEBRA...
/opt/TSEBRA/bin/tsebra.py --gtf /data/classes/ibe_genann2025/users/ibe_hoff/GenomeAnnotation_Workshop_Barcelona/BRAKER3/augustus.hints.gtf,/data/classes/ibe_genann2025/users/ibe_hoff/GenomeAnnotation_Workshop_Barcelona/BRAKER3/GeneMark-ETP/genemark.gtf --keep_gtf /data/classes/ibe_genann2025/users/ibe_hoff/GenomeAnnotation_Workshop_Barcelona/BRAKER3/GeneMark-ETP/training.gtf --hintfiles /data/classes/ibe_genann2025/users/ibe_hoff/GenomeAnnotation_Workshop_Barcelona/BRAKER3/hintsfile.gff --cfg /opt/TSEBRA/bin/../config/braker3.cfg --out /data/classes/ibe_genann2025/users/ibe_hoff/GenomeAnnotation_Workshop_Barcelona/BRAKER3/braker.gtf -q 2>/data/classes/ibe_genann2025/users/ibe_hoff/GenomeAnnotation_Workshop_Barcelona/BRAKER3/errors/tsebra.stderr
mv /data/classes/ibe_genann2025/users/ibe_hoff/GenomeAnnotation_Workshop_Barcelona/BRAKER3/braker.gtf /data/classes/ibe_genann2025/users/ibe_hoff/GenomeAnnotation_Workshop_Barcelona/BRAKER3/braker.gtf_temp
# Wed Apr 30 17:26:37 2025: Making a fasta file with protein sequences of /data/classes/ibe_genann2025/users/ibe_hoff/GenomeAnnotation_Workshop_Barcelona/BRAKER3/braker.gtf
/opt/conda/bin/python3 /usr/share/augustus/scripts/getAnnoFastaFromJoingenes.py -g /data/classes/ibe_genann2025/users/ibe_hoff/GenomeAnnotation_Workshop_Barcelona/BRAKER3/genome.fa -f /data/classes/ibe_genann2025/users/ibe_hoff/GenomeAnnotation_Workshop_Barcelona/BRAKER3/braker.gtf -o /data/classes/ibe_genann2025/users/ibe_hoff/GenomeAnnotation_Workshop_Barcelona/BRAKER3/braker 1> /data/classes/ibe_genann2025/users/ibe_hoff/GenomeAnnotation_Workshop_Barcelona/BRAKER3/getAnnoFastaFromJoingenes.braker_.stdout 2>/data/classes/ibe_genann2025/users/ibe_hoff/GenomeAnnotation_Workshop_Barcelona/BRAKER3/errors/getAnnoFastaFromJoingenes.braker_.stderr
# Wed Apr 30 17:26:37 2025: selecting best gene set by BUSCO completeness via compleasm.
# Wed Apr 30 17:26:37 2025: /opt/conda/bin/python3 /opt/TSEBRA/bin/best_by_compleasm.py -m /data/classes/ibe_genann2025/users/ibe_hoff/GenomeAnnotation_Workshop_Barcelona/BRAKER3/bbc -d /data/classes/ibe_genann2025/users/ibe_hoff/GenomeAnnotation_Workshop_Barcelona/BRAKER3 -g /data/classes/ibe_genann2025/users/ibe_hoff/GenomeAnnotation_Workshop_Barcelona/BRAKER3/genome.fa -t 8 -p eukaryota_odb10 -y /opt/TSEBRA/bin/tsebra.py -f /usr/share/augustus/scripts/getAnnoFastaFromJoingenes.py 1> /data/classes/ibe_genann2025/users/ibe_hoff/GenomeAnnotation_Workshop_Barcelona/BRAKER3/best_by_compleasm.log 2> /data/classes/ibe_genann2025/users/ibe_hoff/GenomeAnnotation_Workshop_Barcelona/BRAKER3/errors/best_by_compleasm.err
# Wed Apr 30 17:26:45 2025: best gene set found by compleasm is not the original braker gene set.
# Wed Apr 30 17:26:45 2025: mv /data/classes/ibe_genann2025/users/ibe_hoff/GenomeAnnotation_Workshop_Barcelona/BRAKER3/braker.gtf /data/classes/ibe_genann2025/users/ibe_hoff/GenomeAnnotation_Workshop_Barcelona/BRAKER3/braker_original/braker.gtf
# Wed Apr 30 17:26:45 2025: mv /data/classes/ibe_genann2025/users/ibe_hoff/GenomeAnnotation_Workshop_Barcelona/BRAKER3/braker.aa /data/classes/ibe_genann2025/users/ibe_hoff/GenomeAnnotation_Workshop_Barcelona/BRAKER3/braker_original/braker.aa
# Wed Apr 30 17:26:45 2025: mv /data/classes/ibe_genann2025/users/ibe_hoff/GenomeAnnotation_Workshop_Barcelona/BRAKER3/braker.codingseq /data/classes/ibe_genann2025/users/ibe_hoff/GenomeAnnotation_Workshop_Barcelona/BRAKER3/braker_original/braker.codingseq
# Wed Apr 30 17:26:45 2025: mv /data/classes/ibe_genann2025/users/ibe_hoff/GenomeAnnotation_Workshop_Barcelona/BRAKER3/bbc/better.gtf /data/classes/ibe_genann2025/users/ibe_hoff/GenomeAnnotation_Workshop_Barcelona/BRAKER3/braker.gtf
# Wed Apr 30 17:26:45 2025: mv /data/classes/ibe_genann2025/users/ibe_hoff/GenomeAnnotation_Workshop_Barcelona/BRAKER3/bbc/better.aa /data/classes/ibe_genann2025/users/ibe_hoff/GenomeAnnotation_Workshop_Barcelona/BRAKER3/braker.aa
# Wed Apr 30 17:26:45 2025: mv /data/classes/ibe_genann2025/users/ibe_hoff/GenomeAnnotation_Workshop_Barcelona/BRAKER3/bbc/better.codingseq /data/classes/ibe_genann2025/users/ibe_hoff/GenomeAnnotation_Workshop_Barcelona/BRAKER3/braker.codingseq
# Wed Apr 30 17:26:45 2025: deleting empty files
# Wed Apr 30 17:26:45 2025: find /data/classes/ibe_genann2025/users/ibe_hoff/GenomeAnnotation_Workshop_Barcelona/BRAKER3 -empty
rm /data/classes/ibe_genann2025/users/ibe_hoff/GenomeAnnotation_Workshop_Barcelona/BRAKER3/getAnnoFastaFromJoingenes.braker_.stdout
rm /data/classes/ibe_genann2025/users/ibe_hoff/GenomeAnnotation_Workshop_Barcelona/BRAKER3/mb_downloads/placement_files.done
rm /data/classes/ibe_genann2025/users/ibe_hoff/GenomeAnnotation_Workshop_Barcelona/BRAKER3/mb_downloads/eukaryota_odb10.done
rm /data/classes/ibe_genann2025/users/ibe_hoff/GenomeAnnotation_Workshop_Barcelona/BRAKER3/mb_downloads/file_versions.tsv.done
rm /data/classes/ibe_genann2025/users/ibe_hoff/GenomeAnnotation_Workshop_Barcelona/BRAKER3/getAnnoFastaFromJoingenes.augustus.hints_tmp.stdout
rm /data/classes/ibe_genann2025/users/ibe_hoff/GenomeAnnotation_Workshop_Barcelona/BRAKER3/etrain.bad.lst
rm /data/classes/ibe_genann2025/users/ibe_hoff/GenomeAnnotation_Workshop_Barcelona/BRAKER3/getAnnoFastaFromJoingenes.augustus.hints_hints.stdout
rm /data/classes/ibe_genann2025/users/ibe_hoff/GenomeAnnotation_Workshop_Barcelona/BRAKER3/bbc/better/protein_hmmsearch.done
rm /data/classes/ibe_genann2025/users/ibe_hoff/GenomeAnnotation_Workshop_Barcelona/BRAKER3/bbc/braker/protein_hmmsearch.done
rm /data/classes/ibe_genann2025/users/ibe_hoff/GenomeAnnotation_Workshop_Barcelona/BRAKER3/bbc/genemark/protein_hmmsearch.done
rm /data/classes/ibe_genann2025/users/ibe_hoff/GenomeAnnotation_Workshop_Barcelona/BRAKER3/bbc/augustus/protein_hmmsearch.done
rm /data/classes/ibe_genann2025/users/ibe_hoff/GenomeAnnotation_Workshop_Barcelona/BRAKER3/errors/firstetraining.stderr
rm /data/classes/ibe_genann2025/users/ibe_hoff/GenomeAnnotation_Workshop_Barcelona/BRAKER3/errors/getAnnoFastaFromJoingenes.augustus.hints_tmp.stderr
rm /data/classes/ibe_genann2025/users/ibe_hoff/GenomeAnnotation_Workshop_Barcelona/BRAKER3/errors/gbFilterEtraining.stderr
rm /data/classes/ibe_genann2025/users/ibe_hoff/GenomeAnnotation_Workshop_Barcelona/BRAKER3/errors/join_mult_hints.all.stderr
rm /data/classes/ibe_genann2025/users/ibe_hoff/GenomeAnnotation_Workshop_Barcelona/BRAKER3/errors/gc_content.stderr
rm /data/classes/ibe_genann2025/users/ibe_hoff/GenomeAnnotation_Workshop_Barcelona/BRAKER3/errors/find_python3_re.err
rm /data/classes/ibe_genann2025/users/ibe_hoff/GenomeAnnotation_Workshop_Barcelona/BRAKER3/errors/get_etp_hints.stderr
rm /data/classes/ibe_genann2025/users/ibe_hoff/GenomeAnnotation_Workshop_Barcelona/BRAKER3/errors/getAnnoFastaFromJoingenes.braker_.stderr
rm /data/classes/ibe_genann2025/users/ibe_hoff/GenomeAnnotation_Workshop_Barcelona/BRAKER3/errors/new_species.stderr
rm /data/classes/ibe_genann2025/users/ibe_hoff/GenomeAnnotation_Workshop_Barcelona/BRAKER3/errors/splitMfasta.stderr
rm /data/classes/ibe_genann2025/users/ibe_hoff/GenomeAnnotation_Workshop_Barcelona/BRAKER3/errors/samtools.sort.RNAseq.stdout
rm /data/classes/ibe_genann2025/users/ibe_hoff/GenomeAnnotation_Workshop_Barcelona/BRAKER3/errors/etrainFilterGenes.stderr
rm /data/classes/ibe_genann2025/users/ibe_hoff/GenomeAnnotation_Workshop_Barcelona/BRAKER3/errors/best_by_compleasm.err
rm /data/classes/ibe_genann2025/users/ibe_hoff/GenomeAnnotation_Workshop_Barcelona/BRAKER3/errors/filterGenesIn.stderr
rm /data/classes/ibe_genann2025/users/ibe_hoff/GenomeAnnotation_Workshop_Barcelona/BRAKER3/errors/sortGeneMark.err
rm /data/classes/ibe_genann2025/users/ibe_hoff/GenomeAnnotation_Workshop_Barcelona/BRAKER3/errors/secondtest.stderr
rm /data/classes/ibe_genann2025/users/ibe_hoff/GenomeAnnotation_Workshop_Barcelona/BRAKER3/errors/randomSplit.stderr
rm /data/classes/ibe_genann2025/users/ibe_hoff/GenomeAnnotation_Workshop_Barcelona/BRAKER3/errors/get_etp_hints.stdout
rm /data/classes/ibe_genann2025/users/ibe_hoff/GenomeAnnotation_Workshop_Barcelona/BRAKER3/errors/find_python3_biopython.err
rm /data/classes/ibe_genann2025/users/ibe_hoff/GenomeAnnotation_Workshop_Barcelona/BRAKER3/errors/filterGenesIn_mRNAname.stderr
rm /data/classes/ibe_genann2025/users/ibe_hoff/GenomeAnnotation_Workshop_Barcelona/BRAKER3/errors/traingenes.gtf_gff2gbSmallDNA.stderr
rm /data/classes/ibe_genann2025/users/ibe_hoff/GenomeAnnotation_Workshop_Barcelona/BRAKER3/errors/firsttest.stderr
rm /data/classes/ibe_genann2025/users/ibe_hoff/GenomeAnnotation_Workshop_Barcelona/BRAKER3/errors/gtf2gff.augustus.hints.gtf.stderr
rm /data/classes/ibe_genann2025/users/ibe_hoff/GenomeAnnotation_Workshop_Barcelona/BRAKER3/errors/tsebra.stderr
rm /data/classes/ibe_genann2025/users/ibe_hoff/GenomeAnnotation_Workshop_Barcelona/BRAKER3/errors/secondetraining.stderr
rm /data/classes/ibe_genann2025/users/ibe_hoff/GenomeAnnotation_Workshop_Barcelona/BRAKER3/errors/createAugustusJoblist_hints.stderr
rm /data/classes/ibe_genann2025/users/ibe_hoff/GenomeAnnotation_Workshop_Barcelona/BRAKER3/errors/tsebra_rename.stderr
rm /data/classes/ibe_genann2025/users/ibe_hoff/GenomeAnnotation_Workshop_Barcelona/BRAKER3/errors/getAnnoFastaFromJoingenes.augustus.hints_hints.stderr
# Wed Apr 30 17:26:45 2025: deleting job lst files (if existing)
rm /data/classes/ibe_genann2025/users/ibe_hoff/GenomeAnnotation_Workshop_Barcelona/BRAKER3/nonred.loci.lst
rm /data/classes/ibe_genann2025/users/ibe_hoff/GenomeAnnotation_Workshop_Barcelona/BRAKER3/secondetraining.stdout
rm /data/classes/ibe_genann2025/users/ibe_hoff/GenomeAnnotation_Workshop_Barcelona/BRAKER3/train.gb.train.test
rm /data/classes/ibe_genann2025/users/ibe_hoff/GenomeAnnotation_Workshop_Barcelona/BRAKER3/traingenes.gtf
rm /data/classes/ibe_genann2025/users/ibe_hoff/GenomeAnnotation_Workshop_Barcelona/BRAKER3/tmp_merge_hints.gff
rm /data/classes/ibe_genann2025/users/ibe_hoff/GenomeAnnotation_Workshop_Barcelona/BRAKER3/traingenes.good.nr.fa
rm /data/classes/ibe_genann2025/users/ibe_hoff/GenomeAnnotation_Workshop_Barcelona/BRAKER3/train.gb.train.train
rm /data/classes/ibe_genann2025/users/ibe_hoff/GenomeAnnotation_Workshop_Barcelona/BRAKER3/aug_hints.lst
rm /data/classes/ibe_genann2025/users/ibe_hoff/GenomeAnnotation_Workshop_Barcelona/BRAKER3/train.f.gb
rm /data/classes/ibe_genann2025/users/ibe_hoff/GenomeAnnotation_Workshop_Barcelona/BRAKER3/train.gb.test
rm /data/classes/ibe_genann2025/users/ibe_hoff/GenomeAnnotation_Workshop_Barcelona/BRAKER3/train.gb.train
rm /data/classes/ibe_genann2025/users/ibe_hoff/GenomeAnnotation_Workshop_Barcelona/BRAKER3/hints.job.lst
rm /data/classes/ibe_genann2025/users/ibe_hoff/GenomeAnnotation_Workshop_Barcelona/BRAKER3/augustus.hints.tmp.gtf
rm /data/classes/ibe_genann2025/users/ibe_hoff/GenomeAnnotation_Workshop_Barcelona/BRAKER3/train.ff.gb
rm /data/classes/ibe_genann2025/users/ibe_hoff/GenomeAnnotation_Workshop_Barcelona/BRAKER3/aa2nonred.stdout
rm /data/classes/ibe_genann2025/users/ibe_hoff/GenomeAnnotation_Workshop_Barcelona/BRAKER3/traingenes.good.fa
rm /data/classes/ibe_genann2025/users/ibe_hoff/GenomeAnnotation_Workshop_Barcelona/BRAKER3/traingenes.good.gtf
rm /data/classes/ibe_genann2025/users/ibe_hoff/GenomeAnnotation_Workshop_Barcelona/BRAKER3/tmp_no_merge_hints.gff
rm /data/classes/ibe_genann2025/users/ibe_hoff/GenomeAnnotation_Workshop_Barcelona/BRAKER3/gbFilterEtraining.stdout
rm /data/classes/ibe_genann2025/users/ibe_hoff/GenomeAnnotation_Workshop_Barcelona/BRAKER3/firstetraining.stdout
/usr/bin/perl /opt/BRAKER/scripts/braker_cleanup.pl --wdir=/data/classes/ibe_genann2025/users/ibe_hoff/GenomeAnnotation_Workshop_Barcelona/BRAKER3
Deleting file /data/classes/ibe_genann2025/users/ibe_hoff/GenomeAnnotation_Workshop_Barcelona/BRAKER3/firsttest.stdout
Deleting file /data/classes/ibe_genann2025/users/ibe_hoff/GenomeAnnotation_Workshop_Barcelona/BRAKER3/genome.fa
Deleting file /data/classes/ibe_genann2025/users/ibe_hoff/GenomeAnnotation_Workshop_Barcelona/BRAKER3/secondtest.stdout
Deleting file /data/classes/ibe_genann2025/users/ibe_hoff/GenomeAnnotation_Workshop_Barcelona/BRAKER3/train.gb
Deleting file /data/classes/ibe_genann2025/users/ibe_hoff/GenomeAnnotation_Workshop_Barcelona/BRAKER3/GeneMark-ETP/proteins.fa/model/set.out
Deleting file /data/classes/ibe_genann2025/users/ibe_hoff/GenomeAnnotation_Workshop_Barcelona/BRAKER3/GeneMark-ETP/proteins.fa/model/parse.es_c
Deleting file /data/classes/ibe_genann2025/users/ibe_hoff/GenomeAnnotation_Workshop_Barcelona/BRAKER3/GeneMark-ETP/proteins.fa/model/non.seq
Deleting file /data/classes/ibe_genann2025/users/ibe_hoff/GenomeAnnotation_Workshop_Barcelona/BRAKER3/GeneMark-ETP/proteins.fa/nonhc/nonhc.fasta
Deleting file /data/classes/ibe_genann2025/users/ibe_hoff/GenomeAnnotation_Workshop_Barcelona/BRAKER3/GeneMark-ETP/rnaseq/hints/proteins.fa/prothint/nuc.fasta
Deleting file /data/classes/ibe_genann2025/users/ibe_hoff/GenomeAnnotation_Workshop_Barcelona/BRAKER3/augustus.hints.gff
Deleting file /data/classes/ibe_genann2025/users/ibe_hoff/GenomeAnnotation_Workshop_Barcelona/BRAKER3/proteins.fa
Deleting file /data/classes/ibe_genann2025/users/ibe_hoff/GenomeAnnotation_Workshop_Barcelona/BRAKER3/compleasm_hints.gff
Deleting file /data/classes/ibe_genann2025/users/ibe_hoff/GenomeAnnotation_Workshop_Barcelona/BRAKER3/braker.gtf_temp
Deleting file /data/classes/ibe_genann2025/users/ibe_hoff/GenomeAnnotation_Workshop_Barcelona/BRAKER3/gc_content.out
Deleting directory /data/classes/ibe_genann2025/users/ibe_hoff/GenomeAnnotation_Workshop_Barcelona/BRAKER3/GeneMark-ETP/etp_data
Deleting directory /data/classes/ibe_genann2025/users/ibe_hoff/GenomeAnnotation_Workshop_Barcelona/BRAKER3/GeneMark-ETP/rnaseq/gmst/
Deleting directory /data/classes/ibe_genann2025/users/ibe_hoff/GenomeAnnotation_Workshop_Barcelona/BRAKER3/GeneMark-ETP/rnaseq/hisat2/
Deleting directory /data/classes/ibe_genann2025/users/ibe_hoff/GenomeAnnotation_Workshop_Barcelona/BRAKER3/GeneMark-ETP/arx
Deleting directory /data/classes/ibe_genann2025/users/ibe_hoff/GenomeAnnotation_Workshop_Barcelona/BRAKER3/GeneMark-ETP/proteins.fa/hc/regions/
Deleting directory /data/classes/ibe_genann2025/users/ibe_hoff/GenomeAnnotation_Workshop_Barcelona/BRAKER3/GeneMark-ETP/proteins.fa/nonhc/prothint
Deleting directory /data/classes/ibe_genann2025/users/ibe_hoff/GenomeAnnotation_Workshop_Barcelona/BRAKER3/GeneMark-ETP/rnaseq/hints/proteins.fa/prothint/Spaln
Deleting directory /data/classes/ibe_genann2025/users/ibe_hoff/GenomeAnnotation_Workshop_Barcelona/BRAKER3/GeneMark-ETP/proteins.fa/nonhc/for_prothint
Deleting directory /data/classes/ibe_genann2025/users/ibe_hoff/GenomeAnnotation_Workshop_Barcelona/BRAKER3/GeneMark-ETP/proteins.fa/nonhc/pred_m
Deleting directory /data/classes/ibe_genann2025/users/ibe_hoff/GenomeAnnotation_Workshop_Barcelona/BRAKER3/GeneMark-ETP/proteins.fa/nonhc/regions
Deleting directory /data/classes/ibe_genann2025/users/ibe_hoff/GenomeAnnotation_Workshop_Barcelona/BRAKER3/GeneMark-ETP/proteins.fa/etr
Deleting directory /data/classes/ibe_genann2025/users/ibe_hoff/GenomeAnnotation_Workshop_Barcelona/BRAKER3/GeneMark-ETP/rnaseq/hints/proteins.fa/prothint/diamond
Deleting directory /data/classes/ibe_genann2025/users/ibe_hoff/GenomeAnnotation_Workshop_Barcelona/BRAKER3/GeneMark-ETP/data
Deleting directory /data/classes/ibe_genann2025/users/ibe_hoff/GenomeAnnotation_Workshop_Barcelona/BRAKER3/mb_downloads
#**********************************************************************************
#                               BRAKER RUN FINISHED                                
#**********************************************************************************
